{
  "stats": {
    "suites": 1,
    "tests": 1,
    "passes": 1,
    "pending": 0,
    "failures": 0,
    "start": "2018-09-10T14:06:46.324Z",
    "end": "2018-09-10T14:07:05.244Z",
    "duration": 18920,
    "testsRegistered": 1,
    "passPercent": 100,
    "pendingPercent": 0,
    "other": 0,
    "hasOther": false,
    "skipped": 0,
    "hasSkipped": false,
    "passPercentClass": "success",
    "pendingPercentClass": "danger"
  },
  "suites": {
    "uuid": "39483e08-bfca-47b2-8a17-dd7da589c4f4",
    "title": "",
    "fullFile": "",
    "file": "",
    "beforeHooks": [],
    "afterHooks": [],
    "tests": [],
    "suites": [
      {
        "uuid": "3f66b872-28ac-44ed-9b5b-515c6490970f",
        "title": "MET",
        "fullFile": "/Users/hamster/codecept/MET_links_test.js",
        "file": "/MET_links_test.js",
        "beforeHooks": [
          {
            "title": "\"before all\" hook: codeceptjs.beforeSuite",
            "fullTitle": "MET \"before all\" hook: codeceptjs.beforeSuite",
            "timedOut": false,
            "duration": 0,
            "pass": false,
            "fail": false,
            "pending": false,
            "code": "scenario.suiteSetup(suite)",
            "err": {},
            "isRoot": false,
            "uuid": "c2f85d1d-d4a3-4d32-8a4c-b2e024ed862f",
            "isHook": true,
            "skipped": false
          },
          {
            "title": "\"before each\" hook: codeceptjs.before",
            "fullTitle": "MET \"before each\" hook: codeceptjs.before",
            "timedOut": false,
            "duration": 3366,
            "pass": false,
            "fail": false,
            "pending": false,
            "code": "scenario.setup(suite)",
            "err": {},
            "isRoot": false,
            "uuid": "c0c3c239-e752-48b4-a0b3-58fe7441e4ac",
            "isHook": true,
            "skipped": false
          }
        ],
        "afterHooks": [
          {
            "title": "\"after all\" hook: codeceptjs.afterSuite",
            "fullTitle": "MET \"after all\" hook: codeceptjs.afterSuite",
            "timedOut": false,
            "duration": 0,
            "pass": false,
            "fail": false,
            "pending": false,
            "code": "scenario.suiteTeardown(suite)",
            "err": {},
            "isRoot": false,
            "uuid": "09613db0-154e-4185-9d44-db19ecc595cd",
            "isHook": true,
            "skipped": false
          },
          {
            "title": "\"after each\" hook: finalize codeceptjs",
            "fullTitle": "MET \"after each\" hook: finalize codeceptjs",
            "timedOut": false,
            "duration": 177,
            "pass": false,
            "fail": false,
            "pending": false,
            "code": "scenario.teardown(suite)",
            "err": {},
            "isRoot": false,
            "uuid": "e069002d-cfbd-4c9c-9898-16dfdaee0572",
            "isHook": true,
            "skipped": false
          }
        ],
        "tests": [
          {
            "title": "test links",
            "fullTitle": "MET: test links",
            "timedOut": false,
            "duration": 15373,
            "state": "passed",
            "speed": "slow",
            "pass": true,
            "fail": false,
            "pending": false,
            "code": "I.amOnPage('https://metpromko.ru/');\nI.click('//*[@id=\"cities-popup\"]/div/div/span');\nI.see('Оформить заказ');\nI.amOnPage('https://metpromko.ru/onepagecheckout/');\nI.see('КОРЗИНА ПУСТА');\nI.amOnPage('https://metpromko.ru/about/');\nI.see('О КОМПАНИИ');\nI.amOnPage('https://metpromko.ru/contacts/');\nI.see('Внимание! Компания Метпромко');\nI.amOnPage('https://metpromko.ru/dostavka/');\nI.see('Компания Метпромко доставляет');\nI.amOnPage('https://metpromko.ru/oplata/');\nI.seeInSource('\"std\">Оплата');\nI.amOnPage('https://metpromko.ru/uslugi/');\nI.see('Компания Метпромко является');\nI.click('//*[@id=\"menu-icon\"]');\nI.see('Металлопрокат');\nI.see('Труба');\nI.see('Лист');",
            "err": {},
            "isRoot": false,
            "uuid": "f304a747-31a5-41ac-803c-0adf9db7b740",
            "isHook": false,
            "skipped": false
          }
        ],
        "suites": [],
        "passes": [
          "f304a747-31a5-41ac-803c-0adf9db7b740"
        ],
        "failures": [],
        "pending": [],
        "skipped": [],
        "duration": 15373,
        "root": false,
        "rootEmpty": false,
        "_timeout": 0
      }
    ],
    "passes": [],
    "failures": [],
    "pending": [],
    "skipped": [],
    "duration": 0,
    "root": true,
    "rootEmpty": true,
    "_timeout": 0
  },
  "copyrightYear": 2018
}