{
  "stats": {
    "suites": 1,
    "tests": 4,
    "passes": 4,
    "pending": 0,
    "failures": 0,
    "start": "2018-09-14T09:08:13.317Z",
    "end": "2018-09-14T09:09:23.969Z",
    "duration": 70652,
    "testsRegistered": 4,
    "passPercent": 100,
    "pendingPercent": 0,
    "other": 0,
    "hasOther": false,
    "skipped": 0,
    "hasSkipped": false,
    "passPercentClass": "success",
    "pendingPercentClass": "danger"
  },
  "suites": {
    "uuid": "7be64ea8-ea7d-4f3e-a0fd-66bf8bdceb28",
    "title": "",
    "fullFile": "",
    "file": "",
    "beforeHooks": [],
    "afterHooks": [],
    "tests": [],
    "suites": [
      {
        "uuid": "d3f05026-a1da-41bc-88a9-8d9c6ed87ec1",
        "title": "MET",
        "fullFile": "/Users/hamster/codecept/MET_test.js",
        "file": "/MET_test.js",
        "beforeHooks": [
          {
            "title": "\"before all\" hook: codeceptjs.beforeSuite",
            "fullTitle": "MET \"before all\" hook: codeceptjs.beforeSuite",
            "timedOut": false,
            "duration": 0,
            "pass": false,
            "fail": false,
            "pending": false,
            "code": "scenario.suiteSetup(suite)",
            "err": {},
            "isRoot": false,
            "uuid": "fe5fae29-72e7-4df0-8e0c-615617b7d75e",
            "isHook": true,
            "skipped": false
          },
          {
            "title": "\"before each\" hook: codeceptjs.before",
            "fullTitle": "MET \"before each\" hook: codeceptjs.before",
            "timedOut": false,
            "duration": 3334,
            "pass": false,
            "fail": false,
            "pending": false,
            "code": "scenario.setup(suite)",
            "err": {},
            "isRoot": false,
            "uuid": "5770327c-25fc-4e3d-bf98-e525e6bcdacc",
            "isHook": true,
            "skipped": false
          }
        ],
        "afterHooks": [
          {
            "title": "\"after all\" hook: codeceptjs.afterSuite",
            "fullTitle": "MET \"after all\" hook: codeceptjs.afterSuite",
            "timedOut": false,
            "duration": 0,
            "pass": false,
            "fail": false,
            "pending": false,
            "code": "scenario.suiteTeardown(suite)",
            "err": {},
            "isRoot": false,
            "uuid": "36375cab-71c2-40b7-876b-45ee560b6784",
            "isHook": true,
            "skipped": false
          },
          {
            "title": "\"after each\" hook: finalize codeceptjs",
            "fullTitle": "MET \"after each\" hook: finalize codeceptjs",
            "timedOut": false,
            "duration": 310,
            "pass": false,
            "fail": false,
            "pending": false,
            "code": "scenario.teardown(suite)",
            "err": {},
            "isRoot": false,
            "uuid": "902afe4f-8356-460a-a4aa-758595fabc73",
            "isHook": true,
            "skipped": false
          }
        ],
        "tests": [
          {
            "title": "test links",
            "fullTitle": "MET: test links",
            "timedOut": false,
            "duration": 15355,
            "state": "passed",
            "speed": "slow",
            "pass": true,
            "fail": false,
            "pending": false,
            "code": "I.amOnPage('https://metpromko.ru/');\nI.click('//*[@id=\"cities-popup\"]/div/div/span');\nI.see('Оформить заказ');\nI.amOnPage('https://metpromko.ru/onepagecheckout/');\nI.see('КОРЗИНА ПУСТА');\nI.amOnPage('https://metpromko.ru/about/');\nI.see('О КОМПАНИИ');\nI.amOnPage('https://metpromko.ru/contacts/');\nI.see('Внимание! Компания Метпромко');\nI.amOnPage('https://metpromko.ru/dostavka/');\nI.see('Компания Метпромко доставляет');\nI.amOnPage('https://metpromko.ru/oplata/');\nI.seeInSource('\"std\">Оплата');\nI.amOnPage('https://metpromko.ru/uslugi/');\nI.see('Компания Метпромко является');\nI.click('//*[@id=\"menu-icon\"]');\nI.see('Металлопрокат');\nI.see('Труба');\nI.see('Лист');",
            "err": {},
            "isRoot": false,
            "uuid": "74f0034d-e2e9-45e4-8498-f4f4e34b4cbd",
            "isHook": false,
            "skipped": false
          },
          {
            "title": "test login",
            "fullTitle": "MET: test login",
            "timedOut": false,
            "duration": 8507,
            "state": "passed",
            "speed": "slow",
            "pass": true,
            "fail": false,
            "pending": false,
            "code": "I.amOnPage('https://metpromko.ru/');\nI.click('//*[@id=\"cities-popup\"]/div/div/span');\nI.amOnPage('https://metpromko.ru/customer/account/login/');\nI.see('СТРАНИЦА АВТОРИЗАЦИИ');\nI.click('//*[@id=\"send2\"]');\nI.see('Это поле обязательно для заполнения.');\nI.fillField(\"input[name='login[username]']\", \"tolik_kos@ail.ru\");\nI.fillField(\"input[name='login[password]']\", \"feq\");\nI.click('//*[@id=\"send2\"]');\nI.retry({ retries: 10, minTimeout: 1000 }).see('Please enter 6 or more characters without leading or trailing spaces.');\nI.retry({ retries: 10, minTimeout: 1000 }).fillField(\"input[name='login[username]']\", \"tolik_kos@mail.ru\");\nI.retry({ retries: 10, minTimeout: 1000 }).fillField(\"input[name='login[password]']\", \"feq0ZYI\");\nI.retry({ retries: 10, minTimeout: 1000 }).click('//*[@id=\"send2\"]');\nI.retry({ retries: 10, minTimeout: 1000 }).click('//*[@id=\"send2\"]');\nI.retry({ retries: 10, minTimeout: 1000 }).see('Неверный адрес электронной почты (email) или пароль.');\nI.retry({ retries: 10, minTimeout: 1000 }).fillField(\"input[name='login[username]']\", \"tolik_kos@mail.ru\");\nI.retry({ retries: 10, minTimeout: 1000 }).fillField(\"input[name='login[password]']\", \"feq0ZYIc\");\nI.retry({ retries: 10, minTimeout: 1000 }).click('//*[@id=\"send2\"]');\nI.retry({ retries: 10, minTimeout: 1000 }).see('Выйти');\nI.see('Моя учётная запись');",
            "err": {},
            "isRoot": false,
            "uuid": "5e2f1c2b-c38d-4c9b-bb9b-f4d25996fc38",
            "isHook": false,
            "skipped": false
          },
          {
            "title": "test registration",
            "fullTitle": "MET: test registration",
            "timedOut": false,
            "duration": 6096,
            "state": "passed",
            "speed": "slow",
            "pass": true,
            "fail": false,
            "pending": false,
            "code": "I.amOnPage('https://metpromko.ru/');\nI.click('//*[@id=\"cities-popup\"]/div/div/span');\nI.amOnPage('https://metpromko.ru/customer/account/login/');\nI.see('СТРАНИЦА АВТОРИЗАЦИИ');\nI.retry({ retries: 10, minTimeout: 1000 }).click('//*[@id=\"login-form\"]/div/div/div[2]/div/div/div/button');\nI.retry({ retries: 10, minTimeout: 1000 }).click('//*[@id=\"header-account\"]/div[2]/div/div/div[4]/div/button');\nI.retry({ retries: 10, minTimeout: 1000 }).see('First name is required!');\nI.retry({ retries: 10, minTimeout: 1000 }).see('Last name is required!');\nI.retry({ retries: 10, minTimeout: 1000 }).see('Email address is required!');\nI.retry({ retries: 10, minTimeout: 1000 }).see('Password is required!');\nI.retry({ retries: 10, minTimeout: 1000 }).see('Terms and Conditions are required!');\nI.retry({ retries: 10, minTimeout: 1000 }).fillField('//*[@id=\"youama-firstname\"]','111');\nI.retry({ retries: 10, minTimeout: 1000 }).fillField('//*[@id=\"youama-lastname\"]','111');\nI.retry({ retries: 10, minTimeout: 1000 }).click('//*[@id=\"header-account\"]/div[2]/div/div/div[4]/div/button');",
            "err": {},
            "isRoot": false,
            "uuid": "9d822a51-578a-4164-92cb-e5e903561cf9",
            "isHook": false,
            "skipped": false
          },
          {
            "title": "screenshots",
            "fullTitle": "MET: screenshots",
            "timedOut": false,
            "duration": 25253,
            "state": "passed",
            "speed": "slow",
            "pass": true,
            "fail": false,
            "pending": false,
            "context": "[\n  \"/Users/hamster/codecept/output/MET_main.png\",\n  \"/Users/hamster/codecept/output/MET_checkout.png\",\n  \"/Users/hamster/codecept/output/MET_contacts.png\",\n  \"/Users/hamster/codecept/output/MET_about.png\",\n  \"/Users/hamster/codecept/output/MET_dostavka.png\",\n  \"/Users/hamster/codecept/output/MET_oplata.png\",\n  \"/Users/hamster/codecept/output/MET_uslugi.png\",\n  \"/Users/hamster/codecept/output/MET_login.png\",\n  \"/Users/hamster/codecept/output/MET_registration.png\",\n  \"/Users/hamster/codecept/output/MET_catalog.png\"\n]",
            "code": "I.amOnPage('https://metpromko.ru/');\nI.click('//*[@id=\"cities-popup\"]/div/div/span');\nI.wait(1);\nI.saveScreenshot('MET_main.png');\nI.addMochawesomeContext('/Users/hamster/codecept/output/MET_main.png');\nI.amOnPage('https://metpromko.ru/checkout/cart/');\nI.saveScreenshot('MET_checkout.png');\nI.addMochawesomeContext('/Users/hamster/codecept/output/MET_checkout.png');\nI.amOnPage('https://metpromko.ru/contacts');\nI.saveScreenshot('MET_contacts.png');\nI.addMochawesomeContext('/Users/hamster/codecept/output/MET_contacts.png');\nI.amOnPage('https://metpromko.ru/about/');\nI.saveScreenshot('MET_about.png');\nI.addMochawesomeContext('/Users/hamster/codecept/output/MET_about.png');\nI.amOnPage('https://metpromko.ru/dostavka/');\nI.saveScreenshot('MET_dostavka.png');\nI.addMochawesomeContext('/Users/hamster/codecept/output/MET_dostavka.png');\nI.amOnPage('https://metpromko.ru/oplata/');\nI.saveScreenshot('MET_oplata.png');\nI.addMochawesomeContext('/Users/hamster/codecept/output/MET_oplata.png');\nI.amOnPage('https://metpromko.ru/uslugi/');\nI.saveScreenshot('MET_uslugi.png');\nI.addMochawesomeContext('/Users/hamster/codecept/output/MET_uslugi.png');\nI.amOnPage('https://metpromko.ru/customer/account/login/');\nI.saveScreenshot('MET_login.png');\nI.addMochawesomeContext('/Users/hamster/codecept/output/MET_login.png');\nI.click('//*[@id=\"login-form\"]/div/div/div[2]/div/div/div/button');\nI.wait(1);\nI.saveScreenshot('MET_registration.png');\nI.addMochawesomeContext('/Users/hamster/codecept/output/MET_registration.png');\nI.amOnPage('https://metpromko.ru/metalloprokat');\nI.wait(4);\nI.saveScreenshot('MET_catalog.png');\nI.addMochawesomeContext('/Users/hamster/codecept/output/MET_catalog.png');",
            "err": {},
            "isRoot": false,
            "uuid": "e63502d9-e1e6-4466-a74d-10e5f9410e99",
            "isHook": false,
            "skipped": false
          }
        ],
        "suites": [],
        "passes": [
          "74f0034d-e2e9-45e4-8498-f4f4e34b4cbd",
          "5e2f1c2b-c38d-4c9b-bb9b-f4d25996fc38",
          "9d822a51-578a-4164-92cb-e5e903561cf9",
          "e63502d9-e1e6-4466-a74d-10e5f9410e99"
        ],
        "failures": [],
        "pending": [],
        "skipped": [],
        "duration": 55211,
        "root": false,
        "rootEmpty": false,
        "_timeout": 0
      }
    ],
    "passes": [],
    "failures": [],
    "pending": [],
    "skipped": [],
    "duration": 0,
    "root": true,
    "rootEmpty": true,
    "_timeout": 0
  },
  "copyrightYear": 2018
}