{
  "stats": {
    "suites": 10,
    "tests": 37,
    "passes": 28,
    "pending": 0,
    "failures": 9,
    "start": "2018-10-17T12:35:22.671Z",
    "end": "2018-10-17T13:17:32.311Z",
    "duration": 2529640,
    "testsRegistered": 37,
    "passPercent": 75.7,
    "pendingPercent": 0,
    "other": 0,
    "hasOther": false,
    "skipped": 0,
    "hasSkipped": false,
    "passPercentClass": "warning",
    "pendingPercentClass": "danger"
  },
  "suites": {
    "uuid": "fbbfea04-b257-4786-8db1-9bbb4796f2d4",
    "title": "",
    "fullFile": "",
    "file": "",
    "beforeHooks": [],
    "afterHooks": [],
    "tests": [],
    "suites": [
      {
        "uuid": "d3353f01-34dc-41df-82e0-ceeab5b9ead4",
        "title": "CANON",
        "fullFile": "/Users/hamster/codecept/CANON_test.js",
        "file": "/CANON_test.js",
        "beforeHooks": [
          {
            "title": "\"before all\" hook: codeceptjs.beforeSuite",
            "fullTitle": "CANON \"before all\" hook: codeceptjs.beforeSuite",
            "timedOut": false,
            "duration": 0,
            "pass": false,
            "fail": false,
            "pending": false,
            "code": "scenario.suiteSetup(suite)",
            "err": {},
            "isRoot": false,
            "uuid": "b805f705-cbc4-4ec9-99a5-53ec3cc7d837",
            "isHook": true,
            "skipped": false
          },
          {
            "title": "\"before each\" hook: codeceptjs.before",
            "fullTitle": "CANON \"before each\" hook: codeceptjs.before",
            "timedOut": false,
            "duration": 4407,
            "pass": false,
            "fail": false,
            "pending": false,
            "code": "scenario.setup(suite)",
            "err": {},
            "isRoot": false,
            "uuid": "6c088170-4da1-440a-9eec-9ea1b381aad0",
            "isHook": true,
            "skipped": false
          }
        ],
        "afterHooks": [
          {
            "title": "\"after all\" hook: codeceptjs.afterSuite",
            "fullTitle": "CANON \"after all\" hook: codeceptjs.afterSuite",
            "timedOut": false,
            "duration": 0,
            "pass": false,
            "fail": false,
            "pending": false,
            "code": "scenario.suiteTeardown(suite)",
            "err": {},
            "isRoot": false,
            "uuid": "1812ba8a-4149-43a3-aa19-fb52053f6c9e",
            "isHook": true,
            "skipped": false
          },
          {
            "title": "\"after each\" hook: finalize codeceptjs",
            "fullTitle": "CANON \"after each\" hook: finalize codeceptjs",
            "timedOut": false,
            "duration": 1038,
            "pass": false,
            "fail": false,
            "pending": false,
            "code": "scenario.teardown(suite)",
            "err": {},
            "isRoot": false,
            "uuid": "9fbae6b3-387e-4a58-8599-9df1553ebf94",
            "isHook": true,
            "skipped": false
          }
        ],
        "tests": [
          {
            "title": "test links",
            "fullTitle": "CANON: test links",
            "timedOut": false,
            "duration": 25123,
            "state": "passed",
            "speed": "slow",
            "pass": true,
            "fail": false,
            "pending": false,
            "context": "[\n  \"/Users/hamster/codecept/mochawesome-report/CANON_main.png\",\n  \"/Users/hamster/codecept/mochawesome-report/CANON_menu.png\",\n  \"/Users/hamster/codecept/mochawesome-report/CANON_catalog.png\",\n  \"/Users/hamster/codecept/mochawesome-report/CANON_login.png\",\n  \"/Users/hamster/codecept/mochawesome-report/CANON_registration.png\",\n  \"/Users/hamster/codecept/mochawesome-report/CANON_emptyCart.png\",\n  \"/Users/hamster/codecept/mochawesome-report/CANON_about.png\",\n  \"/Users/hamster/codecept/mochawesome-report/CANON_kak-kupit.png\",\n  \"/Users/hamster/codecept/mochawesome-report/CANON_soglashenie.png\",\n  \"/Users/hamster/codecept/mochawesome-report/CANON_politika.png\",\n  \"/Users/hamster/codecept/mochawesome-report/CANON_pravila.png\",\n  \"/Users/hamster/codecept/mochawesome-report/CANON_questions.png\",\n  \"/Users/hamster/codecept/mochawesome-report/CANON_dostavka.png\",\n  \"/Users/hamster/codecept/mochawesome-report/CANON_vozvrat.png\",\n  \"/Users/hamster/codecept/mochawesome-report/CANON_kontakty.png\"\n]",
            "code": "I.amOnPage('https://store.canon.ru/');\nI.retry({ retries: 10, minTimeout: 1000 }).see('Больше новостей и акций');\nI.saveScreenshot('CANON_main.png');\nI.addMochawesomeContext('/Users/hamster/codecept/mochawesome-report/CANON_main.png');\nI.retry({ retries: 10, minTimeout: 1000 }).click('//*[@id=\"nav-toggle\"]');\nI.retry({ retries: 10, minTimeout: 1000 }).see('ФОТОАППАРАТЫ');\nI.retry({ retries: 10, minTimeout: 1000 }).click('//*[@id=\"ui-id-3\"]');\nI.retry({ retries: 10, minTimeout: 1000 }).see('Новинки');\nI.saveScreenshot('CANON_menu.png');\nI.addMochawesomeContext('/Users/hamster/codecept/mochawesome-report/CANON_menu.png');\nI.retry({ retries: 10, minTimeout: 1000 }).click('//*[@id=\"ui-id-11\"]');\nI.retry({ retries: 10, minTimeout: 1000 }).seeInSource('\"page-title-wrapper\">Новинки');\nI.saveScreenshot('CANON_catalog.png');\nI.addMochawesomeContext('/Users/hamster/codecept/mochawesome-report/CANON_catalog.png');\nI.retry({ retries: 10, minTimeout: 1000 }).click('//*[@id=\"nav-toggle\"]');\nI.retry({ retries: 10, minTimeout: 1000 }).click('/html/body/div[1]/div/div/div[3]');\nI.retry({ retries: 10, minTimeout: 1000 }).click('//*[@id=\"store.links\"]/ul/li[2]/a');\nI.retry({ retries: 10, minTimeout: 1000 }).see('Вход для клиентов');\nI.saveScreenshot('CANON_login.png');\nI.addMochawesomeContext('/Users/hamster/codecept/mochawesome-report/CANON_login.png');\nI.retry({ retries: 10, minTimeout: 1000 }).click('//*[@id=\"maincontent\"]/div[4]/div/div[2]/div[2]/div[2]/div/div/a');\nI.retry({ retries: 10, minTimeout: 1000 }).see('Создать новый аккаунт');\nI.saveScreenshot('CANON_registration.png');\nI.addMochawesomeContext('/Users/hamster/codecept/mochawesome-report/CANON_registration.png');\nI.retry({ retries: 10, minTimeout: 1000 }).click('//*[@id=\"header-right\"]/div[2]/a');\nI.retry({ retries: 10, minTimeout: 1000 }).see('У Вас нет товаров в корзине.');\nI.saveScreenshot('CANON_emptyCart.png');\nI.addMochawesomeContext('/Users/hamster/codecept/mochawesome-report/CANON_emptyCart.png');\nI.retry({ retries: 10, minTimeout: 1000 }).click('/html/body/div[1]/footer/div/div[2]/ul/li[1]/a');\nI.retry({ retries: 10, minTimeout: 1000 }).see('Компания Canon - мировой лидер');\nI.saveScreenshot('CANON_about.png');\nI.addMochawesomeContext('/Users/hamster/codecept/mochawesome-report/CANON_about.png');\nI.retry({ retries: 10, minTimeout: 1000 }).click('/html/body/div[1]/footer/div/div[2]/ul/li[2]/a');\nI.retry({ retries: 10, minTimeout: 1000 }).see('Выбрать товар в интернет-магазине ');\nI.saveScreenshot('CANON_kak-kupit.png');\nI.addMochawesomeContext('/Users/hamster/codecept/mochawesome-report/CANON_kak-kupit.png');\nI.retry({ retries: 10, minTimeout: 1000 }).click('/html/body/div[1]/footer/div/div[2]/ul/li[3]/a');\nI.retry({ retries: 10, minTimeout: 1000 }).see('Основные понятия');\nI.saveScreenshot('CANON_soglashenie.png');\nI.addMochawesomeContext('/Users/hamster/codecept/mochawesome-report/CANON_soglashenie.png');\nI.retry({ retries: 10, minTimeout: 1000 }).click('/html/body/div[1]/footer/div/div[2]/ul/li[4]/a');\nI.retry({ retries: 10, minTimeout: 1000 }).see('Настоящая Политика');\nI.saveScreenshot('CANON_politika.png');\nI.addMochawesomeContext('/Users/hamster/codecept/mochawesome-report/CANON_politika.png');\nI.retry({ retries: 10, minTimeout: 1000 }).click('/html/body/div[1]/footer/div/div[2]/ul/li[5]/a');\nI.retry({ retries: 10, minTimeout: 1000 }).see('Изготовитель предоставляет');\nI.saveScreenshot('CANON_pravila.png');\nI.addMochawesomeContext('/Users/hamster/codecept/mochawesome-report/CANON_pravila.png');\nI.retry({ retries: 10, minTimeout: 1000 }).click('/html/body/div[1]/footer/div/div[2]/ul/li[6]/a');\nI.retry({ retries: 10, minTimeout: 1000 }).see('Интернет-магазин');\nI.saveScreenshot('CANON_questions.png');\nI.addMochawesomeContext('/Users/hamster/codecept/mochawesome-report/CANON_questions.png');\nI.retry({ retries: 10, minTimeout: 1000 }).click('/html/body/div[1]/footer/div/div[2]/ul/li[7]/a');\nI.retry({ retries: 10, minTimeout: 1000 }).see('Уважаемые покупатели,');\nI.saveScreenshot('CANON_dostavka.png');\nI.addMochawesomeContext('/Users/hamster/codecept/mochawesome-report/CANON_dostavka.png');\nI.retry({ retries: 10, minTimeout: 1000 }).click('/html/body/div[1]/footer/div/div[2]/ul/li[8]/a');\nI.retry({ retries: 10, minTimeout: 1000 }).see('Возврат товара надлежащего качества');\nI.saveScreenshot('CANON_vozvrat.png');\nI.addMochawesomeContext('/Users/hamster/codecept/mochawesome-report/CANON_vozvrat.png');\nI.retry({ retries: 10, minTimeout: 1000 }).click('/html/body/div[1]/footer/div/div[2]/ul/li[9]/a');\nI.retry({ retries: 10, minTimeout: 1000 }).see('АДРЕС ОФИСА');\nI.saveScreenshot('CANON_kontakty.png');\nI.addMochawesomeContext('/Users/hamster/codecept/mochawesome-report/CANON_kontakty.png');",
            "err": {},
            "isRoot": false,
            "uuid": "290151fd-8f02-467b-8aae-bf6bcd8a9713",
            "isHook": false,
            "skipped": false
          },
          {
            "title": "test login",
            "fullTitle": "CANON: test login",
            "timedOut": false,
            "duration": 79699,
            "state": "failed",
            "pass": false,
            "fail": true,
            "pending": false,
            "context": "\"test_login.failed.png\"",
            "code": "I.amOnPage('https://store.canon.ru/');\nI.retry({ retries: 10, minTimeout: 1000 }).click('//*[@id=\"nav-toggle\"]');\nI.retry({ retries: 10, minTimeout: 1000 }).click('/html/body/div[1]/div/div/div[3]');\nI.retry({ retries: 10, minTimeout: 1000 }).click('//*[@id=\"store.links\"]/ul/li[2]/a');\nI.retry({ retries: 10, minTimeout: 1000 }).see('Вход для клиентов');\nI.retry({ retries: 10, minTimeout: 1000 }).click('//*[@id=\"send2\"]');\nI.retry({ retries: 10, minTimeout: 1000 }).see('Это обязательное поле.');\nI.retry({ retries: 10, minTimeout: 1000 }).fillField('//*[@id=\"email\"]', \"tolik_kosmal.ru\");\nI.retry({ retries: 10, minTimeout: 1000 }).fillField('//*[@id=\"pass\"]', \"feq0Z\");\nI.retry({ retries: 10, minTimeout: 1000 }).click('//*[@id=\"send2\"]');\nI.retry({ retries: 10, minTimeout: 1000 }).see('Введите действительный адрес');\nI.retry({ retries: 10, minTimeout: 1000 }).fillField('//*[@id=\"email\"]', \"tolik_kos@mail.ru\");\nI.retry({ retries: 10, minTimeout: 1000 }).fillField('//*[@id=\"pass\"]', \"feq0Z\");\nI.retry({ retries: 10, minTimeout: 1000 }).click('//*[@id=\"send2\"]');\nI.retry({ retries: 10, minTimeout: 1000 }).see('Вы ввели неверные данные');\nI.retry({ retries: 10, minTimeout: 1000 }).fillField('//*[@id=\"email\"]', \"tolik_kos@mail.ru\");\nI.retry({ retries: 10, minTimeout: 1000 }).fillField('//*[@id=\"pass\"]', \"feq0ZYIc\");\nI.retry({ retries: 10, minTimeout: 1000 }).click('//*[@id=\"send2\"]');\nI.wait(3);\nI.retry({ retries: 10, minTimeout: 1000 }).click('//*[@id=\"nav-toggle\"]');\nI.retry({ retries: 10, minTimeout: 1000 }).click('/html/body/div[1]/div/div/div[3]');\nI.retry({ retries: 10, minTimeout: 1000 }).click('//*[@id=\"store.links\"]/ul/li[2]/div/ul/li[1]/a');\nI.retry({ retries: 10, minTimeout: 1000 }).see('Личный кабинет');\nI.saveScreenshot('CANON_account.png');\nI.addMochawesomeContext('/Users/hamster/codecept/mochawesome-report/CANON_account.png');",
            "err": {
              "message": "Error: expected web page to include \"Введите действительный адрес\"",
              "estack": "expected web page to include \"Введите действительный адрес\"\n\nScenario Steps:\n\n- I.see(\"Введите действительный адрес\") at Object.obj.(anonymous function).obj.(anonymous function) [as see] (node_modules/codeceptjs/lib/actor.js:28:26)\n- I.click(\"//*[@id=\"send2\"]\") at Object.obj.(anonymous function).obj.(anonymous function) [as click] (node_modules/codeceptjs/lib/actor.js:28:26)\n- I.fillField(\"//*[@id=\"pass\"]\", \"feq0Z\") at Object.obj.(anonymous function).obj.(anonymous function) [as fillField] (node_modules/codeceptjs/lib/actor.js:28:26)\n- I.fillField(\"//*[@id=\"email\"]\", \"tolik_kosmal.ru\") at Object.obj.(anonymous function).obj.(anonymous function) [as fillField] (node_modules/codeceptjs/lib/actor.js:28:26)\n- I.see(\"Это обязательное поле.\") at Object.obj.(anonymous function).obj.(anonymous function) [as see] (node_modules/codeceptjs/lib/actor.js:28:26)\n- I.click(\"//*[@id=\"send2\"]\") at Object.obj.(anonymous function).obj.(anonymous function) [as click] (node_modules/codeceptjs/lib/actor.js:28:26)\n- I.see(\"Вход для клиентов\") at Object.obj.(anonymous function).obj.(anonymous function) [as see] (node_modules/codeceptjs/lib/actor.js:28:26)\n- I.see(\"Вход для клиентов\") at Object.obj.(anonymous function).obj.(anonymous function) [as see] (node_modules/codeceptjs/lib/actor.js:28:26)\n- I.click(\"//*[@id=\"store.links\"]/ul/li[2]/a\") at Object.obj.(anonymous function).obj.(anonymous function) [as click] (node_modules/codeceptjs/lib/actor.js:28:26)\n- I.click(\"/html/body/div[1]/div/div/div[3]\") at Object.obj.(anonymous function).obj.(anonymous function) [as click] (node_modules/codeceptjs/lib/actor.js:28:26)\n- I.click(\"/html/body/div[1]/div/div/div[3]\") at Object.obj.(anonymous function).obj.(anonymous function) [as click] (node_modules/codeceptjs/lib/actor.js:28:26)\n- I.click(\"//*[@id=\"nav-toggle\"]\") at Object.obj.(anonymous function).obj.(anonymous function) [as click] (node_modules/codeceptjs/lib/actor.js:28:26)\n- I.amOnPage(\"https://store.canon.ru/\") at Object.obj.(anonymous function).obj.(anonymous function) [as amOnPage] (node_modules/codeceptjs/lib/actor.js:28:26)\n\n",
              "diff": "- Переключить Nav\n- Моя корзина\n- Вход для клиентов\n- Зарегистрированные клиенты\n- Если у Вас уже есть аккаунт, войдите с помощью своего адреса email.\n- Электронная почта\n- Пожалуйста, введите действующий email-адрес (например: maria@domain.ru).\n- Пароль\n- Запомнить меня Что это?\n- ВОЙТИ\n- --( 21 lines more )---\n+ Введите действительный адрес\n"
            },
            "isRoot": false,
            "uuid": "d2c3ad61-d127-4af2-b534-2914603ca5ee",
            "isHook": false,
            "skipped": false
          },
          {
            "title": "test order",
            "fullTitle": "CANON: test order",
            "timedOut": false,
            "duration": 97107,
            "state": "failed",
            "pass": false,
            "fail": true,
            "pending": false,
            "context": "\"test_order.failed.png\"",
            "code": "I.amOnPage('https://store.canon.ru/fotobumaga-plus-glossy-ii-pp-201-4h6-10h15-sm-50-listov.html');\nI.retry({ retries: 10, minTimeout: 1000 }).fillField('//*[@id=\"qty\"]', '1');\nI.retry({ retries: 10, minTimeout: 1000 }).click('//*[@id=\"product-addtocart-button\"]');\nI.retry({ retries: 10, minTimeout: 1000 }).see(\"в Вашу корзину.\");\nI.retry({ retries: 10, minTimeout: 1000 }).click('//*[@id=\"header-right\"]/div[2]/a');\nI.wait(3);\nI.retry({ retries: 10, minTimeout: 1000 }).click('//*[@id=\"minicart-content-wrapper\"]/div[2]/div[5]/div/a');\nI.wait(3);\nI.retry({ retries: 10, minTimeout: 1000 }).fillField(\"input[class='input-text qty']\", ' ');\nI.retry({ retries: 10, minTimeout: 1000 }).click('//*[@id=\"form-validate\"]/div[2]/button[2]');\nI.wait(3);\nI.retry({ retries: 10, minTimeout: 1000 }).see(\"Это обязательное поле.\");\nI.retry({ retries: 10, minTimeout: 1000 }).fillField(\"input[class='input-text qty mage-error']\", '0');\nI.retry({ retries: 10, minTimeout: 1000 }).click('//*[@id=\"form-validate\"]/div[2]/button[2]');\nI.wait(3);\nI.retry({ retries: 10, minTimeout: 1000 }).see(\"Пожалуйста, введите число больше 0 в этом поле.\");\nI.retry({ retries: 10, minTimeout: 1000 }).fillField(\"input[class='input-text qty mage-error']\", '0.1');\nI.retry({ retries: 10, minTimeout: 1000 }).click('//*[@id=\"form-validate\"]/div[2]/button[2]');\nI.wait(3);\nI.retry({ retries: 10, minTimeout: 1000 }).see(\"Самое меньшее, что вы можете купить, это 1.\");\nI.retry({ retries: 10, minTimeout: 1000 }).fillField(\"input[class='input-text qty']\", '999');\nI.retry({ retries: 10, minTimeout: 1000 }).click('//*[@id=\"form-validate\"]/div[2]/button[2]');\nI.retry({ retries: 10, minTimeout: 1000 }).see(\"нет в таком количестве на складе.\");\nI.retry({ retries: 10, minTimeout: 1000 }).fillField(\"input[class='input-text qty']\", '9999');\nI.retry({ retries: 10, minTimeout: 1000 }).click('//*[@id=\"form-validate\"]/div[2]/button[2]');\nI.retry({ retries: 10, minTimeout: 1000 }).see(\"Самое большее, что вы можете купить, это1000.\");\nI.retry({ retries: 10, minTimeout: 1000 }).click('//*[@id=\"form-validate\"]/div[2]/button[2]');\nI.retry({ retries: 10, minTimeout: 1000 }).click('//*[@id=\"discount-coupon-form\"]/div/div[2]/div/button');\nI.retry({ retries: 10, minTimeout: 1000 }).see(\"Это обязательное поле.\");\nI.retry({ retries: 10, minTimeout: 1000 }).fillField('//*[@id=\"coupon_code\"]', '9999');\nI.retry({ retries: 10, minTimeout: 1000 }).click('//*[@id=\"discount-coupon-form\"]/div/div[2]/div/button');\nI.retry({ retries: 10, minTimeout: 1000 }).see(\"Код купона\");\nI.retry({ retries: 10, minTimeout: 1000 }).fillField(\"input[class='input-text qty']\", '1');\nI.retry({ retries: 10, minTimeout: 1000 }).click('//*[@id=\"form-validate\"]/div[2]/button[2]');\nI.retry({ retries: 10, minTimeout: 1000 }).click('//*[@id=\"maincontent\"]/div[4]/div/div[2]/div[1]/ul/li[1]/button');\nI.retry({ retries: 10, minTimeout: 1000 }).see(\"ОФОРМЛЕНИЕ ЗАКАЗА\");\nI.saveScreenshot('CANON_order.png');\nI.addMochawesomeContext('/Users/hamster/codecept/mochawesome-report/CANON_order.png');",
            "err": {
              "message": "Error: expected web page to include \"Самое меньшее, что вы можете купить, это 1.\"",
              "estack": "expected web page to include \"Самое меньшее, что вы можете купить, это 1.\"\n\nScenario Steps:\n\n- I.see(\"Самое меньшее, что вы можете купить, это 1.\") at Object.obj.(anonymous function).obj.(anonymous function) [as see] (node_modules/codeceptjs/lib/actor.js:28:26)\n- I.wait(3) at Object.obj.(anonymous function).obj.(anonymous function) [as wait] (node_modules/codeceptjs/lib/actor.js:28:26)\n- I.click(\"//*[@id=\"form-validate\"]/div[2]/button[2]\") at Object.obj.(anonymous function).obj.(anonymous function) [as click] (node_modules/codeceptjs/lib/actor.js:28:26)\n- I.fillField(\"input[class='input-text qty mage-error']\", \"0.1\") at Object.obj.(anonymous function).obj.(anonymous function) [as fillField] (node_modules/codeceptjs/lib/actor.js:28:26)\n- I.see(\"Пожалуйста, введите число больше 0 в этом поле.\") at Object.obj.(anonymous function).obj.(anonymous function) [as see] (node_modules/codeceptjs/lib/actor.js:28:26)\n- I.wait(3) at Object.obj.(anonymous function).obj.(anonymous function) [as wait] (node_modules/codeceptjs/lib/actor.js:28:26)\n- I.click(\"//*[@id=\"form-validate\"]/div[2]/button[2]\") at Object.obj.(anonymous function).obj.(anonymous function) [as click] (node_modules/codeceptjs/lib/actor.js:28:26)\n- I.fillField(\"input[class='input-text qty mage-error']\", \"0\") at Object.obj.(anonymous function).obj.(anonymous function) [as fillField] (node_modules/codeceptjs/lib/actor.js:28:26)\n- I.see(\"Это обязательное поле.\") at Object.obj.(anonymous function).obj.(anonymous function) [as see] (node_modules/codeceptjs/lib/actor.js:28:26)\n- I.wait(3) at Object.obj.(anonymous function).obj.(anonymous function) [as wait] (node_modules/codeceptjs/lib/actor.js:28:26)\n- I.click(\"//*[@id=\"form-validate\"]/div[2]/button[2]\") at Object.obj.(anonymous function).obj.(anonymous function) [as click] (node_modules/codeceptjs/lib/actor.js:28:26)\n- I.fillField(\"input[class='input-text qty']\", \" \") at Object.obj.(anonymous function).obj.(anonymous function) [as fillField] (node_modules/codeceptjs/lib/actor.js:28:26)\n- I.wait(3) at Object.obj.(anonymous function).obj.(anonymous function) [as wait] (node_modules/codeceptjs/lib/actor.js:28:26)\n- I.click(\"//*[@id=\"minicart-content-wrapper\"]/div[2]/div[5]/div/a\") at Object.obj.(anonymous function).obj.(anonymous function) [as click] (node_modules/codeceptjs/lib/actor.js:28:26)\n- I.wait(3) at Object.obj.(anonymous function).obj.(anonymous function) [as wait] (node_modules/codeceptjs/lib/actor.js:28:26)\n- I.click(\"//*[@id=\"header-right\"]/div[2]/a\") at Object.obj.(anonymous function).obj.(anonymous function) [as click] (node_modules/codeceptjs/lib/actor.js:28:26)\n- I.see(\"в Вашу корзину.\") at Object.obj.(anonymous function).obj.(anonymous function) [as see] (node_modules/codeceptjs/lib/actor.js:28:26)\n- I.see(\"в Вашу корзину.\") at Object.obj.(anonymous function).obj.(anonymous function) [as see] (node_modules/codeceptjs/lib/actor.js:28:26)\n- I.click(\"//*[@id=\"product-addtocart-button\"]\") at Object.obj.(anonymous function).obj.(anonymous function) [as click] (node_modules/codeceptjs/lib/actor.js:28:26)\n- I.fillField(\"//*[@id=\"qty\"]\", \"1\") at Object.obj.(anonymous function).obj.(anonymous function) [as fillField] (node_modules/codeceptjs/lib/actor.js:28:26)\n- I.amOnPage(\"https://store.canon.ru/fotobumaga-plus-glossy-ii-pp-201-4h6-10h15-sm-50-listov.html\") at Object.obj.(anonymous function).obj.(anonymous function) [as amOnPage] (node_modules/codeceptjs/lib/actor.js:28:26)\n\n",
              "diff": "- Переключить Nav\n- Моя корзина\n- 2\n- 2\n- Корзина\n- \n- Подытог 590 ₽\n- НДС 90 ₽\n- Итого 590 ₽\n- ОФОРМИТЬ ЗАКАЗ\n- --( 30 lines more )---\n+ Самое меньшее, что вы можете купить, это 1.\n"
            },
            "isRoot": false,
            "uuid": "64f185a3-c1ae-47e7-bb19-25224a4205e1",
            "isHook": false,
            "skipped": false
          },
          {
            "title": "test registration",
            "fullTitle": "CANON: test registration",
            "timedOut": false,
            "duration": 81658,
            "state": "failed",
            "pass": false,
            "fail": true,
            "pending": false,
            "context": "\"test_registration.failed.png\"",
            "code": "I.amOnPage('https://store.canon.ru/');\nI.retry({ retries: 10, minTimeout: 1000 }).click('//*[@id=\"nav-toggle\"]');\nI.retry({ retries: 10, minTimeout: 1000 }).click('/html/body/div[1]/div/div/div[3]');\nI.retry({ retries: 10, minTimeout: 1000 }).click('//*[@id=\"store.links\"]/ul/li[3]/a');\nI.retry({ retries: 10, minTimeout: 1000 }).see('Создать новый аккаунт');\nI.retry({ retries: 10, minTimeout: 1000 }).click('//*[@id=\"canon-agreement-checkbox\"]');\nI.retry({ retries: 10, minTimeout: 1000 }).click('//*[@id=\"canon-fz-checkbox\"]');\nI.retry({ retries: 10, minTimeout: 1000 }).click('//*[@id=\"form-validate\"]/div/div[1]/button');\nI.retry({ retries: 10, minTimeout: 1000 }).see('Это обязательное поле.');\nI.retry({ retries: 10, minTimeout: 1000 }).fillField('//*[@id=\"firstname\"]', \"tolik_kosmal.ru\");\nI.retry({ retries: 10, minTimeout: 1000 }).fillField('//*[@id=\"lastname\"]', \"tolik_kosmal.ru\");\nI.retry({ retries: 10, minTimeout: 1000 }).fillField('//*[@id=\"email_address\"]', \"tolik_kosmal.ru\");\nI.retry({ retries: 10, minTimeout: 1000 }).fillField('//*[@id=\"password\"]', \"feq\");\nI.retry({ retries: 10, minTimeout: 1000 }).fillField('//*[@id=\"password-confirmation\"]', \"fe\");\nI.retry({ retries: 10, minTimeout: 1000 }).fillField('//*[@id=\"captcha_user_create\"]', \"tolik_kosmal.ru\");\nI.retry({ retries: 10, minTimeout: 1000 }).click('//*[@id=\"form-validate\"]/div/div[1]/button');\nI.retry({ retries: 10, minTimeout: 1000 }).see('Введите действительный адрес ');\nI.retry({ retries: 10, minTimeout: 1000 }).see('Минимальная длина');\nI.retry({ retries: 10, minTimeout: 1000 }).see('Введите одно и тоже значение');\nI.retry({ retries: 10, minTimeout: 1000 }).fillField('//*[@id=\"firstname\"]', \"tolik_kosmal.ru\");\nI.retry({ retries: 10, minTimeout: 1000 }).fillField('//*[@id=\"lastname\"]', \"tolik_kosmal.ru\");\nI.retry({ retries: 10, minTimeout: 1000 }).fillField('//*[@id=\"email_address\"]', \"tolik_kos@mail.ru\");\nI.retry({ retries: 10, minTimeout: 1000 }).fillField('//*[@id=\"password\"]', \"feq0ZYIc\");\nI.retry({ retries: 10, minTimeout: 1000 }).fillField('//*[@id=\"password-confirmation\"]', \"feq0ZYIc\");\nI.retry({ retries: 10, minTimeout: 1000 }).fillField('//*[@id=\"captcha_user_create\"]', \"tolik_kosmal.ru\");\nI.retry({ retries: 10, minTimeout: 1000 }).click('//*[@id=\"form-validate\"]/div/div[1]/button');\nI.retry({ retries: 10, minTimeout: 1000 }).see('Вы уже зарегистрированы');",
            "err": {
              "message": "Error: expected web page to include \"Введите действительный адрес \"",
              "estack": "expected web page to include \"Введите действительный адрес \"\n\nScenario Steps:\n\n- I.see(\"Введите действительный адрес \") at Object.obj.(anonymous function).obj.(anonymous function) [as see] (node_modules/codeceptjs/lib/actor.js:28:26)\n- I.click(\"//*[@id=\"form-validate\"]/div/div[1]/button\") at Object.obj.(anonymous function).obj.(anonymous function) [as click] (node_modules/codeceptjs/lib/actor.js:28:26)\n- I.fillField(\"//*[@id=\"captcha_user_create\"]\", \"tolik_kosmal.ru\") at Object.obj.(anonymous function).obj.(anonymous function) [as fillField] (node_modules/codeceptjs/lib/actor.js:28:26)\n- I.fillField(\"//*[@id=\"password-confirmation\"]\", \"fe\") at Object.obj.(anonymous function).obj.(anonymous function) [as fillField] (node_modules/codeceptjs/lib/actor.js:28:26)\n- I.fillField(\"//*[@id=\"password\"]\", \"feq\") at Object.obj.(anonymous function).obj.(anonymous function) [as fillField] (node_modules/codeceptjs/lib/actor.js:28:26)\n- I.fillField(\"//*[@id=\"email_address\"]\", \"tolik_kosmal.ru\") at Object.obj.(anonymous function).obj.(anonymous function) [as fillField] (node_modules/codeceptjs/lib/actor.js:28:26)\n- I.fillField(\"//*[@id=\"lastname\"]\", \"tolik_kosmal.ru\") at Object.obj.(anonymous function).obj.(anonymous function) [as fillField] (node_modules/codeceptjs/lib/actor.js:28:26)\n- I.fillField(\"//*[@id=\"firstname\"]\", \"tolik_kosmal.ru\") at Object.obj.(anonymous function).obj.(anonymous function) [as fillField] (node_modules/codeceptjs/lib/actor.js:28:26)\n- I.see(\"Это обязательное поле.\") at Object.obj.(anonymous function).obj.(anonymous function) [as see] (node_modules/codeceptjs/lib/actor.js:28:26)\n- I.click(\"//*[@id=\"form-validate\"]/div/div[1]/button\") at Object.obj.(anonymous function).obj.(anonymous function) [as click] (node_modules/codeceptjs/lib/actor.js:28:26)\n- I.click(\"//*[@id=\"canon-fz-checkbox\"]\") at Object.obj.(anonymous function).obj.(anonymous function) [as click] (node_modules/codeceptjs/lib/actor.js:28:26)\n- I.click(\"//*[@id=\"canon-agreement-checkbox\"]\") at Object.obj.(anonymous function).obj.(anonymous function) [as click] (node_modules/codeceptjs/lib/actor.js:28:26)\n- I.see(\"Создать новый аккаунт\") at Object.obj.(anonymous function).obj.(anonymous function) [as see] (node_modules/codeceptjs/lib/actor.js:28:26)\n- I.see(\"Создать новый аккаунт\") at Object.obj.(anonymous function).obj.(anonymous function) [as see] (node_modules/codeceptjs/lib/actor.js:28:26)\n- I.click(\"//*[@id=\"store.links\"]/ul/li[3]/a\") at Object.obj.(anonymous function).obj.(anonymous function) [as click] (node_modules/codeceptjs/lib/actor.js:28:26)\n- I.click(\"/html/body/div[1]/div/div/div[3]\") at Object.obj.(anonymous function).obj.(anonymous function) [as click] (node_modules/codeceptjs/lib/actor.js:28:26)\n- I.click(\"//*[@id=\"nav-toggle\"]\") at Object.obj.(anonymous function).obj.(anonymous function) [as click] (node_modules/codeceptjs/lib/actor.js:28:26)\n- I.amOnPage(\"https://store.canon.ru/\") at Object.obj.(anonymous function).obj.(anonymous function) [as amOnPage] (node_modules/codeceptjs/lib/actor.js:28:26)\n\n",
              "diff": "- Переключить Nav\n- Моя корзина\n- Создать новый аккаунт\n- Личная информация\n- \n- Имя\n- Фамилия\n- Подписаться на рассылку\n- Информация о регистрации\n- \n- --( 30 lines more )---\n+ Введите действительный адрес \n"
            },
            "isRoot": false,
            "uuid": "69823b9b-b671-4c92-a5e0-23b241b52773",
            "isHook": false,
            "skipped": false
          },
          {
            "title": "test search",
            "fullTitle": "CANON: test search",
            "timedOut": false,
            "duration": 5853,
            "state": "passed",
            "speed": "slow",
            "pass": true,
            "fail": false,
            "pending": false,
            "context": "\"/Users/hamster/codecept/mochawesome-report/CANON_search_results.png\"",
            "code": "I.amOnPage('https://store.canon.ru/');\nI.retry({ retries: 10, minTimeout: 1000 }).click('//*[@id=\"popup-search-button\"]/div');\nI.fillField('//*[@id=\"search\"]', 'фото');\nI.retry({ retries: 10, minTimeout: 1000 }).click('//*[@id=\"search_mini_form\"]/div[2]/button');\nI.retry({ retries: 10, minTimeout: 1000 }).see(\"Результаты поиска для: 'фото'\");\nI.saveScreenshot('CANON_search_results.png');\nI.addMochawesomeContext('/Users/hamster/codecept/mochawesome-report/CANON_search_results.png');",
            "err": {},
            "isRoot": false,
            "uuid": "1f0345a1-c11d-4625-9d40-ac38eb814320",
            "isHook": false,
            "skipped": false
          },
          {
            "title": "test wishlist",
            "fullTitle": "CANON: test wishlist",
            "timedOut": false,
            "duration": 9543,
            "state": "passed",
            "speed": "slow",
            "pass": true,
            "fail": false,
            "pending": false,
            "code": "I.amOnPage('https://store.canon.ru/');\nI.retry({ retries: 10, minTimeout: 1000 }).click('//*[@id=\"nav-toggle\"]');\nI.retry({ retries: 10, minTimeout: 1000 }).click('/html/body/div[1]/div/div/div[3]');\nI.retry({ retries: 10, minTimeout: 1000 }).click('//*[@id=\"store.links\"]/ul/li[2]/a');\nI.retry({ retries: 10, minTimeout: 1000 }).see('Вход для клиентов');\nI.retry({ retries: 10, minTimeout: 1000 }).fillField('//*[@id=\"email\"]', \"tolik_kos@mail.ru\");\nI.retry({ retries: 10, minTimeout: 1000 }).fillField('//*[@id=\"pass\"]', \"feq0ZYIc\");\nI.retry({ retries: 10, minTimeout: 1000 }).click('//*[@id=\"send2\"]');\nI.wait(3);\nI.retry({ retries: 10, minTimeout: 1000 }).click('//*[@id=\"nav-toggle\"]');\nI.retry({ retries: 10, minTimeout: 1000 }).click('/html/body/div[1]/div/div/div[3]');\nI.retry({ retries: 10, minTimeout: 1000 }).click('//*[@id=\"store.links\"]/ul/li[2]/div/ul/li[2]/a');\nI.retry({ retries: 10, minTimeout: 1000 }).see('Мое избранное');",
            "err": {},
            "isRoot": false,
            "uuid": "2383a055-858b-438e-8488-aa3f4c85c9af",
            "isHook": false,
            "skipped": false
          }
        ],
        "suites": [],
        "passes": [
          "290151fd-8f02-467b-8aae-bf6bcd8a9713",
          "1f0345a1-c11d-4625-9d40-ac38eb814320",
          "2383a055-858b-438e-8488-aa3f4c85c9af"
        ],
        "failures": [
          "d2c3ad61-d127-4af2-b534-2914603ca5ee",
          "64f185a3-c1ae-47e7-bb19-25224a4205e1",
          "69823b9b-b671-4c92-a5e0-23b241b52773"
        ],
        "pending": [],
        "skipped": [],
        "duration": 298983,
        "root": false,
        "rootEmpty": false,
        "_timeout": 0
      },
      {
        "uuid": "b5c492d1-8218-4544-b9b0-df767b9c5a65",
        "title": "ELC",
        "fullFile": "/Users/hamster/codecept/ELC_test.js",
        "file": "/ELC_test.js",
        "beforeHooks": [
          {
            "title": "\"before all\" hook: codeceptjs.beforeSuite",
            "fullTitle": "ELC \"before all\" hook: codeceptjs.beforeSuite",
            "timedOut": false,
            "duration": 0,
            "pass": false,
            "fail": false,
            "pending": false,
            "code": "scenario.suiteSetup(suite)",
            "err": {},
            "isRoot": false,
            "uuid": "5dd321e3-b7d2-45f5-86ea-451097dba44c",
            "isHook": true,
            "skipped": false
          },
          {
            "title": "\"before each\" hook: codeceptjs.before",
            "fullTitle": "ELC \"before each\" hook: codeceptjs.before",
            "timedOut": false,
            "duration": 4317,
            "pass": false,
            "fail": false,
            "pending": false,
            "code": "scenario.setup(suite)",
            "err": {},
            "isRoot": false,
            "uuid": "6e42a6da-3e0d-43c2-a959-7301a424fd73",
            "isHook": true,
            "skipped": false
          }
        ],
        "afterHooks": [
          {
            "title": "\"after all\" hook: codeceptjs.afterSuite",
            "fullTitle": "ELC \"after all\" hook: codeceptjs.afterSuite",
            "timedOut": false,
            "duration": 0,
            "pass": false,
            "fail": false,
            "pending": false,
            "code": "scenario.suiteTeardown(suite)",
            "err": {},
            "isRoot": false,
            "uuid": "b010a489-76a7-4815-a219-349bf31ceede",
            "isHook": true,
            "skipped": false
          },
          {
            "title": "\"after each\" hook: finalize codeceptjs",
            "fullTitle": "ELC \"after each\" hook: finalize codeceptjs",
            "timedOut": false,
            "duration": 1094,
            "pass": false,
            "fail": false,
            "pending": false,
            "code": "scenario.teardown(suite)",
            "err": {},
            "isRoot": false,
            "uuid": "ae6fe46f-b5b4-460f-a31a-a82637d76fcd",
            "isHook": true,
            "skipped": false
          }
        ],
        "tests": [
          {
            "title": "test links",
            "fullTitle": "ELC: test links",
            "timedOut": false,
            "duration": 79971,
            "state": "failed",
            "pass": false,
            "fail": true,
            "pending": false,
            "context": "\"test_links.failed.png\"",
            "code": "I.amOnPage('https://www.elc-russia.ru/');\nI.retry({ retries: 10, minTimeout: 1000 }).click('//*[@id=\"page\"]/div/a');\nI.retry({ retries: 10, minTimeout: 1000 }).see('Бренды');\nI.see('Вступить в клуб');\nI.see('Задать вопрос');\nI.see('Войти');\nI.see('Регистрация');\nI.see('Новинки');\nI.see('Магазины');\nI.retry({ retries: 10, minTimeout: 1000 }).click('//*[@id=\"menu\"]/div[2]/a[3]');\nI.retry({ retries: 10, minTimeout: 1000 }).click('//*[@id=\"titleOpenReview\"]');\nI.retry({ retries: 10, minTimeout: 1000 }).click('//*[@id=\"mm-0\"]/div[9]/div/div[2]/ul/li[1]/div/ul/li[1]/a');\nI.retry({ retries: 10, minTimeout: 1000 }).see('Доставка осуществляется по территории России.');\nI.click('//*[@id=\"titleOpenReview\"]');\nI.retry({ retries: 10, minTimeout: 1000 }).click('//*[@id=\"mm-0\"]/div[9]/div/div[2]/ul/li[1]/div/ul/li[2]/a');\nI.retry({ retries: 10, minTimeout: 1000 }).see('Возврат товара в интернет-магазин Elc-russia.ru');\nI.click('//*[@id=\"titleOpenReview\"]');\nI.retry({ retries: 10, minTimeout: 1000 }).click('//*[@id=\"mm-0\"]/div[9]/div/div[2]/ul/li[1]/div/ul/li[3]/a');\nI.retry({ retries: 10, minTimeout: 1000 }).see('Публичная оферта');\nI.click('//*[@id=\"titleOpenReview\"]');\nI.retry({ retries: 10, minTimeout: 1000 }).click('//*[@id=\"mm-0\"]/div[9]/div/div[2]/ul/li[1]/div/ul/li[5]/a');\nI.retry({ retries: 10, minTimeout: 1000 }).see('Карта сайта');\nI.click('//*[@id=\"titleOpenReview\"]');\nI.retry({ retries: 10, minTimeout: 1000 }).click('//*[@id=\"mm-0\"]/div[9]/div/div[2]/ul/li[1]/div/ul/li[6]/a');\nI.retry({ retries: 10, minTimeout: 1000 }).see('Зайти через учетную запись OpenID');",
            "err": {
              "message": "Error: Clickable element //*[@id=\"mm-0\"]/div[9]/div/div[2]/ul/li[1]/div/ul/li[1]/a was not found by text|CSS|XPath",
              "estack": "Clickable element //*[@id=\"mm-0\"]/div[9]/div/div[2]/ul/li[1]/div/ul/li[1]/a was not found by text|CSS|XPath\n\nScenario Steps:\n\n- I.click(\"//*[@id=\"mm-0\"]/div[9]/div/div[2]/ul/li[1]/div/ul/li[1]/a\") at Object.obj.(anonymous function).obj.(anonymous function) [as click] (node_modules/codeceptjs/lib/actor.js:28:26)\n- I.click(\"//*[@id=\"titleOpenReview\"]\") at Object.obj.(anonymous function).obj.(anonymous function) [as click] (node_modules/codeceptjs/lib/actor.js:28:26)\n- I.click(\"//*[@id=\"titleOpenReview\"]\") at Object.obj.(anonymous function).obj.(anonymous function) [as click] (node_modules/codeceptjs/lib/actor.js:28:26)\n- I.click(\"//*[@id=\"menu\"]/div[2]/a[3]\") at Object.obj.(anonymous function).obj.(anonymous function) [as click] (node_modules/codeceptjs/lib/actor.js:28:26)\n- I.see(\"Магазины\") at Object.obj.(anonymous function).obj.(anonymous function) [as see] (node_modules/codeceptjs/lib/actor.js:28:26)\n- I.see(\"Новинки\") at Object.obj.(anonymous function).obj.(anonymous function) [as see] (node_modules/codeceptjs/lib/actor.js:28:26)\n- I.see(\"Регистрация\") at Object.obj.(anonymous function).obj.(anonymous function) [as see] (node_modules/codeceptjs/lib/actor.js:28:26)\n- I.see(\"Войти\") at Object.obj.(anonymous function).obj.(anonymous function) [as see] (node_modules/codeceptjs/lib/actor.js:28:26)\n- I.see(\"Задать вопрос\") at Object.obj.(anonymous function).obj.(anonymous function) [as see] (node_modules/codeceptjs/lib/actor.js:28:26)\n- I.see(\"Вступить в клуб\") at Object.obj.(anonymous function).obj.(anonymous function) [as see] (node_modules/codeceptjs/lib/actor.js:28:26)\n- I.see(\"Бренды\") at Object.obj.(anonymous function).obj.(anonymous function) [as see] (node_modules/codeceptjs/lib/actor.js:28:26)\n- I.click(\"//*[@id=\"page\"]/div/a\") at Object.obj.(anonymous function).obj.(anonymous function) [as click] (node_modules/codeceptjs/lib/actor.js:28:26)\n- I.amOnPage(\"https://www.elc-russia.ru/\") at Object.obj.(anonymous function).obj.(anonymous function) [as amOnPage] (node_modules/codeceptjs/lib/actor.js:28:26)\n\n"
            },
            "isRoot": false,
            "uuid": "4cead8d6-1a0f-4535-a190-51d5c714748d",
            "isHook": false,
            "skipped": false
          },
          {
            "title": "test login",
            "fullTitle": "ELC: test login",
            "timedOut": false,
            "duration": 5963,
            "state": "passed",
            "speed": "slow",
            "pass": true,
            "fail": false,
            "pending": false,
            "code": "I.amOnPage('https://www.elc-russia.ru/customer/account/login/');\nI.retry({ retries: 3, minTimeout: 1000 }).click('//*[@id=\"send2\"]');\nI.retry({ retries: 3, minTimeout: 1000 }).see('Это поле обязательно для заполнения.');\nI.retry({ retries: 5, minTimeout: 1000 }).fillField('//*[@id=\"email\"]', 'tolik_kosmail.ru');\nI.retry({ retries: 3, minTimeout: 1000 }).fillField('//*[@id=\"pass\"]', 'feq0Z');\nI.retry({ retries: 3, minTimeout: 1000 }).click('//*[@id=\"send2\"]');\nI.retry({ retries: 3, minTimeout: 1000 }).see('Пожалуйста, введите правильный адрес электронной почты. Например johndoe@domain.com.');\nI.retry({ retries: 3, minTimeout: 1000 }).see('Please enter 6 or more characters without leading or trailing spaces.');\nI.retry({ retries: 5, minTimeout: 1000 }).fillField('//*[@id=\"email\"]', 'tolik_kos@mail.ru');\nI.retry({ retries: 3, minTimeout: 1000 }).fillField('//*[@id=\"pass\"]', 'feq0ZYI');\nI.retry({ retries: 3, minTimeout: 1000 }).click('//*[@id=\"send2\"]');\nI.retry({ retries: 3, minTimeout: 1000 }).see('Неправильный логин или пароль.');\nI.retry({ retries: 5, minTimeout: 1000 }).fillField('//*[@id=\"email\"]', 'tolik_kos@mail.ru');\nI.retry({ retries: 3, minTimeout: 1000 }).fillField('//*[@id=\"pass\"]', 'feq0ZYIc');\nI.retry({ retries: 3, minTimeout: 1000 }).click('//*[@id=\"send2\"]');\nI.retry({ retries: 3, minTimeout: 1000 }).see('Мой аккаунт');",
            "err": {},
            "isRoot": false,
            "uuid": "abf2504f-cdbc-4b10-af7c-31d114e43b52",
            "isHook": false,
            "skipped": false
          },
          {
            "title": "test registration",
            "fullTitle": "ELC: test registration",
            "timedOut": false,
            "duration": 77329,
            "state": "failed",
            "pass": false,
            "fail": true,
            "pending": false,
            "context": "\"test_registration.failed.png\"",
            "code": "I.amOnPage('https://www.elc-russia.ru/');\nI.retry({ retries: 10, minTimeout: 1000 }).click('//*[@id=\"mm-0\"]/div[1]/div[2]/a[2]/i');\nI.retry({ retries: 10, minTimeout: 1000 }).click('//*[@id=\"modal_auth\"]/div/div[2]/div[3]/div/div/button');\nI.retry({ retries: 10, minTimeout: 1000 }).click('//*[@id=\"form-register\"]/div[5]/button');\nI.retry({ retries: 10, minTimeout: 1000 }).see('Это поле обязательно для заполнения');\nI.fillField('//*[@id=\"firstname\"]', 'Test');\nI.fillField('//*[@id=\"lastname\"]', 'Account');\nI.fillField('//*[@id=\"email_address\"]', 'tolik_kosmail.ru');\nI.fillField('//*[@id=\"password\"]', 'f');\nI.fillField('//*[@id=\"confirmation\"]', 'fe');\nI.click('//*[@id=\"terms-input\"]');\nI.retry({ retries: 10, minTimeout: 1000 }).click('//*[@id=\"form-register\"]/div[5]/button');\nI.retry({ retries: 10, minTimeout: 1000 }).see('Please');\nI.retry({ retries: 10, minTimeout: 1000 }).see('Пожалуйста');\nI.retry({ retries: 10, minTimeout: 1000 }).see('Пожалуйста, введите');",
            "err": {
              "message": "Error: Clickable element //*[@id=\"mm-0\"]/div[1]/div[2]/a[2]/i was not found by text|CSS|XPath",
              "estack": "Clickable element //*[@id=\"mm-0\"]/div[1]/div[2]/a[2]/i was not found by text|CSS|XPath\n\nScenario Steps:\n\n- I.click(\"//*[@id=\"mm-0\"]/div[1]/div[2]/a[2]/i\") at Object.obj.(anonymous function).obj.(anonymous function) [as click] (node_modules/codeceptjs/lib/actor.js:28:26)\n- I.amOnPage(\"https://www.elc-russia.ru/\") at Object.obj.(anonymous function).obj.(anonymous function) [as amOnPage] (node_modules/codeceptjs/lib/actor.js:28:26)\n\n"
            },
            "isRoot": false,
            "uuid": "d82bbb49-eaca-44c1-8882-e59d04a10075",
            "isHook": false,
            "skipped": false
          },
          {
            "title": "test search",
            "fullTitle": "ELC: test search",
            "timedOut": false,
            "duration": 77483,
            "state": "passed",
            "pass": true,
            "fail": false,
            "pending": false,
            "code": "I.amOnPage('https://www.elc-russia.ru/');\nI.retry({ retries: 10, minTimeout: 1000 }).click('//*[@id=\"mm-0\"]/div[1]/div[2]/a[1]/i');\nI.retry({ retries: 10, minTimeout: 1000 }).fillField('//*[@id=\"search\"]', 'lego');\nI.click('//*[@id=\"simple_search_submit\"]');\nI.retry({ retries: 10, minTimeout: 1000 }).see('Результаты по запросу «lego»');\nI.see('LEGO');",
            "err": {},
            "isRoot": false,
            "uuid": "2c463c64-670d-4ed6-afee-3f27604f68a0",
            "isHook": false,
            "skipped": false
          },
          {
            "title": "screenshots",
            "fullTitle": "ELC: screenshots",
            "timedOut": false,
            "duration": 48895,
            "state": "passed",
            "speed": "slow",
            "pass": true,
            "fail": false,
            "pending": false,
            "context": "[\n  \"/Users/hamster/codecept/mochawesome-report/ELC_main.png\",\n  \"/Users/hamster/codecept/mochawesome-report/ELC_store-locator.png\",\n  \"/Users/hamster/codecept/mochawesome-report/ELC_delivery.png\",\n  \"/Users/hamster/codecept/mochawesome-report/ELC_trackorder.png\",\n  \"/Users/hamster/codecept/mochawesome-report/ELC_careers.png\",\n  \"/Users/hamster/codecept/mochawesome-report/ELC_rental.png\",\n  \"/Users/hamster/codecept/mochawesome-report/ELC_login.png\",\n  \"/Users/hamster/codecept/mochawesome-report/ELC_registration.png\",\n  \"/Users/hamster/codecept/mochawesome-report/ELC_returns.png\",\n  \"/Users/hamster/codecept/mochawesome-report/ELC_terms.png\",\n  \"/Users/hamster/codecept/mochawesome-report/ELC_sitemap.png\",\n  \"/Users/hamster/codecept/mochawesome-report/ELC_privacy-policy.png\",\n  \"/Users/hamster/codecept/mochawesome-report/ELC_disclamer.png\",\n  \"/Users/hamster/codecept/mochawesome-report/ELC_partnership.png\",\n  \"/Users/hamster/codecept/mochawesome-report/ELC_blog.png\",\n  \"/Users/hamster/codecept/mochawesome-report/ELC_about.png\",\n  \"/Users/hamster/codecept/mochawesome-report/ELC_corporate_clients.png\",\n  \"/Users/hamster/codecept/mochawesome-report/ELC_birthday-club.png\",\n  \"/Users/hamster/codecept/mochawesome-report/ELC_pcorp.png\",\n  \"/Users/hamster/codecept/mochawesome-report/ELC_articles.png\",\n  \"/Users/hamster/codecept/mochawesome-report/ELC_contacts.png\",\n  \"/Users/hamster/codecept/mochawesome-report/ELC_cataog.png\"\n]",
            "code": "I.amOnPage('https://www.elc-russia.ru/');\nI.saveScreenshot('ELC_main.png');\nI.addMochawesomeContext('/Users/hamster/codecept/mochawesome-report/ELC_main.png');\nI.amOnPage('https://www.elc-russia.ru/store-locator');\nI.saveScreenshot('ELC_store-locator.png');\nI.addMochawesomeContext('/Users/hamster/codecept/mochawesome-report/ELC_store-locator.png');\nI.amOnPage('https://www.elc-russia.ru/delivery/');\nI.saveScreenshot('ELC_delivery.png');\nI.addMochawesomeContext('/Users/hamster/codecept/mochawesome-report/ELC_delivery.png');\nI.amOnPage('https://www.elc-russia.ru/trackorder/');\nI.saveScreenshot('ELC_trackorder.png');\nI.addMochawesomeContext('/Users/hamster/codecept/mochawesome-report/ELC_trackorder.png');\nI.amOnPage('https://www.elc-russia.ru/careers');\nI.saveScreenshot('ELC_careers.png');\nI.addMochawesomeContext('/Users/hamster/codecept/mochawesome-report/ELC_careers.png');\nI.amOnPage('https://www.elc-russia.ru/rental');\nI.saveScreenshot('ELC_rental.png');\nI.addMochawesomeContext('/Users/hamster/codecept/mochawesome-report/ELC_rental.png');\nI.amOnPage('https://www.elc-russia.ru/#modal_auth');\nI.saveScreenshot('ELC_login.png');\nI.addMochawesomeContext('/Users/hamster/codecept/mochawesome-report/ELC_login.png');\nI.amOnPage('https://www.elc-russia.ru/customer/account/login/');\nI.saveScreenshot('ELC_registration.png');\nI.addMochawesomeContext('/Users/hamster/codecept/mochawesome-report/ELC_registration.png');\nI.amOnPage('https://www.elc-russia.ru/returns');\nI.saveScreenshot('ELC_returns.png');\nI.addMochawesomeContext('/Users/hamster/codecept/mochawesome-report/ELC_returns.png');\nI.amOnPage('https://www.elc-russia.ru/terms');\nI.saveScreenshot('ELC_terms.png');\nI.addMochawesomeContext('/Users/hamster/codecept/mochawesome-report/ELC_terms.png');\nI.amOnPage('https://www.elc-russia.ru/catalog/seo_sitemap/category/');\nI.saveScreenshot('ELC_sitemap.png');\nI.addMochawesomeContext('/Users/hamster/codecept/mochawesome-report/ELC_sitemap.png');\nI.amOnPage('https://www.elc-russia.ru/privacy-policy');\nI.saveScreenshot('ELC_privacy-policy.png');\nI.addMochawesomeContext('/Users/hamster/codecept/mochawesome-report/ELC_privacy-policy.png');\nI.amOnPage('https://www.elc-russia.ru/disclamer');\nI.saveScreenshot('ELC_disclamer.png');\nI.addMochawesomeContext('/Users/hamster/codecept/mochawesome-report/ELC_disclamer.png');\nI.amOnPage('https://www.elc-russia.ru/partnership');\nI.saveScreenshot('ELC_partnership.png');\nI.addMochawesomeContext('/Users/hamster/codecept/mochawesome-report/ELC_partnership.png');\nI.amOnPage('https://www.elc-russia.ru/blog/');\nI.saveScreenshot('ELC_blog.png');\nI.addMochawesomeContext('/Users/hamster/codecept/mochawesome-report/ELC_blog.png');\nI.amOnPage('https://www.elc-russia.ru/about-us');\nI.saveScreenshot('ELC_about.png');\nI.addMochawesomeContext('/Users/hamster/codecept/mochawesome-report/ELC_about.png');\nI.amOnPage('https://www.elc-russia.ru/corporate_clients');\nI.saveScreenshot('ELC_corporate_clients.png');\nI.addMochawesomeContext('/Users/hamster/codecept/mochawesome-report/ELC_corporate_clients.png');\nI.amOnPage('https://www.elc-russia.ru/elc-birthday-club-terms');\nI.saveScreenshot('ELC_birthday-club.png');\nI.addMochawesomeContext('/Users/hamster/codecept/mochawesome-report/ELC_birthday-club.png');\nI.amOnPage('https://www.elc-russia.ru/pcorp');\nI.saveScreenshot('ELC_pcorp.png');\nI.addMochawesomeContext('/Users/hamster/codecept/mochawesome-report/ELC_pcorp.png');\nI.amOnPage('https://www.elc-russia.ru/articles');\nI.saveScreenshot('ELC_articles.png');\nI.addMochawesomeContext('/Users/hamster/codecept/mochawesome-report/ELC_articles.png');\nI.amOnPage('https://www.elc-russia.ru/contacts/');\nI.saveScreenshot('ELC_contacts.png');\nI.addMochawesomeContext('/Users/hamster/codecept/mochawesome-report/ELC_contacts.png');\nI.amOnPage('https://www.elc-russia.ru/konstruktory.html');\nI.saveScreenshot('ELC_cataog.png');\nI.addMochawesomeContext('/Users/hamster/codecept/mochawesome-report/ELC_cataog.png');",
            "err": {},
            "isRoot": false,
            "uuid": "de9ef539-a0f4-4c38-b8ce-2e5849aa224f",
            "isHook": false,
            "skipped": false
          }
        ],
        "suites": [],
        "passes": [
          "abf2504f-cdbc-4b10-af7c-31d114e43b52",
          "2c463c64-670d-4ed6-afee-3f27604f68a0",
          "de9ef539-a0f4-4c38-b8ce-2e5849aa224f"
        ],
        "failures": [
          "4cead8d6-1a0f-4535-a190-51d5c714748d",
          "d82bbb49-eaca-44c1-8882-e59d04a10075"
        ],
        "pending": [],
        "skipped": [],
        "duration": 289641,
        "root": false,
        "rootEmpty": false,
        "_timeout": 0
      },
      {
        "uuid": "51784576-12fb-4516-9d1e-e85a804be426",
        "title": "MET",
        "fullFile": "/Users/hamster/codecept/MET_test.js",
        "file": "/MET_test.js",
        "beforeHooks": [
          {
            "title": "\"before all\" hook: codeceptjs.beforeSuite",
            "fullTitle": "MET \"before all\" hook: codeceptjs.beforeSuite",
            "timedOut": false,
            "duration": 0,
            "pass": false,
            "fail": false,
            "pending": false,
            "code": "scenario.suiteSetup(suite)",
            "err": {},
            "isRoot": false,
            "uuid": "60cd6fff-15fa-41f6-b0a6-ddaf4809e103",
            "isHook": true,
            "skipped": false
          },
          {
            "title": "\"before each\" hook: codeceptjs.before",
            "fullTitle": "MET \"before each\" hook: codeceptjs.before",
            "timedOut": false,
            "duration": 4870,
            "pass": false,
            "fail": false,
            "pending": false,
            "code": "scenario.setup(suite)",
            "err": {},
            "isRoot": false,
            "uuid": "b1889309-9377-4a79-b84d-a06e678118a3",
            "isHook": true,
            "skipped": false
          }
        ],
        "afterHooks": [
          {
            "title": "\"after all\" hook: codeceptjs.afterSuite",
            "fullTitle": "MET \"after all\" hook: codeceptjs.afterSuite",
            "timedOut": false,
            "duration": 0,
            "pass": false,
            "fail": false,
            "pending": false,
            "code": "scenario.suiteTeardown(suite)",
            "err": {},
            "isRoot": false,
            "uuid": "8f430196-73cd-49c7-86e6-23618dd52385",
            "isHook": true,
            "skipped": false
          },
          {
            "title": "\"after each\" hook: finalize codeceptjs",
            "fullTitle": "MET \"after each\" hook: finalize codeceptjs",
            "timedOut": false,
            "duration": 1031,
            "pass": false,
            "fail": false,
            "pending": false,
            "code": "scenario.teardown(suite)",
            "err": {},
            "isRoot": false,
            "uuid": "743a5186-0dab-49d2-a0fa-3e53a7a00f73",
            "isHook": true,
            "skipped": false
          }
        ],
        "tests": [
          {
            "title": "test links",
            "fullTitle": "MET: test links",
            "timedOut": false,
            "duration": 15320,
            "state": "passed",
            "speed": "slow",
            "pass": true,
            "fail": false,
            "pending": false,
            "code": "I.amOnPage('https://metpromko.ru/');\nI.click('//*[@id=\"cities-popup\"]/div/div/span');\nI.see('Оформить заказ');\nI.amOnPage('https://metpromko.ru/onepagecheckout/');\nI.see('КОРЗИНА ПУСТА');\nI.amOnPage('https://metpromko.ru/about/');\nI.see('О КОМПАНИИ');\nI.amOnPage('https://metpromko.ru/contacts/');\nI.see('Внимание! Компания Метпромко');\nI.amOnPage('https://metpromko.ru/dostavka/');\nI.see('Компания Метпромко доставляет');\nI.amOnPage('https://metpromko.ru/oplata/');\nI.seeInSource('\"std\">Оплата');\nI.amOnPage('https://metpromko.ru/uslugi/');\nI.see('Компания Метпромко является');\nI.click('//*[@id=\"menu-icon\"]');\nI.see('Металлопрокат');\nI.see('Труба');\nI.see('Лист');",
            "err": {},
            "isRoot": false,
            "uuid": "cf5c880c-03bd-403c-b2c0-85d5a0865c04",
            "isHook": false,
            "skipped": false
          },
          {
            "title": "test login",
            "fullTitle": "MET: test login",
            "timedOut": false,
            "duration": 8467,
            "state": "passed",
            "speed": "slow",
            "pass": true,
            "fail": false,
            "pending": false,
            "code": "I.amOnPage('https://metpromko.ru/');\nI.click('//*[@id=\"cities-popup\"]/div/div/span');\nI.amOnPage('https://metpromko.ru/customer/account/login/');\nI.see('СТРАНИЦА АВТОРИЗАЦИИ');\nI.click('//*[@id=\"send2\"]');\nI.see('Это поле обязательно для заполнения.');\nI.fillField(\"input[name='login[username]']\", \"tolik_kos@ail.ru\");\nI.fillField(\"input[name='login[password]']\", \"feq\");\nI.click('//*[@id=\"send2\"]');\nI.retry({ retries: 10, minTimeout: 1000 }).see('Please enter 6 or more characters without leading or trailing spaces.');\nI.retry({ retries: 10, minTimeout: 1000 }).fillField(\"input[name='login[username]']\", \"tolik_kos@mail.ru\");\nI.retry({ retries: 10, minTimeout: 1000 }).fillField(\"input[name='login[password]']\", \"feq0ZYI\");\nI.retry({ retries: 10, minTimeout: 1000 }).click('//*[@id=\"send2\"]');\nI.retry({ retries: 10, minTimeout: 1000 }).click('//*[@id=\"send2\"]');\nI.retry({ retries: 10, minTimeout: 1000 }).see('Неверный адрес электронной почты (email) или пароль.');\nI.retry({ retries: 10, minTimeout: 1000 }).fillField(\"input[name='login[username]']\", \"tolik_kos@mail.ru\");\nI.retry({ retries: 10, minTimeout: 1000 }).fillField(\"input[name='login[password]']\", \"feq0ZYIc\");\nI.retry({ retries: 10, minTimeout: 1000 }).click('//*[@id=\"send2\"]');\nI.retry({ retries: 10, minTimeout: 1000 }).see('Выйти');\nI.see('Моя учётная запись');",
            "err": {},
            "isRoot": false,
            "uuid": "dd480ac6-b4fc-454c-b7e9-a55edced6247",
            "isHook": false,
            "skipped": false
          },
          {
            "title": "test registration",
            "fullTitle": "MET: test registration",
            "timedOut": false,
            "duration": 6117,
            "state": "passed",
            "speed": "slow",
            "pass": true,
            "fail": false,
            "pending": false,
            "code": "I.amOnPage('https://metpromko.ru/');\nI.click('//*[@id=\"cities-popup\"]/div/div/span');\nI.amOnPage('https://metpromko.ru/customer/account/login/');\nI.see('СТРАНИЦА АВТОРИЗАЦИИ');\nI.retry({ retries: 10, minTimeout: 1000 }).click('//*[@id=\"login-form\"]/div/div/div[2]/div/div/div/button');\nI.retry({ retries: 10, minTimeout: 1000 }).click('//*[@id=\"header-account\"]/div[2]/div/div/div[4]/div/button');\nI.retry({ retries: 10, minTimeout: 1000 }).see('First name is required!');\nI.retry({ retries: 10, minTimeout: 1000 }).see('Last name is required!');\nI.retry({ retries: 10, minTimeout: 1000 }).see('Email address is required!');\nI.retry({ retries: 10, minTimeout: 1000 }).see('Password is required!');\nI.retry({ retries: 10, minTimeout: 1000 }).see('Terms and Conditions are required!');\nI.retry({ retries: 10, minTimeout: 1000 }).fillField('//*[@id=\"youama-firstname\"]','111');\nI.retry({ retries: 10, minTimeout: 1000 }).fillField('//*[@id=\"youama-lastname\"]','111');\nI.retry({ retries: 10, minTimeout: 1000 }).click('//*[@id=\"header-account\"]/div[2]/div/div/div[4]/div/button');",
            "err": {},
            "isRoot": false,
            "uuid": "b253ae38-f274-4864-b2f5-533dacf33445",
            "isHook": false,
            "skipped": false
          },
          {
            "title": "screenshots",
            "fullTitle": "MET: screenshots",
            "timedOut": false,
            "duration": 26569,
            "state": "passed",
            "speed": "slow",
            "pass": true,
            "fail": false,
            "pending": false,
            "context": "[\n  \"/Users/hamster/codecept/mochawesome-report/MET_main.png\",\n  \"/Users/hamster/codecept/mochawesome-report/MET_checkout.png\",\n  \"/Users/hamster/codecept/mochawesome-report/MET_contacts.png\",\n  \"/Users/hamster/codecept/mochawesome-report/MET_about.png\",\n  \"/Users/hamster/codecept/mochawesome-report/MET_dostavka.png\",\n  \"/Users/hamster/codecept/mochawesome-report/MET_oplata.png\",\n  \"/Users/hamster/codecept/mochawesome-report/MET_uslugi.png\",\n  \"/Users/hamster/codecept/mochawesome-report/MET_login.png\",\n  \"/Users/hamster/codecept/mochawesome-report/MET_registration.png\",\n  \"/Users/hamster/codecept/mochawesome-report/MET_catalog.png\"\n]",
            "code": "I.amOnPage('https://metpromko.ru/');\nI.click('//*[@id=\"cities-popup\"]/div/div/span');\nI.wait(1);\nI.saveScreenshot('MET_main.png');\nI.addMochawesomeContext('/Users/hamster/codecept/mochawesome-report/MET_main.png');\nI.amOnPage('https://metpromko.ru/checkout/cart/');\nI.saveScreenshot('MET_checkout.png');\nI.addMochawesomeContext('/Users/hamster/codecept/mochawesome-report/MET_checkout.png');\nI.amOnPage('https://metpromko.ru/contacts');\nI.saveScreenshot('MET_contacts.png');\nI.addMochawesomeContext('/Users/hamster/codecept/mochawesome-report/MET_contacts.png');\nI.amOnPage('https://metpromko.ru/about/');\nI.saveScreenshot('MET_about.png');\nI.addMochawesomeContext('/Users/hamster/codecept/mochawesome-report/MET_about.png');\nI.amOnPage('https://metpromko.ru/dostavka/');\nI.saveScreenshot('MET_dostavka.png');\nI.addMochawesomeContext('/Users/hamster/codecept/mochawesome-report/MET_dostavka.png');\nI.amOnPage('https://metpromko.ru/oplata/');\nI.saveScreenshot('MET_oplata.png');\nI.addMochawesomeContext('/Users/hamster/codecept/mochawesome-report/MET_oplata.png');\nI.amOnPage('https://metpromko.ru/uslugi/');\nI.saveScreenshot('MET_uslugi.png');\nI.addMochawesomeContext('/Users/hamster/codecept/mochawesome-report/MET_uslugi.png');\nI.amOnPage('https://metpromko.ru/customer/account/login/');\nI.saveScreenshot('MET_login.png');\nI.addMochawesomeContext('/Users/hamster/codecept/mochawesome-report/MET_login.png');\nI.click('//*[@id=\"login-form\"]/div/div/div[2]/div/div/div/button');\nI.wait(1);\nI.saveScreenshot('MET_registration.png');\nI.addMochawesomeContext('/Users/hamster/codecept/mochawesome-report/MET_registration.png');\nI.amOnPage('https://metpromko.ru/metalloprokat');\nI.wait(4);\nI.saveScreenshot('MET_catalog.png');\nI.addMochawesomeContext('/Users/hamster/codecept/mochawesome-report/MET_catalog.png');",
            "err": {},
            "isRoot": false,
            "uuid": "f3571223-b110-4719-826c-9479d4a68b85",
            "isHook": false,
            "skipped": false
          }
        ],
        "suites": [],
        "passes": [
          "cf5c880c-03bd-403c-b2c0-85d5a0865c04",
          "dd480ac6-b4fc-454c-b7e9-a55edced6247",
          "b253ae38-f274-4864-b2f5-533dacf33445",
          "f3571223-b110-4719-826c-9479d4a68b85"
        ],
        "failures": [],
        "pending": [],
        "skipped": [],
        "duration": 56473,
        "root": false,
        "rootEmpty": false,
        "_timeout": 0
      },
      {
        "uuid": "fb004e3c-cce5-4c52-a8c5-f4782916c64f",
        "title": "MID",
        "fullFile": "/Users/hamster/codecept/MID_test.js",
        "file": "/MID_test.js",
        "beforeHooks": [
          {
            "title": "\"before all\" hook: codeceptjs.beforeSuite",
            "fullTitle": "MID \"before all\" hook: codeceptjs.beforeSuite",
            "timedOut": false,
            "duration": 0,
            "pass": false,
            "fail": false,
            "pending": false,
            "code": "scenario.suiteSetup(suite)",
            "err": {},
            "isRoot": false,
            "uuid": "0f10853a-ca50-4c91-a69f-1c5dc61f7248",
            "isHook": true,
            "skipped": false
          },
          {
            "title": "\"before each\" hook: codeceptjs.before",
            "fullTitle": "MID \"before each\" hook: codeceptjs.before",
            "timedOut": false,
            "duration": 4483,
            "pass": false,
            "fail": false,
            "pending": false,
            "code": "scenario.setup(suite)",
            "err": {},
            "isRoot": false,
            "uuid": "6ea85915-64d3-45e7-9f58-e62d7a813600",
            "isHook": true,
            "skipped": false
          }
        ],
        "afterHooks": [
          {
            "title": "\"after all\" hook: codeceptjs.afterSuite",
            "fullTitle": "MID \"after all\" hook: codeceptjs.afterSuite",
            "timedOut": false,
            "duration": 0,
            "pass": false,
            "fail": false,
            "pending": false,
            "code": "scenario.suiteTeardown(suite)",
            "err": {},
            "isRoot": false,
            "uuid": "2d3b614d-6066-40b5-97c0-894dcaccc70c",
            "isHook": true,
            "skipped": false
          },
          {
            "title": "\"after each\" hook: finalize codeceptjs",
            "fullTitle": "MID \"after each\" hook: finalize codeceptjs",
            "timedOut": false,
            "duration": 1021,
            "pass": false,
            "fail": false,
            "pending": false,
            "code": "scenario.teardown(suite)",
            "err": {},
            "isRoot": false,
            "uuid": "a19d56f6-912f-4dfe-a7d5-abbfe5bf7745",
            "isHook": true,
            "skipped": false
          }
        ],
        "tests": [
          {
            "title": "test compare",
            "fullTitle": "MID: test compare",
            "timedOut": false,
            "duration": 14988,
            "state": "passed",
            "speed": "slow",
            "pass": true,
            "fail": false,
            "pending": false,
            "code": "I.amOnPage('https://mideastore.ru');\nI.retry({ retries: 10, minTimeout: 1000 }).see('Войти');\nI.retry({ retries: 10, minTimeout: 1000 }).click('div.place-menu-mobile.menu-mobile > span');\nI.retry({ retries: 10, minTimeout: 1000 }).click('//*[@id=\"store.menu\"]/div/div/nav/ul/li[1]/a[1]');\nI.retry({ retries: 10, minTimeout: 1000 }).click('//*[@id=\"maincontent\"]/div[3]/div[1]/div[4]/ol/li[1]/div/div/div[2]/a/span/span');\nI.retry({ retries: 10, minTimeout: 1000 }).click('div.Product__Actions--Bookmark > div > div > a.action.tocompare');\nI.retry({ retries: 10, minTimeout: 1000 }).see('Вы добавили товар');",
            "err": {},
            "isRoot": false,
            "uuid": "35d140a0-81da-4223-864c-9652678936f9",
            "isHook": false,
            "skipped": false
          },
          {
            "title": "test links",
            "fullTitle": "MID: test links",
            "timedOut": false,
            "duration": 85778,
            "state": "failed",
            "pass": false,
            "fail": true,
            "pending": false,
            "context": "\"test_links.failed.png\"",
            "code": "I.amOnPage('https://mideastore.ru');\nI.retry({ retries: 10, minTimeout: 1000 }).see('Войти');\nI.click('li.authorization-link > a');\nI.retry({ retries: 10, minTimeout: 1000 }).see('Вход в систему');\nI.click('div.top-right.mobile-center > div > div > div > ul > li:nth-child(2) > a');\nI.retry({ retries: 10, minTimeout: 1000 }).see('Создать новую учётную запись клиента');\nI.click('div.place-menu-mobile.menu-mobile > span');\nI.retry({ retries: 10, minTimeout: 1000 }).see('Встраиваемая Бытовая Техника');\nI.click('nav > ul > li:nth-child(5) > a');\nI.retry({ retries: 10, minTimeout: 1000 }).see('Бесплатная доставка по всей России');\nI.click('div.place-menu-mobile.menu-mobile > span');\nI.retry({ retries: 10, minTimeout: 1000 }).click('nav > ul > li:nth-child(6) > a');\nI.retry({ retries: 10, minTimeout: 1000 }).see('Поиск сервисного центра');\nI.click('div.place-menu-mobile.menu-mobile > span');\nI.retry({ retries: 10, minTimeout: 1000 }).click('nav > ul > li:nth-child(7) > a');\nI.retry({ retries: 10, minTimeout: 1000 }).see('Midea – мировой производитель бытовой техники');\nI.click('div.place-menu-mobile.menu-mobile > span');\nI.retry({ retries: 10, minTimeout: 1000 }).click('nav > ul > li:nth-child(8) > a');\nI.retry({ retries: 10, minTimeout: 1000 }).see('Midea в Российской Федерации');\nI.click('//*[@id=\"cms-static-main-footer\"]/div[2]/div/span');\nI.retry({ retries: 10, minTimeout: 1000 }).click('//*[@id=\"cms-static-main-footer\"]/div[2]/div/div/ul[1]/li[1]/a');\nI.retry({ retries: 10, minTimeout: 1000 }).see('Midea – мировой производитель бытовой техники');\nI.click('//*[@id=\"cms-static-main-footer\"]/div[2]/div/span');\nI.retry({ retries: 10, minTimeout: 1000 }).click('//*[@id=\"cms-static-main-footer\"]/div[2]/div/div/ul[1]/li[2]/a');\nI.retry({ retries: 10, minTimeout: 1000 }).see('Блог');\nI.click('//*[@id=\"cms-static-main-footer\"]/div[2]/div/span');\nI.retry({ retries: 10, minTimeout: 1000 }).click('//*[@id=\"cms-static-main-footer\"]/div[2]/div/div/ul[1]/li[3]/a');\nI.retry({ retries: 10, minTimeout: 1000 }).see('Midea в Российской Федерации');\nI.click('//*[@id=\"cms-static-main-footer\"]/div[3]/div/span');\nI.retry({ retries: 10, minTimeout: 1000 }).click('//*[@id=\"cms-static-main-footer\"]/div[3]/div/div/ul/li[1]/a');\nI.retry({ retries: 10, minTimeout: 1000 }).see('Политика конфиденциальности');\nI.click('//*[@id=\"cms-static-main-footer\"]/div[3]/div/span');\nI.retry({ retries: 10, minTimeout: 1000 }).click('//*[@id=\"cms-static-main-footer\"]/div[3]/div/div/ul/li[2]/a');\nI.retry({ retries: 10, minTimeout: 1000 }).see('Договор оферты');",
            "err": {
              "message": "Error: expected web page to include \"Бесплатная доставка по всей России\"",
              "estack": "expected web page to include \"Бесплатная доставка по всей России\"\n\nScenario Steps:\n\n- I.see(\"Бесплатная доставка по всей России\") at Object.obj.(anonymous function).obj.(anonymous function) [as see] (node_modules/codeceptjs/lib/actor.js:28:26)\n- I.click(\"nav > ul > li:nth-child(5) > a\") at Object.obj.(anonymous function).obj.(anonymous function) [as click] (node_modules/codeceptjs/lib/actor.js:28:26)\n- I.see(\"Встраиваемая Бытовая Техника\") at Object.obj.(anonymous function).obj.(anonymous function) [as see] (node_modules/codeceptjs/lib/actor.js:28:26)\n- I.see(\"Встраиваемая Бытовая Техника\") at Object.obj.(anonymous function).obj.(anonymous function) [as see] (node_modules/codeceptjs/lib/actor.js:28:26)\n- I.click(\"div.place-menu-mobile.menu-mobile > span\") at Object.obj.(anonymous function).obj.(anonymous function) [as click] (node_modules/codeceptjs/lib/actor.js:28:26)\n- I.see(\"Создать новую учётную запись клиента\") at Object.obj.(anonymous function).obj.(anonymous function) [as see] (node_modules/codeceptjs/lib/actor.js:28:26)\n- I.see(\"Создать новую учётную запись клиента\") at Object.obj.(anonymous function).obj.(anonymous function) [as see] (node_modules/codeceptjs/lib/actor.js:28:26)\n- I.click(\"div.top-right.mobile-center > div > div > div > ul > li:nth-child(2) > a\") at Object.obj.(anonymous function).obj.(anonymous function) [as click] (node_modules/codeceptjs/lib/actor.js:28:26)\n- I.see(\"Вход в систему\") at Object.obj.(anonymous function).obj.(anonymous function) [as see] (node_modules/codeceptjs/lib/actor.js:28:26)\n- I.see(\"Вход в систему\") at Object.obj.(anonymous function).obj.(anonymous function) [as see] (node_modules/codeceptjs/lib/actor.js:28:26)\n- I.click(\"li.authorization-link > a\") at Object.obj.(anonymous function).obj.(anonymous function) [as click] (node_modules/codeceptjs/lib/actor.js:28:26)\n- I.see(\"Войти\") at Object.obj.(anonymous function).obj.(anonymous function) [as see] (node_modules/codeceptjs/lib/actor.js:28:26)\n- I.amOnPage(\"https://mideastore.ru\") at Object.obj.(anonymous function).obj.(anonymous function) [as amOnPage] (node_modules/codeceptjs/lib/actor.js:28:26)\n\n",
              "diff": "- Акция\n- При заказе двух и более предметов встраиваемой техники Midea #БлагоДарит за покупки\n- СУММА ЗАКАЗА\n- 20 000-34 999\n- 35 000-54 999\n- 55 000-69 999\n- от 70 000\n- \n- \n- \n- --( 12 lines more )---\n+ Бесплатная доставка по всей России\n"
            },
            "isRoot": false,
            "uuid": "b5c60def-fabc-4789-9914-44ac9c6d4d0f",
            "isHook": false,
            "skipped": false
          },
          {
            "title": "test login",
            "fullTitle": "MID: test login",
            "timedOut": false,
            "duration": 15109,
            "state": "passed",
            "speed": "slow",
            "pass": true,
            "fail": false,
            "pending": false,
            "code": "I.amOnPage('https://mideastore.ru');\nI.retry({ retries: 10, minTimeout: 1000 }).see('Войти');\nI.click('li.authorization-link > a');\nI.retry({ retries: 10, minTimeout: 1000 }).see('Вход в систему');\nI.click('//*[@id=\"send2\"]');\nI.see('Это поле обязательно для заполнения.');\nI.fillField(\"input[name='login[username]']\", \"tolik_kosmal.ru\");\nI.fillField(\"input[name='login[password]']\", \"feq0ZYIc\");\nI.click('//*[@id=\"send2\"]');\nI.retry({ retries: 10, minTimeout: 1000 }).see('Пожалуйста, введите правильный адрес электронной почты (Пример: johndoe@domain.com).');\nI.fillField(\"input[name='login[username]']\", \"tolik_kos@mail.ru\");\nI.fillField(\"input[name='login[password]']\", \"feq0ZYI\");\nI.click('//*[@id=\"send2\"]');\nI.retry({ retries: 10, minTimeout: 1000 }).see('неправильный адрес электронной почты (email) или пароль.');\nI.fillField(\"input[name='login[username]']\", \"tolik_kos@mail.ru\");\nI.fillField(\"input[name='login[password]']\", \"feq0ZYIc\");\nI.click('//*[@id=\"send2\"]');\nI.retry({ retries: 10, minTimeout: 1000 }).see('Моя панель управления');",
            "err": {},
            "isRoot": false,
            "uuid": "51dbc10c-8d7e-4c0e-bd02-b63b23db49ae",
            "isHook": false,
            "skipped": false
          },
          {
            "title": "test order",
            "fullTitle": "MID: test order",
            "timedOut": false,
            "duration": 50501,
            "state": "passed",
            "speed": "slow",
            "pass": true,
            "fail": false,
            "pending": false,
            "code": "I.amOnPage('https://mideastore.ru');\nI.retry({ retries: 10, minTimeout: 1000 }).see('Войти');\nI.retry({ retries: 10, minTimeout: 1000 }).click('div.place-menu-mobile.menu-mobile > span');\nI.retry({ retries: 10, minTimeout: 1000 }).click('//*[@id=\"store.menu\"]/div/div/nav/ul/li[1]/a[1]');\nI.wait(8);\nI.retry({ retries: 10, minTimeout: 1000 }).click('//*[@id=\"maincontent\"]/div[3]/div[1]/div[4]/ol/li[1]/div/div/div[3]/div[4]/div/div[2]/form/button');\nI.wait(8);\nI.retry({ retries: 10, minTimeout: 1000 }).click('div.righ-header-content.col-lg-3.col-md-3.col-sm-3.col-xs-12 > div.minicart-wrapper > a.action.icon.icon-shopping-bag.showcart');\nI.retry({ retries: 10, minTimeout: 1000 }).fillField(\"input[class='input-text qty']\", \"0\");\nI.retry({ retries: 10, minTimeout: 1000 }).click('div.cart.main.actions > button');\nI.retry({ retries: 10, minTimeout: 1000 }).retry({ retries: 10, minTimeout: 1000 }).see('Пожалуйста, введите в это поле число больше 0.');\nI.retry({ retries: 10, minTimeout: 1000 }).fillField(\"input[class='input-text qty mage-error']\", \"0.1\");\nI.retry({ retries: 10, minTimeout: 1000 }).click('div.cart.main.actions > button');\nI.retry({ retries: 10, minTimeout: 1000 }).see('Вы не можете приобрести меньше, чем 1.');\nI.retry({ retries: 10, minTimeout: 1000 }).fillField(\"input[class='input-text qty']\", \"0.1\");\nI.retry({ retries: 10, minTimeout: 1000 }).click('div.cart.main.actions > button');\nI.retry({ retries: 10, minTimeout: 1000 }).see('Вы не можете приобрести меньше, чем 1.');\nI.retry({ retries: 10, minTimeout: 1000 }).clearField(\"input[class='input-text qty']\");\nI.retry({ retries: 10, minTimeout: 1000 }).click('div.cart.main.actions > button');\nI.retry({ retries: 10, minTimeout: 1000 }).see('Это поле обязательно для заполнения.');\nI.retry({ retries: 10, minTimeout: 1000 }).fillField(\"input[class='input-text qty mage-error']\", \"9999\");\nI.retry({ retries: 10, minTimeout: 1000 }).click('div.cart.main.actions > button');\nI.retry({ retries: 10, minTimeout: 1000 }).see('У нас нет столько товара');\nI.retry({ retries: 10, minTimeout: 1000 }).fillField(\"input[class='input-text qty']\", \"99999\");\nI.retry({ retries: 10, minTimeout: 1000 }).click('div.cart.main.actions > button');\nI.retry({ retries: 10, minTimeout: 1000 }).see('Вы не можете приобрести больше, чем 10000.');\nI.retry({ retries: 10, minTimeout: 1000 }).fillField(\"input[class='input-text qty']\", \"1\");\nI.retry({ retries: 10, minTimeout: 1000 }).click('div.cart.main.actions > button');\nI.retry({ retries: 10, minTimeout: 1000 }).click('li:nth-child(1) > button');\nI.retry({ retries: 10, minTimeout: 1000 }).click('div.checkout-payment-method.submit > div > div > button');\nI.retry({ retries: 10, minTimeout: 1000 }).see('No payment method selected');",
            "err": {},
            "isRoot": false,
            "uuid": "31620cdc-c03f-4667-9bb9-a5f5e7d1ce3f",
            "isHook": false,
            "skipped": false
          },
          {
            "title": "test registration",
            "fullTitle": "MID: test registration",
            "timedOut": false,
            "duration": 12955,
            "state": "passed",
            "speed": "slow",
            "pass": true,
            "fail": false,
            "pending": false,
            "code": "I.amOnPage('https://mideastore.ru');\nI.retry({ retries: 10, minTimeout: 1000 }).see('Войти');\nI.retry({ retries: 10, minTimeout: 1000 }).click('div.top-right.mobile-center > div > div > div > ul > li:nth-child(2) > a');\nI.retry({ retries: 10, minTimeout: 1000 }).see('Создать новую учётную запись клиента');\nI.retry({ retries: 10, minTimeout: 1000 }).fillField('//*[@id=\"newsletter\"]', \"1\");\nI.retry({ retries: 10, minTimeout: 1000 }).click('//*[@id=\"form-validate\"]/div/div[1]/button');\nI.retry({ retries: 10, minTimeout: 1000 }).fillField('//*[@id=\"newsletter\"]', \"1\");\nI.retry({ retries: 10, minTimeout: 1000 }).see('Это поле обязательно для заполнения.');\nI.retry({ retries: 10, minTimeout: 1000 }).fillField(\"//*[@id='email_address']\", \"tolik_kosmal.ru\");\nI.retry({ retries: 10, minTimeout: 1000 }).fillField(\"//*[@id='password']\", \"feq0ZYIc\");\nI.retry({ retries: 10, minTimeout: 1000 }).fillField(\"//*[@id='firstname']\", \"Test\");\nI.retry({ retries: 10, minTimeout: 1000 }).fillField(\"//*[@id='lastname']\", \"Account\");\nI.retry({ retries: 10, minTimeout: 1000 }).fillField(\"//*[@id='password-confirmation']\", \"feq0ZYIc\");\nI.retry({ retries: 10, minTimeout: 1000 }).click('//*[@id=\"form-validate\"]/div/div[1]/button');\nI.retry({ retries: 10, minTimeout: 1000 }).see('Пожалуйста, введите правильный адрес электронной почты (Пример: johndoe@domain.com).');\nI.retry({ retries: 10, minTimeout: 1000 }).fillField(\"//*[@id='email_address']\", \"tolik_kos@mail.ru\");\nI.retry({ retries: 10, minTimeout: 1000 }).fillField('//*[@id=\"newsletter\"]', \"1\");\nI.retry({ retries: 10, minTimeout: 1000 }).click('//*[@id=\"form-validate\"]/div/div[1]/button');\nI.retry({ retries: 10, minTimeout: 1000 }).see('Учётная запись с таким адресом электронной почты уже существует.');\nI.retry({ retries: 10, minTimeout: 1000 }).fillField(\"//*[@id='password']\", \"feq\");\nI.retry({ retries: 10, minTimeout: 1000 }).fillField(\"//*[@id='password-confirmation']\", \"feq0ZYIc\");\nI.retry({ retries: 10, minTimeout: 1000 }).fillField('//*[@id=\"newsletter\"]', \"1\");\nI.retry({ retries: 10, minTimeout: 1000 }).click('//*[@id=\"form-validate\"]/div/div[1]/button');\nI.retry({ retries: 10, minTimeout: 1000 }).see('Минимальная длина этого поля');\nI.retry({ retries: 10, minTimeout: 1000 }).see('Please enter the same value again.');",
            "err": {},
            "isRoot": false,
            "uuid": "d93d9669-6407-4e05-b752-73610b2e925a",
            "isHook": false,
            "skipped": false
          },
          {
            "title": "test search",
            "fullTitle": "MID: test search",
            "timedOut": false,
            "duration": 8491,
            "state": "passed",
            "speed": "slow",
            "pass": true,
            "fail": false,
            "pending": false,
            "code": "I.amOnPage('https://mideastore.ru');\nI.retry({ retries: 10, minTimeout: 1000 }).see('Войти');\nI.fillField('//*[@id=\"search\"]', 'пылес');\nI.retry({ retries: 10, minTimeout: 1000 }).click('//*[@id=\"search_mini_form\"]/button');\nI.retry({ retries: 10, minTimeout: 1000 }).see('Результаты поиска');\nI.see('Пылесос Midea');",
            "err": {},
            "isRoot": false,
            "uuid": "82ac3fbf-89bb-4b6f-9d1b-56613c3d1c0d",
            "isHook": false,
            "skipped": false
          },
          {
            "title": "test wishlist",
            "fullTitle": "MID: test wishlist",
            "timedOut": false,
            "duration": 19594,
            "state": "passed",
            "speed": "slow",
            "pass": true,
            "fail": false,
            "pending": false,
            "code": "I.amOnPage('https://mideastore.ru');\nI.retry({ retries: 10, minTimeout: 1000 }).see('Войти');\nI.click('li.authorization-link > a');\nI.retry({ retries: 10, minTimeout: 1000 }).see('Вход в систему');\nI.fillField(\"input[name='login[username]']\", \"tolik_kos@mail.ru\");\nI.fillField(\"input[name='login[password]']\", \"feq0ZYIc\");\nI.click('//*[@id=\"send2\"]');\nI.retry({ retries: 10, minTimeout: 1000 }).see('Моя панель управления');\nI.click('div.place-menu-mobile.menu-mobile > span');\nI.retry({ retries: 10, minTimeout: 1000 }).click('//*[@id=\"store.menu\"]/div/div/nav/ul/li[1]/a[1]');\nI.retry({ retries: 10, minTimeout: 1000 }).click('//*[@id=\"maincontent\"]/div[3]/div[1]/div[4]/ol/li[1]/div/div/div[2]/a/span/span');\nI.retry({ retries: 10, minTimeout: 1000 }).click('div.Product__Actions--Bookmark > div > div > a.action.towishlist');\nI.retry({ retries: 10, minTimeout: 1000 }).see('добавлен в ваш лист пожеланий');",
            "err": {},
            "isRoot": false,
            "uuid": "81cf953b-7103-46b0-9dfa-dcedc756a392",
            "isHook": false,
            "skipped": false
          },
          {
            "title": "screenshots",
            "fullTitle": "MID: screenshots",
[...]
:\"light\",\"widget_padding\":\"100\",\"widget_height\":\"33\",\"widget_orientation\":\"bottom\",\"widget_mobile_orientation\":\"right\",\"font_size\":\"14\",\"font_family\":\"Arial\",\"font_type\":\"normal\",\"locale\":\"ru_RU\",\"show_rate_form\":1,\"hide_ad\":1,\"secure\":0,\"contacts_ask\":0,\"style_string\":\"jivo_shadow jivo_rounded_corners jivo_gradient jivo_3d_effect jivo_border jivo_3px_border\",\"chat_mode\":0?\"online\":\"offline\",\"geoip\":\"RU;66;Saint Petersburg\",\"botmode\":false,\"options\":0,\"hide_offline\":0,\"build_number\":\"1539679399\",\"avatar_url\":\"\\/\\/files.jivosite.com\",\"online_widget_label\":\"\\u041d\\u0430\\u043f\\u0438\\u0448\\u0438\\u0442\\u0435 \\u043d\\u0430\\u043c, \\u043c\\u044b \\u043e\\u043d\\u043b\\u0430\\u0439\\u043d!\",\"offline_widget_label\":\"\\u041e\\u0442\\u043f\\u0440\\u0430\\u0432\\u044c\\u0442\\u0435 \\u043d\\u0430\\u043c \\u0441\\u043e\\u043e\\u0431\\u0449\\u0435\\u043d\\u0438\\u0435\",\"offline_form_text\":\"\\u041e\\u0441\\u0442\\u0430\\u0432\\u044c\\u0442\\u0435 \\u0441\\u0432\\u043e\\u0435 \\u0441\\u043e\\u043e\\u0431\\u0449\\u0435\\u043d\\u0438\\u0435 \\u0432 \\u044d\\u0442\\u043e\\u0439 \\u0444\\u043e\\u0440\\u043c\\u0435, \\u043c\\u044b \\u043f\\u043e\\u043b\\u0443\\u0447\\u0438\\u043c \\u0435\\u0433\\u043e \\u043d\\u0430 e-mail \\u0438 \\u043e\\u0431\\u044f\\u0437\\u0430\\u0442\\u0435\\u043b\\u044c\\u043d\\u043e \\u043e\\u0442\\u0432\\u0435\\u0442\\u0438\\u043c!\",\"callback_btn_color\":\"#44BB6E\",\"power_button_color\":\"#616161\",\"base_url\":\"\\/\\/code.jivosite.com\",\"static_host\":\"cdn.jivosite.com\",\"comet\":{\"host\":\"node123.jivosite.com\"},\"contacts_settings\":{\"name\":{\"show\":true,\"required\":true},\"email\":{\"show\":true,\"required\":true},\"phone\":{\"show\":true,\"required\":false}},\"eula\":true,\"power_button_phone\":\"89217588477\",\"social_responce\":2});</script><script async=\"\" src=\"//www.google-analytics.com/analytics.js\"></script><script type=\"text/javascript\" async=\"\" src=\"//code.jivosite.com/script/widget/3HFvuBbGm6\"></script><script type=\"text/javascript\" async=\"\" src=\"https://mc.yandex.ru/metrika/watch.js\"></script><script>\n-     var BASE_URL = 'https://freshub.ru/';\n-     var require = {\n-         \"baseUrl\": \"https://freshub.ru/static/version1534262179/frontend/Mygento/freshub/ru_RU\"\n-     };\n- </script>\n-         <meta charset=\"utf-8\">\n- <meta name=\"description\" content=\"Купить косметику для ухода за телом можно в интернет-магазине Freshub. В каталоге натуральные средства для тела по приятным ценам с доставкой по Москве и всей России. Скидки и подарки.\">\n- <meta name=\"keywords\" content=\"УХОД ДЛЯ ТЕЛА\">\n- --( 2503 lines more )---\n+ data-ui-id=\"page-title-wrapper\">Уход для тела\n"
            },
            "isRoot": false,
            "uuid": "a87629db-2ff7-4c90-8110-ab00a277bb91",
            "isHook": false,
            "skipped": false
          },
          {
            "title": "test login",
            "fullTitle": "ST: test login",
            "timedOut": false,
            "duration": 11975,
            "state": "passed",
            "speed": "slow",
            "pass": true,
            "fail": false,
            "pending": false,
            "code": "I.amOnPage('https://freshub.ru');\nI.retry({ retries: 10, minTimeout: 1000 }).see('ЗВОНОК БЕСПЛАТНЫЙ');\nI.retry({ retries: 10, minTimeout: 1000 }).click('/html/body/div[1]/header/div[2]/div/div[2]/div/div');\nI.retry({ retries: 10, minTimeout: 1000 }).click('/html/body/div[1]/header/div[3]/ul/li[2]');\nI.retry({ retries: 10, minTimeout: 1000 }).click('/html/body/div[1]/header/div[3]/div[3]/ul/li[1]/a');\nI.retry({ retries: 10, minTimeout: 1000 }).see('Вход в систему');\nI.fillField(\"input[name='login[username]']\", \"tolik_kos@mail.ru\");\nI.fillField(\"input[name='login[password]']\", \"feq0ZYIc\");\nI.retry({ retries: 10, minTimeout: 1000 }).click('//*[@id=\"send2\"]');",
            "err": {},
            "isRoot": false,
            "uuid": "9e351690-6a17-4cb4-bbad-d627a70cdb71",
            "isHook": false,
            "skipped": false
          },
          {
            "title": "test registration",
            "fullTitle": "ST: test registration",
            "timedOut": false,
            "duration": 14630,
            "state": "passed",
            "speed": "slow",
            "pass": true,
            "fail": false,
            "pending": false,
            "code": "I.amOnPage('https://freshub.ru');\nI.retry({ retries: 10, minTimeout: 1000 }).see('ЗВОНОК БЕСПЛАТНЫЙ');\nI.retry({ retries: 10, minTimeout: 1000 }).click('/html/body/div[1]/header/div[2]/div/div[2]/div/div');\nI.retry({ retries: 10, minTimeout: 1000 }).click('/html/body/div[1]/header/div[3]/ul/li[2]');\nI.retry({ retries: 10, minTimeout: 1000 }).click('/html/body/div[1]/header/div[3]/div[3]/ul/li[1]/a');\nI.retry({ retries: 10, minTimeout: 1000 }).see('Вход в систему');\nI.retry({ retries: 10, minTimeout: 1000 }).click('//*[@id=\"maincontent\"]/div[2]/div/div[4]/div[2]/div[2]/div/div/a');\nI.retry({ retries: 10, minTimeout: 1000 }).see('Создать новую учётную запись клиента');\nI.fillField(\"input[name='firstname']\", \"Тестовый\");\nI.fillField(\"input[name='lastname']\", \"Аккаунт\");\nI.fillField(\"input[name='email']\", \"tolik_kos@mail.ru\");\nI.fillField(\"input[name='password']\", \"feq0ZYIc\");\nI.fillField(\"input[name='password_confirmation']\", \"feq0ZYIc\");\nI.retry({ retries: 10, minTimeout: 1000 }).click('//*[@id=\"form-validate\"]/div/div[1]/button');",
            "err": {},
            "isRoot": false,
            "uuid": "53ce1134-ec4a-4917-ab5d-036bcccda5ee",
            "isHook": false,
            "skipped": false
          },
          {
            "title": "test search",
            "fullTitle": "ST: test search",
            "timedOut": false,
            "duration": 11075,
            "state": "passed",
            "speed": "slow",
            "pass": true,
            "fail": false,
            "pending": false,
            "code": "I.amOnPage('https://freshub.ru');\nI.retry({ retries: 10, minTimeout: 1000 }).see('ЗВОНОК БЕСПЛАТНЫЙ');\nI.retry({ retries: 10, minTimeout: 1000 }).fillField(\"input[id='search']\", \"мыло\");\nI.retry({ retries: 10, minTimeout: 1000 }).click(\"//*[@id='search_mini_form']/div/div/button\");\nI.retry({ retries: 10, minTimeout: 1000 }).see(\"Результаты поиска для: 'мыло'\");",
            "err": {},
            "isRoot": false,
            "uuid": "cfa2245a-0f64-4c04-ad82-0fbaf36526a5",
            "isHook": false,
            "skipped": false
          },
          {
            "title": "screenshots",
            "fullTitle": "ST: screenshots",
            "timedOut": false,
            "duration": 30568,
            "state": "passed",
            "speed": "slow",
            "pass": true,
            "fail": false,
            "pending": false,
            "context": "[\n  \"/Users/hamster/codecept/mochawesome-report/ST_main.png\",\n  \"/Users/hamster/codecept/mochawesome-report/ST_login.png\",\n  \"/Users/hamster/codecept/mochawesome-report/ST_registration.png\",\n  \"/Users/hamster/codecept/mochawesome-report/ST_catalog.png\",\n  \"/Users/hamster/codecept/mochawesome-report/ST_customer-service.png\",\n  \"/Users/hamster/codecept/mochawesome-report/ST_vozvrat-tovara.png\",\n  \"/Users/hamster/codecept/mochawesome-report/ST_contact.png\",\n  \"/Users/hamster/codecept/mochawesome-report/ST_uslovija-prodazhi.png\",\n  \"/Users/hamster/codecept/mochawesome-report/ST_politika.png\",\n  \"/Users/hamster/codecept/mochawesome-report/ST_about.png\",\n  \"/Users/hamster/codecept/mochawesome-report/ST_franchising.png\",\n  \"/Users/hamster/codecept/mochawesome-report/ST_optovie-prodazi.png\"\n]",
            "code": "I.amOnPage('https://freshub.ru/');\nI.saveScreenshot('ST_main.png');\nI.addMochawesomeContext('/Users/hamster/codecept/mochawesome-report/ST_main.png');\nI.amOnPage('https://freshub.ru/customer/account/login/referer/');\nI.saveScreenshot('ST_login.png');\nI.addMochawesomeContext('/Users/hamster/codecept/mochawesome-report/ST_login.png');\nI.amOnPage('https://freshub.ru/customer/account/create/');\nI.saveScreenshot('ST_registration.png');\nI.addMochawesomeContext('/Users/hamster/codecept/mochawesome-report/ST_registration.png');\nI.amOnPage('https://freshub.ru/uhod-dlja-tela.html');\nI.saveScreenshot('ST_catalog.png');\nI.addMochawesomeContext('/Users/hamster/codecept/mochawesome-report/ST_catalog.png');\nI.amOnPage('https://freshub.ru/customer-service');\nI.saveScreenshot('ST_customer-service.png');\nI.addMochawesomeContext('/Users/hamster/codecept/mochawesome-report/ST_customer-service.png');\nI.amOnPage('https://freshub.ru/vozvrat-tovara');\nI.saveScreenshot('ST_vozvrat-tovara.png');\nI.addMochawesomeContext('/Users/hamster/codecept/mochawesome-report/ST_vozvrat-tovara.png');\nI.amOnPage('https://freshub.ru/contact/');\nI.saveScreenshot('ST_contact.png');\nI.addMochawesomeContext('/Users/hamster/codecept/mochawesome-report/ST_contact.png');\nI.amOnPage('https://freshub.ru/uslovija-prodazhi-tovarov');\nI.saveScreenshot('ST_uslovija-prodazhi.png');\nI.addMochawesomeContext('/Users/hamster/codecept/mochawesome-report/ST_uslovija-prodazhi.png');\nI.amOnPage('https://freshub.ru/politika-v-otnoshenii-obrabotki-personal-nyh-dannyh');\nI.saveScreenshot('ST_politika.png');\nI.addMochawesomeContext('/Users/hamster/codecept/mochawesome-report/ST_politika.png');\nI.amOnPage('https://freshub.ru/about-us');\nI.saveScreenshot('ST_about.png');\nI.addMochawesomeContext('/Users/hamster/codecept/mochawesome-report/ST_about.png');\nI.amOnPage('https://freshub.ru/contact/franchising/');\nI.saveScreenshot('ST_franchising.png');\nI.addMochawesomeContext('/Users/hamster/codecept/mochawesome-report/ST_franchising.png');\nI.amOnPage('https://freshub.ru/contact/franchising/optovie-prodazi/');\nI.saveScreenshot('ST_optovie-prodazi.png');\nI.addMochawesomeContext('/Users/hamster/codecept/mochawesome-report/ST_optovie-prodazi.png');",
            "err": {},
            "isRoot": false,
            "uuid": "e51d09d8-9673-4e4c-a8c1-b1da0544c0bd",
            "isHook": false,
            "skipped": false
          }
        ],
        "suites": [],
        "passes": [
          "9e351690-6a17-4cb4-bbad-d627a70cdb71",
          "53ce1134-ec4a-4917-ab5d-036bcccda5ee",
          "cfa2245a-0f64-4c04-ad82-0fbaf36526a5",
          "e51d09d8-9673-4e4c-a8c1-b1da0544c0bd"
        ],
        "failures": [
          "a87629db-2ff7-4c90-8110-ab00a277bb91"
        ],
        "pending": [],
        "skipped": [],
        "duration": 153088,
        "root": false,
        "rootEmpty": false,
        "_timeout": 0
      },
      {
        "uuid": "3359f386-e582-418a-88b0-977800c218a5",
        "title": "WF",
        "fullFile": "/Users/hamster/codecept/WF_links_test.js",
        "file": "/WF_links_test.js",
        "beforeHooks": [
          {
            "title": "\"before all\" hook: codeceptjs.beforeSuite",
            "fullTitle": "WF \"before all\" hook: codeceptjs.beforeSuite",
            "timedOut": false,
            "duration": 0,
            "pass": false,
            "fail": false,
            "pending": false,
            "code": "scenario.suiteSetup(suite)",
            "err": {},
            "isRoot": false,
            "uuid": "677f365a-c88f-447b-a87c-fe4ce8b9f5a6",
            "isHook": true,
            "skipped": false
          },
          {
            "title": "\"before each\" hook: codeceptjs.before",
            "fullTitle": "WF \"before each\" hook: codeceptjs.before",
            "timedOut": false,
            "duration": 4550,
            "pass": false,
            "fail": false,
            "pending": false,
            "code": "scenario.setup(suite)",
            "err": {},
            "isRoot": false,
            "uuid": "6a8c1d6c-44b8-417c-adb0-692bcbbc65ac",
            "isHook": true,
            "skipped": false
          }
        ],
        "afterHooks": [
          {
            "title": "\"after all\" hook: codeceptjs.afterSuite",
            "fullTitle": "WF \"after all\" hook: codeceptjs.afterSuite",
            "timedOut": false,
            "duration": 0,
            "pass": false,
            "fail": false,
            "pending": false,
            "code": "scenario.suiteTeardown(suite)",
            "err": {},
            "isRoot": false,
            "uuid": "81f28ef3-6144-44ce-ba2a-eaeaba4d1c0d",
            "isHook": true,
            "skipped": false
          },
          {
            "title": "\"after each\" hook: finalize codeceptjs",
            "fullTitle": "WF \"after each\" hook: finalize codeceptjs",
            "timedOut": false,
            "duration": 1048,
            "pass": false,
            "fail": false,
            "pending": false,
            "code": "scenario.teardown(suite)",
            "err": {},
            "isRoot": false,
            "uuid": "4883db95-640d-455a-863c-c101149a351a",
            "isHook": true,
            "skipped": false
          }
        ],
        "tests": [
          {
            "title": "test links",
            "fullTitle": "WF: test links",
            "timedOut": false,
            "duration": 81483,
            "state": "failed",
            "pass": false,
            "fail": true,
            "pending": false,
            "context": "\"test_links.failed.png\"",
            "code": "I.amOnPage('https://ru.wileyfox.com/');\nI.retry({ retries: 10, minTimeout: 1000 }).see('ПАРТНЁРЫ');\nI.retry({ retries: 10, minTimeout: 1000 }).click('//*[@id=\"menu_mobile\"]');\nI.retry({ retries: 10, minTimeout: 1000 }).click('//*[@id=\"menu_sm\"]/li[2]/a');\nI.retry({ retries: 10, minTimeout: 1000 }).see('СЛУЖБА ПОДДЕРЖКИ');\nI.retry({ retries: 10, minTimeout: 1000 }).click('//*[@id=\"menu_mobile\"]');\nI.retry({ retries: 10, minTimeout: 1000 }).click('//*[@id=\"menu_sm\"]/li[3]/a');\nI.retry({ retries: 10, minTimeout: 1000 }).see('ЧТО НАХОДИТСЯ');\nI.retry({ retries: 10, minTimeout: 1000 }).click('//*[@id=\"menu_mobile\"]');\nI.retry({ retries: 10, minTimeout: 1000 }).click('//*[@id=\"menu_sm\"]/li[4]/a');\nI.retry({ retries: 10, minTimeout: 1000 }).see('Задать вопрос в техподдержку');\nI.retry({ retries: 10, minTimeout: 1000 }).click('/html/body/div[5]/div/div[1]/div[2]/ul/li[1]/a');\nI.retry({ retries: 10, minTimeout: 1000 }).see('ОБСЛУЖИВАНИЕ');\nI.retry({ retries: 10, minTimeout: 1000 }).click('/html/body/div[5]/div/div[1]/div[2]/ul/li[2]/a');\nI.retry({ retries: 10, minTimeout: 1000 }).see('СЛУЖБА ПОДДЕРЖКИ');\nI.retry({ retries: 10, minTimeout: 1000 }).click('/html/body/div[5]/div/div[1]/div[3]/ul/li[1]/a');\nI.retry({ retries: 10, minTimeout: 1000 }).see('ЧТО НАХОДИТСЯ');\nI.retry({ retries: 10, minTimeout: 1000 }).click('/html/body/div[6]/div/div[1]/div[3]/ul/li[2]/a');\nI.retry({ retries: 10, minTimeout: 1000 }).see('КОНТАКТЫ');\nI.retry({ retries: 10, minTimeout: 1000 }).click('//*[@id=\"top-menu\"]/div[1]/div[3]/a/i');\nI.retry({ retries: 10, minTimeout: 1000 }).see('ОЧИСТИТЬ ВСЮ ТАБЛИЦУ');",
            "err": {
              "message": "Error: expected web page to include \"ЧТО НАХОДИТСЯ\"",
              "estack": "expected web page to include \"ЧТО НАХОДИТСЯ\"\n\nScenario Steps:\n\n- I.see(\"ЧТО НАХОДИТСЯ\") at Object.obj.(anonymous function).obj.(anonymous function) [as see] (node_modules/codeceptjs/lib/actor.js:28:26)\n- I.click(\"//*[@id=\"menu_sm\"]/li[3]/a\") at Object.obj.(anonymous function).obj.(anonymous function) [as click] (node_modules/codeceptjs/lib/actor.js:28:26)\n- I.click(\"//*[@id=\"menu_mobile\"]\") at Object.obj.(anonymous function).obj.(anonymous function) [as click] (node_modules/codeceptjs/lib/actor.js:28:26)\n- I.see(\"СЛУЖБА ПОДДЕРЖКИ\") at Object.obj.(anonymous function).obj.(anonymous function) [as see] (node_modules/codeceptjs/lib/actor.js:28:26)\n- I.see(\"СЛУЖБА ПОДДЕРЖКИ\") at Object.obj.(anonymous function).obj.(anonymous function) [as see] (node_modules/codeceptjs/lib/actor.js:28:26)\n- I.click(\"//*[@id=\"menu_sm\"]/li[2]/a\") at Object.obj.(anonymous function).obj.(anonymous function) [as click] (node_modules/codeceptjs/lib/actor.js:28:26)\n- I.click(\"//*[@id=\"menu_mobile\"]\") at Object.obj.(anonymous function).obj.(anonymous function) [as click] (node_modules/codeceptjs/lib/actor.js:28:26)\n- I.see(\"ПАРТНЁРЫ\") at Object.obj.(anonymous function).obj.(anonymous function) [as see] (node_modules/codeceptjs/lib/actor.js:28:26)\n- I.amOnPage(\"https://ru.wileyfox.com/\") at Object.obj.(anonymous function).obj.(anonymous function) [as amOnPage] (node_modules/codeceptjs/lib/actor.js:28:26)\n\n",
              "diff": "- МОЙ КАБИНЕТ\n- СРАВНЕНИЕ\n- \n- SPARK X\n- НОВИНКА! Теперь в России!\n- КУПИТЬ ЗА 5 490 Р\n- \n- \n- \n- \n- --( 91 lines more )---\n+ ЧТО НАХОДИТСЯ\n"
            },
            "isRoot": false,
            "uuid": "0d017494-1595-4abf-9bfa-bb7734e473b4",
            "isHook": false,
            "skipped": false
          },
          {
            "title": "screenshots",
            "fullTitle": "WF: screenshots",
            "timedOut": false,
            "duration": 17053,
            "state": "passed",
            "speed": "slow",
            "pass": true,
            "fail": false,
            "pending": false,
            "context": "[\n  \"/Users/hamster/codecept/mochawesome-report/WF_main.png\",\n  \"/Users/hamster/codecept/mochawesome-report/WF_smartphones.png\",\n  \"/Users/hamster/codecept/mochawesome-report/WF_support.png\",\n  \"/Users/hamster/codecept/mochawesome-report/WF_about.png\",\n  \"/Users/hamster/codecept/mochawesome-report/WF_compare.png\",\n  \"/Users/hamster/codecept/mochawesome-report/WF_service.png\",\n  \"/Users/hamster/codecept/mochawesome-report/WF_contacts.png\",\n  \"/Users/hamster/codecept/mochawesome-report/WF_catalog.png\"\n]",
            "code": "I.amOnPage('https://ru.wileyfox.com/');\nI.saveScreenshot('WF_main.png');\nI.addMochawesomeContext('/Users/hamster/codecept/mochawesome-report/WF_main.png');\nI.amOnPage('https://ru.wileyfox.com/smartphones/');\nI.saveScreenshot('WF_smartphones.png');\nI.addMochawesomeContext('/Users/hamster/codecept/mochawesome-report/WF_smartphones.png');\nI.amOnPage('https://ru.wileyfox.com/support/');\nI.saveScreenshot('WF_support.png');\nI.addMochawesomeContext('/Users/hamster/codecept/mochawesome-report/WF_support.png');\nI.amOnPage('https://ru.wileyfox.com/about-us/');\nI.saveScreenshot('WF_about.png');\nI.addMochawesomeContext('/Users/hamster/codecept/mochawesome-report/WF_about.png');\nI.amOnPage('https://ru.wileyfox.com/compare/');\nI.saveScreenshot('WF_compare.png');\nI.addMochawesomeContext('/Users/hamster/codecept/mochawesome-report/WF_compare.png');\nI.amOnPage('https://ru.wileyfox.com/service-and-warranty/');\nI.saveScreenshot('WF_service.png');\nI.addMochawesomeContext('/Users/hamster/codecept/mochawesome-report/WF_service.png');\nI.amOnPage('https://ru.wileyfox.com/about-us/contacts/');\nI.saveScreenshot('WF_contacts.png');\nI.addMochawesomeContext('/Users/hamster/codecept/mochawesome-report/WF_contacts.png');\nI.amOnPage('https://ru.wileyfox.com/products/swift/');\nI.saveScreenshot('WF_catalog.png');\nI.addMochawesomeContext('/Users/hamster/codecept/mochawesome-report/WF_catalog.png');",
            "err": {},
            "isRoot": false,
            "uuid": "3ac54c43-07cc-4aed-9aaa-ce9d2c76230c",
            "isHook": false,
            "skipped": false
          }
        ],
        "suites": [],
        "passes": [
          "3ac54c43-07cc-4aed-9aaa-ce9d2c76230c"
        ],
        "failures": [
          "0d017494-1595-4abf-9bfa-bb7734e473b4"
        ],
        "pending": [],
        "skipped": [],
        "duration": 98536,
        "root": false,
        "rootEmpty": false,
        "_timeout": 0
      }
    ],
    "passes": [],
    "failures": [],
    "pending": [],
    "skipped": [],
    "duration": 0,
    "root": true,
    "rootEmpty": true,
    "_timeout": 0
  },
  "copyrightYear": 2018
}