{
  "stats": {
    "suites": 10,
    "tests": 37,
    "passes": 19,
    "pending": 0,
    "failures": 18,
    "start": "2018-10-16T15:14:06.058Z",
    "end": "2018-10-16T16:10:28.070Z",
    "duration": 3382012,
    "testsRegistered": 37,
    "passPercent": 51.4,
    "pendingPercent": 0,
    "other": 0,
    "hasOther": false,
    "skipped": 0,
    "hasSkipped": false,
    "passPercentClass": "warning",
    "pendingPercentClass": "danger"
  },
  "suites": {
    "uuid": "c01c6b7b-7745-4f14-aaf4-a380a5b4e7c1",
    "title": "",
    "fullFile": "",
    "file": "",
    "beforeHooks": [],
    "afterHooks": [],
    "tests": [],
    "suites": [
      {
        "uuid": "55117106-bfca-4a9c-bb32-a5104472b29d",
        "title": "CANON",
        "fullFile": "/Users/hamster/codecept/CANON_test.js",
        "file": "/CANON_test.js",
        "beforeHooks": [
          {
            "title": "\"before all\" hook: codeceptjs.beforeSuite",
            "fullTitle": "CANON \"before all\" hook: codeceptjs.beforeSuite",
            "timedOut": false,
            "duration": 1,
            "pass": false,
            "fail": false,
            "pending": false,
            "code": "scenario.suiteSetup(suite)",
            "err": {},
            "isRoot": false,
            "uuid": "b59a5f02-3450-4b18-91e2-dbc759765b2d",
            "isHook": true,
            "skipped": false
          },
          {
            "title": "\"before each\" hook: codeceptjs.before",
            "fullTitle": "CANON \"before each\" hook: codeceptjs.before",
            "timedOut": false,
            "duration": 4130,
            "pass": false,
            "fail": false,
            "pending": false,
            "code": "scenario.setup(suite)",
            "err": {},
            "isRoot": false,
            "uuid": "3dd71e33-da97-4488-8dd5-d94a66288e61",
            "isHook": true,
            "skipped": false
          }
        ],
        "afterHooks": [
          {
            "title": "\"after all\" hook: codeceptjs.afterSuite",
            "fullTitle": "CANON \"after all\" hook: codeceptjs.afterSuite",
            "timedOut": false,
            "duration": 1,
            "pass": false,
            "fail": false,
            "pending": false,
            "code": "scenario.suiteTeardown(suite)",
            "err": {},
            "isRoot": false,
            "uuid": "a445dffa-e35a-4509-a052-321322cb48a0",
            "isHook": true,
            "skipped": false
          },
          {
            "title": "\"after each\" hook: finalize codeceptjs",
            "fullTitle": "CANON \"after each\" hook: finalize codeceptjs",
            "timedOut": false,
            "duration": 1020,
            "pass": false,
            "fail": false,
            "pending": false,
            "code": "scenario.teardown(suite)",
            "err": {},
            "isRoot": false,
            "uuid": "d953c6f9-771d-4d94-9d13-6a9ed917dcff",
            "isHook": true,
            "skipped": false
          }
        ],
        "tests": [
          {
            "title": "test links",
            "fullTitle": "CANON: test links",
            "timedOut": false,
            "duration": 78382,
            "state": "failed",
            "pass": false,
            "fail": true,
            "pending": false,
            "context": "[\n  \"/Users/hamster/codecept/mochawesome-report/CANON_main.png\",\n  \"/Users/hamster/codecept/mochawesome-report/CANON_main.png\",\n  \"test_links.failed.png\"\n]",
            "code": "I.amOnPage('https://store.canon.ru/');\nI.retry({ retries: 10, minTimeout: 1000 }).see('Больше новостей и акций');\nI.saveScreenshot('CANON_main.png');\nI.addMochawesomeContext('/Users/hamster/codecept/mochawesome-report/CANON_main.png');\nI.retry({ retries: 10, minTimeout: 1000 }).click('//*[@id=\"nav-toggle\"]');\nI.retry({ retries: 10, minTimeout: 1000 }).see('ФОТОАППАРАТЫ');\nI.retry({ retries: 10, minTimeout: 1000 }).click('//*[@id=\"ui-id-3\"]');\nI.retry({ retries: 10, minTimeout: 1000 }).see('Новинки');\nI.saveScreenshot('CANON_menu.png');\nI.addMochawesomeContext('/Users/hamster/codecept/mochawesome-report/CANON_menu.png');\nI.retry({ retries: 10, minTimeout: 1000 }).click('//*[@id=\"ui-id-11\"]');\nI.retry({ retries: 10, minTimeout: 1000 }).seeInSource('\"page-title-wrapper\">Новинки');\nI.saveScreenshot('CANON_catalog.png');\nI.addMochawesomeContext('/Users/hamster/codecept/mochawesome-report/CANON_catalog.png');\nI.retry({ retries: 10, minTimeout: 1000 }).click('//*[@id=\"nav-toggle\"]');\nI.retry({ retries: 10, minTimeout: 1000 }).click('/html/body/div[1]/div/div/div[3]');\nI.retry({ retries: 10, minTimeout: 1000 }).click('//*[@id=\"store.links\"]/ul/li[2]/a');\nI.retry({ retries: 10, minTimeout: 1000 }).see('Вход для клиентов');\nI.saveScreenshot('CANON_login.png');\nI.addMochawesomeContext('/Users/hamster/codecept/mochawesome-report/CANON_login.png');\nI.retry({ retries: 10, minTimeout: 1000 }).click('//*[@id=\"maincontent\"]/div[4]/div/div[2]/div[2]/div[2]/div/div/a');\nI.retry({ retries: 10, minTimeout: 1000 }).see('Создать новый аккаунт');\nI.saveScreenshot('CANON_registration.png');\nI.addMochawesomeContext('/Users/hamster/codecept/mochawesome-report/CANON_registration.png');\nI.retry({ retries: 10, minTimeout: 1000 }).click('//*[@id=\"header-right\"]/div[2]/a');\nI.retry({ retries: 10, minTimeout: 1000 }).see('У Вас нет товаров в корзине.');\nI.saveScreenshot('CANON_emptyCart.png');\nI.addMochawesomeContext('/Users/hamster/codecept/mochawesome-report/CANON_emptyCart.png');\nI.retry({ retries: 10, minTimeout: 1000 }).click('/html/body/div[1]/footer/div/div[2]/ul/li[1]/a');\nI.retry({ retries: 10, minTimeout: 1000 }).see('Компания Canon - мировой лидер');\nI.saveScreenshot('CANON_about.png');\nI.addMochawesomeContext('/Users/hamster/codecept/mochawesome-report/CANON_about.png');\nI.retry({ retries: 10, minTimeout: 1000 }).click('/html/body/div[1]/footer/div/div[2]/ul/li[2]/a');\nI.retry({ retries: 10, minTimeout: 1000 }).see('Выбрать товар в интернет-магазине ');\nI.saveScreenshot('CANON_kak-kupit.png');\nI.addMochawesomeContext('/Users/hamster/codecept/mochawesome-report/CANON_kak-kupit.png');\nI.retry({ retries: 10, minTimeout: 1000 }).click('/html/body/div[1]/footer/div/div[2]/ul/li[3]/a');\nI.retry({ retries: 10, minTimeout: 1000 }).see('Основные понятия');\nI.saveScreenshot('CANON_soglashenie.png');\nI.addMochawesomeContext('/Users/hamster/codecept/mochawesome-report/CANON_soglashenie.png');\nI.retry({ retries: 10, minTimeout: 1000 }).click('/html/body/div[1]/footer/div/div[2]/ul/li[4]/a');\nI.retry({ retries: 10, minTimeout: 1000 }).see('Настоящая Политика');\nI.saveScreenshot('CANON_politika.png');\nI.addMochawesomeContext('/Users/hamster/codecept/mochawesome-report/CANON_politika.png');\nI.retry({ retries: 10, minTimeout: 1000 }).click('/html/body/div[1]/footer/div/div[2]/ul/li[5]/a');\nI.retry({ retries: 10, minTimeout: 1000 }).see('Изготовитель предоставляет');\nI.saveScreenshot('CANON_pravila.png');\nI.addMochawesomeContext('/Users/hamster/codecept/mochawesome-report/CANON_pravila.png');\nI.retry({ retries: 10, minTimeout: 1000 }).click('/html/body/div[1]/footer/div/div[2]/ul/li[6]/a');\nI.retry({ retries: 10, minTimeout: 1000 }).see('Интернет-магазин');\nI.saveScreenshot('CANON_questions.png');\nI.addMochawesomeContext('/Users/hamster/codecept/mochawesome-report/CANON_questions.png');\nI.retry({ retries: 10, minTimeout: 1000 }).click('/html/body/div[1]/footer/div/div[2]/ul/li[7]/a');\nI.retry({ retries: 10, minTimeout: 1000 }).see('Уважаемые покупатели,');\nI.saveScreenshot('CANON_dostavka.png');\nI.addMochawesomeContext('/Users/hamster/codecept/mochawesome-report/CANON_dostavka.png');\nI.retry({ retries: 10, minTimeout: 1000 }).click('/html/body/div[1]/footer/div/div[2]/ul/li[8]/a');\nI.retry({ retries: 10, minTimeout: 1000 }).see('Возврат товара надлежащего качества');\nI.saveScreenshot('CANON_vozvrat.png');\nI.addMochawesomeContext('/Users/hamster/codecept/mochawesome-report/CANON_vozvrat.png');\nI.retry({ retries: 10, minTimeout: 1000 }).click('/html/body/div[1]/footer/div/div[2]/ul/li[9]/a');\nI.retry({ retries: 10, minTimeout: 1000 }).see('АДРЕС ОФИСА');\nI.saveScreenshot('CANON_kontakty.png');\nI.addMochawesomeContext('/Users/hamster/codecept/mochawesome-report/CANON_kontakty.png');",
            "err": {
              "message": "Error: Element is not currently visible and may not be manipulated",
              "estack": "Element is not currently visible and may not be manipulated\n\nScenario Steps:\n\n- I.click(\"//*[@id=\"nav-toggle\"]\") at Object.obj.(anonymous function).obj.(anonymous function) [as click] (node_modules/codeceptjs/lib/actor.js:28:26)\n- I.addMochawesomeContext(\"mochawesome-report/CANON_main.png\") at Object.obj.(anonymous function).obj.(anonymous function) [as addMochawesomeContext] (/Users/hamster/codecept/node_modules/codeceptjs/lib/actor.js:28:26)\n- I.saveScreenshot(\"CANON_main.png\") at Object.obj.(anonymous function).obj.(anonymous function) [as saveScreenshot] (node_modules/codeceptjs/lib/actor.js:28:26)\n- I.see(\"Больше новостей и акций\") at Object.obj.(anonymous function).obj.(anonymous function) [as see] (node_modules/codeceptjs/lib/actor.js:28:26)\n- I.amOnPage(\"https://store.canon.ru/\") at Object.obj.(anonymous function).obj.(anonymous function) [as amOnPage] (node_modules/codeceptjs/lib/actor.js:28:26)\n\n"
            },
            "isRoot": false,
            "uuid": "d02716a5-6150-4050-8185-1013adeada91",
            "isHook": false,
            "skipped": false
          },
          {
            "title": "test login",
            "fullTitle": "CANON: test login",
            "timedOut": false,
            "duration": 77914,
            "state": "failed",
            "pass": false,
            "fail": true,
            "pending": false,
            "context": "\"test_login.failed.png\"",
            "code": "I.amOnPage('https://store.canon.ru/');\nI.retry({ retries: 10, minTimeout: 1000 }).click('//*[@id=\"nav-toggle\"]');\nI.retry({ retries: 10, minTimeout: 1000 }).click('/html/body/div[1]/div/div/div[3]');\nI.retry({ retries: 10, minTimeout: 1000 }).click('//*[@id=\"store.links\"]/ul/li[2]/a');\nI.retry({ retries: 10, minTimeout: 1000 }).see('Вход для клиентов');\nI.retry({ retries: 10, minTimeout: 1000 }).click('//*[@id=\"send2\"]');\nI.retry({ retries: 10, minTimeout: 1000 }).see('Это обязательное поле.');\nI.retry({ retries: 10, minTimeout: 1000 }).fillField('//*[@id=\"email\"]', \"tolik_kosmal.ru\");\nI.retry({ retries: 10, minTimeout: 1000 }).fillField('//*[@id=\"pass\"]', \"feq0Z\");\nI.retry({ retries: 10, minTimeout: 1000 }).click('//*[@id=\"send2\"]');\nI.retry({ retries: 10, minTimeout: 1000 }).see('Введите действительный адрес');\nI.retry({ retries: 10, minTimeout: 1000 }).fillField('//*[@id=\"email\"]', \"tolik_kos@mail.ru\");\nI.retry({ retries: 10, minTimeout: 1000 }).fillField('//*[@id=\"pass\"]', \"feq0Z\");\nI.retry({ retries: 10, minTimeout: 1000 }).click('//*[@id=\"send2\"]');\nI.retry({ retries: 10, minTimeout: 1000 }).see('Вы ввели неверные данные');\nI.retry({ retries: 10, minTimeout: 1000 }).fillField('//*[@id=\"email\"]', \"tolik_kos@mail.ru\");\nI.retry({ retries: 10, minTimeout: 1000 }).fillField('//*[@id=\"pass\"]', \"feq0ZYIc\");\nI.retry({ retries: 10, minTimeout: 1000 }).click('//*[@id=\"send2\"]');\nI.wait(3);\nI.retry({ retries: 10, minTimeout: 1000 }).click('//*[@id=\"nav-toggle\"]');\nI.retry({ retries: 10, minTimeout: 1000 }).click('/html/body/div[1]/div/div/div[3]');\nI.retry({ retries: 10, minTimeout: 1000 }).click('//*[@id=\"store.links\"]/ul/li[2]/div/ul/li[1]/a');\nI.retry({ retries: 10, minTimeout: 1000 }).see('Личный кабинет');\nI.saveScreenshot('CANON_account.png');\nI.addMochawesomeContext('/Users/hamster/codecept/mochawesome-report/CANON_account.png');",
            "err": {
              "message": "Error: Element is not currently visible and may not be manipulated",
              "estack": "Element is not currently visible and may not be manipulated\n\nScenario Steps:\n\n- I.click(\"//*[@id=\"nav-toggle\"]\") at Object.obj.(anonymous function).obj.(anonymous function) [as click] (node_modules/codeceptjs/lib/actor.js:28:26)\n- I.amOnPage(\"https://store.canon.ru/\") at Object.obj.(anonymous function).obj.(anonymous function) [as amOnPage] (node_modules/codeceptjs/lib/actor.js:28:26)\n\n"
            },
            "isRoot": false,
            "uuid": "c3d79e32-bf1e-4934-aac9-cb8187589f08",
            "isHook": false,
            "skipped": false
          },
          {
            "title": "test order",
            "fullTitle": "CANON: test order",
            "timedOut": false,
            "duration": 80441,
            "state": "failed",
            "pass": false,
            "fail": true,
            "pending": false,
            "context": "\"test_order.failed.png\"",
            "code": "I.amOnPage('https://store.canon.ru/fotobumaga-plus-glossy-ii-pp-201-4h6-10h15-sm-50-listov.html');\nI.retry({ retries: 10, minTimeout: 1000 }).fillField('//*[@id=\"qty\"]', '1');\nI.retry({ retries: 10, minTimeout: 1000 }).click('//*[@id=\"product-addtocart-button\"]');\nI.retry({ retries: 10, minTimeout: 1000 }).see(\"в Вашу корзину.\");\nI.retry({ retries: 10, minTimeout: 1000 }).click('//*[@id=\"header-right\"]/div[2]/a');\nI.wait(3);\nI.retry({ retries: 10, minTimeout: 1000 }).click('//*[@id=\"minicart-content-wrapper\"]/div[2]/div[5]/div/a');\nI.wait(3);\nI.retry({ retries: 10, minTimeout: 1000 }).fillField(\"input[class='input-text qty']\", ' ');\nI.retry({ retries: 10, minTimeout: 1000 }).click('//*[@id=\"form-validate\"]/div[2]/button[2]');\nI.wait(3);\nI.retry({ retries: 10, minTimeout: 1000 }).see(\"Это обязательное поле.\");\nI.retry({ retries: 10, minTimeout: 1000 }).fillField(\"input[class='input-text qty mage-error']\", '0');\nI.retry({ retries: 10, minTimeout: 1000 }).click('//*[@id=\"form-validate\"]/div[2]/button[2]');\nI.wait(3);\nI.retry({ retries: 10, minTimeout: 1000 }).see(\"Пожалуйста, введите число больше 0 в этом поле.\");\nI.retry({ retries: 10, minTimeout: 1000 }).fillField(\"input[class='input-text qty mage-error']\", '0.1');\nI.retry({ retries: 10, minTimeout: 1000 }).click('//*[@id=\"form-validate\"]/div[2]/button[2]');\nI.wait(3);\nI.retry({ retries: 10, minTimeout: 1000 }).see(\"Самое меньшее, что вы можете купить, это 1.\");\nI.retry({ retries: 10, minTimeout: 1000 }).fillField(\"input[class='input-text qty']\", '999');\nI.retry({ retries: 10, minTimeout: 1000 }).click('//*[@id=\"form-validate\"]/div[2]/button[2]');\nI.retry({ retries: 10, minTimeout: 1000 }).see(\"нет в таком количестве на складе.\");\nI.retry({ retries: 10, minTimeout: 1000 }).fillField(\"input[class='input-text qty']\", '9999');\nI.retry({ retries: 10, minTimeout: 1000 }).click('//*[@id=\"form-validate\"]/div[2]/button[2]');\nI.retry({ retries: 10, minTimeout: 1000 }).see(\"Самое большее, что вы можете купить, это1000.\");\nI.retry({ retries: 10, minTimeout: 1000 }).click('//*[@id=\"form-validate\"]/div[2]/button[2]');\nI.retry({ retries: 10, minTimeout: 1000 }).click('//*[@id=\"discount-coupon-form\"]/div/div[2]/div/button');\nI.retry({ retries: 10, minTimeout: 1000 }).see(\"Это обязательное поле.\");\nI.retry({ retries: 10, minTimeout: 1000 }).fillField('//*[@id=\"coupon_code\"]', '9999');\nI.retry({ retries: 10, minTimeout: 1000 }).click('//*[@id=\"discount-coupon-form\"]/div/div[2]/div/button');\nI.retry({ retries: 10, minTimeout: 1000 }).see(\"Код купона\");\nI.retry({ retries: 10, minTimeout: 1000 }).fillField(\"input[class='input-text qty']\", '1');\nI.retry({ retries: 10, minTimeout: 1000 }).click('//*[@id=\"form-validate\"]/div[2]/button[2]');\nI.retry({ retries: 10, minTimeout: 1000 }).click('//*[@id=\"maincontent\"]/div[4]/div/div[2]/div[1]/ul/li[1]/button');\nI.retry({ retries: 10, minTimeout: 1000 }).see(\"ОФОРМЛЕНИЕ ЗАКАЗА\");\nI.saveScreenshot('CANON_order.png');\nI.addMochawesomeContext('/Users/hamster/codecept/mochawesome-report/CANON_order.png');",
            "err": {
              "message": "Error: expected web page to include \"Самое меньшее, что вы можете купить, это 1.\"",
              "estack": "expected web page to include \"Самое меньшее, что вы можете купить, это 1.\"\n\nScenario Steps:\n\n- I.see(\"Самое меньшее, что вы можете купить, это 1.\") at Object.obj.(anonymous function).obj.(anonymous function) [as see] (node_modules/codeceptjs/lib/actor.js:28:26)\n- I.wait(3) at Object.obj.(anonymous function).obj.(anonymous function) [as wait] (node_modules/codeceptjs/lib/actor.js:28:26)\n- I.click(\"//*[@id=\"form-validate\"]/div[2]/button[2]\") at Object.obj.(anonymous function).obj.(anonymous function) [as click] (node_modules/codeceptjs/lib/actor.js:28:26)\n- I.fillField(\"input[class='input-text qty mage-error']\", \"0.1\") at Object.obj.(anonymous function).obj.(anonymous function) [as fillField] (node_modules/codeceptjs/lib/actor.js:28:26)\n- I.see(\"Пожалуйста, введите число больше 0 в этом поле.\") at Object.obj.(anonymous function).obj.(anonymous function) [as see] (node_modules/codeceptjs/lib/actor.js:28:26)\n- I.wait(3) at Object.obj.(anonymous function).obj.(anonymous function) [as wait] (node_modules/codeceptjs/lib/actor.js:28:26)\n- I.click(\"//*[@id=\"form-validate\"]/div[2]/button[2]\") at Object.obj.(anonymous function).obj.(anonymous function) [as click] (node_modules/codeceptjs/lib/actor.js:28:26)\n- I.fillField(\"input[class='input-text qty mage-error']\", \"0\") at Object.obj.(anonymous function).obj.(anonymous function) [as fillField] (node_modules/codeceptjs/lib/actor.js:28:26)\n- I.see(\"Это обязательное поле.\") at Object.obj.(anonymous function).obj.(anonymous function) [as see] (node_modules/codeceptjs/lib/actor.js:28:26)\n- I.wait(3) at Object.obj.(anonymous function).obj.(anonymous function) [as wait] (node_modules/codeceptjs/lib/actor.js:28:26)\n- I.click(\"//*[@id=\"form-validate\"]/div[2]/button[2]\") at Object.obj.(anonymous function).obj.(anonymous function) [as click] (node_modules/codeceptjs/lib/actor.js:28:26)\n- I.fillField(\"input[class='input-text qty']\", \" \") at Object.obj.(anonymous function).obj.(anonymous function) [as fillField] (node_modules/codeceptjs/lib/actor.js:28:26)\n- I.wait(3) at Object.obj.(anonymous function).obj.(anonymous function) [as wait] (node_modules/codeceptjs/lib/actor.js:28:26)\n- I.click(\"//*[@id=\"minicart-content-wrapper\"]/div[2]/div[5]/div/a\") at Object.obj.(anonymous function).obj.(anonymous function) [as click] (node_modules/codeceptjs/lib/actor.js:28:26)\n- I.wait(3) at Object.obj.(anonymous function).obj.(anonymous function) [as wait] (node_modules/codeceptjs/lib/actor.js:28:26)\n- I.click(\"//*[@id=\"header-right\"]/div[2]/a\") at Object.obj.(anonymous function).obj.(anonymous function) [as click] (node_modules/codeceptjs/lib/actor.js:28:26)\n- I.see(\"в Вашу корзину.\") at Object.obj.(anonymous function).obj.(anonymous function) [as see] (node_modules/codeceptjs/lib/actor.js:28:26)\n- I.see(\"в Вашу корзину.\") at Object.obj.(anonymous function).obj.(anonymous function) [as see] (node_modules/codeceptjs/lib/actor.js:28:26)\n- I.click(\"//*[@id=\"product-addtocart-button\"]\") at Object.obj.(anonymous function).obj.(anonymous function) [as click] (node_modules/codeceptjs/lib/actor.js:28:26)\n- I.fillField(\"//*[@id=\"qty\"]\", \"1\") at Object.obj.(anonymous function).obj.(anonymous function) [as fillField] (node_modules/codeceptjs/lib/actor.js:28:26)\n- I.amOnPage(\"https://store.canon.ru/fotobumaga-plus-glossy-ii-pp-201-4h6-10h15-sm-50-listov.html\") at Object.obj.(anonymous function).obj.(anonymous function) [as amOnPage] (node_modules/codeceptjs/lib/actor.js:28:26)\n\n",
              "diff": "- Войти Создать аккаунт\n- 8 (800) 700-28-19 #5\n- Бесплатный звонок по России\n- 09:00 - 21:00 ПН-ВС (МСК)\n- Моя корзина\n- 2\n- 2\n- ФОТОАППАРАТЫ\n- ОБЪЕКТИВЫ\n- ВИДЕОКАМЕРЫ\n- --( 43 lines more )---\n+ Самое меньшее, что вы можете купить, это 1.\n"
            },
            "isRoot": false,
            "uuid": "263fb9c1-b458-4e53-af7a-fd294adc116b",
            "isHook": false,
            "skipped": false
          },
          {
            "title": "test registration",
            "fullTitle": "CANON: test registration",
            "timedOut": false,
            "duration": 77870,
            "state": "failed",
            "pass": false,
            "fail": true,
            "pending": false,
            "context": "\"test_registration.failed.png\"",
            "code": "I.amOnPage('https://store.canon.ru/');\nI.retry({ retries: 10, minTimeout: 1000 }).click('//*[@id=\"nav-toggle\"]');\nI.retry({ retries: 10, minTimeout: 1000 }).click('/html/body/div[1]/div/div/div[3]');\nI.retry({ retries: 10, minTimeout: 1000 }).click('//*[@id=\"store.links\"]/ul/li[3]/a');\nI.retry({ retries: 10, minTimeout: 1000 }).see('Создать новый аккаунт');\nI.retry({ retries: 10, minTimeout: 1000 }).click('//*[@id=\"canon-agreement-checkbox\"]');\nI.retry({ retries: 10, minTimeout: 1000 }).click('//*[@id=\"canon-fz-checkbox\"]');\nI.retry({ retries: 10, minTimeout: 1000 }).click('//*[@id=\"form-validate\"]/div/div[1]/button');\nI.retry({ retries: 10, minTimeout: 1000 }).see('Это обязательное поле.');\nI.retry({ retries: 10, minTimeout: 1000 }).fillField('//*[@id=\"firstname\"]', \"tolik_kosmal.ru\");\nI.retry({ retries: 10, minTimeout: 1000 }).fillField('//*[@id=\"lastname\"]', \"tolik_kosmal.ru\");\nI.retry({ retries: 10, minTimeout: 1000 }).fillField('//*[@id=\"email_address\"]', \"tolik_kosmal.ru\");\nI.retry({ retries: 10, minTimeout: 1000 }).fillField('//*[@id=\"password\"]', \"feq\");\nI.retry({ retries: 10, minTimeout: 1000 }).fillField('//*[@id=\"password-confirmation\"]', \"fe\");\nI.retry({ retries: 10, minTimeout: 1000 }).fillField('//*[@id=\"captcha_user_create\"]', \"tolik_kosmal.ru\");\nI.retry({ retries: 10, minTimeout: 1000 }).click('//*[@id=\"form-validate\"]/div/div[1]/button');\nI.retry({ retries: 10, minTimeout: 1000 }).see('Введите действительный адрес ');\nI.retry({ retries: 10, minTimeout: 1000 }).see('Минимальная длина');\nI.retry({ retries: 10, minTimeout: 1000 }).see('Введите одно и тоже значение');\nI.retry({ retries: 10, minTimeout: 1000 }).fillField('//*[@id=\"firstname\"]', \"tolik_kosmal.ru\");\nI.retry({ retries: 10, minTimeout: 1000 }).fillField('//*[@id=\"lastname\"]', \"tolik_kosmal.ru\");\nI.retry({ retries: 10, minTimeout: 1000 }).fillField('//*[@id=\"email_address\"]', \"tolik_kos@mail.ru\");\nI.retry({ retries: 10, minTimeout: 1000 }).fillField('//*[@id=\"password\"]', \"feq0ZYIc\");\nI.retry({ retries: 10, minTimeout: 1000 }).fillField('//*[@id=\"password-confirmation\"]', \"feq0ZYIc\");\nI.retry({ retries: 10, minTimeout: 1000 }).fillField('//*[@id=\"captcha_user_create\"]', \"tolik_kosmal.ru\");\nI.retry({ retries: 10, minTimeout: 1000 }).click('//*[@id=\"form-validate\"]/div/div[1]/button');\nI.retry({ retries: 10, minTimeout: 1000 }).see('Вы уже зарегистрированы');",
            "err": {
              "message": "Error: Element is not currently visible and may not be manipulated",
              "estack": "Element is not currently visible and may not be manipulated\n\nScenario Steps:\n\n- I.click(\"//*[@id=\"nav-toggle\"]\") at Object.obj.(anonymous function).obj.(anonymous function) [as click] (node_modules/codeceptjs/lib/actor.js:28:26)\n- I.amOnPage(\"https://store.canon.ru/\") at Object.obj.(anonymous function).obj.(anonymous function) [as amOnPage] (node_modules/codeceptjs/lib/actor.js:28:26)\n\n"
            },
            "isRoot": false,
            "uuid": "2322c346-bd59-410c-af18-3b411dbd1476",
            "isHook": false,
            "skipped": false
          },
          {
            "title": "test search",
            "fullTitle": "CANON: test search",
            "timedOut": false,
            "duration": 2485,
            "state": "failed",
            "pass": false,
            "fail": true,
            "pending": false,
            "context": "\"test_search.failed.png\"",
            "code": "I.amOnPage('https://store.canon.ru/');\nI.retry({ retries: 10, minTimeout: 1000 }).click('//*[@id=\"popup-search-button\"]/div');\nI.fillField('//*[@id=\"search\"]', 'фото');\nI.retry({ retries: 10, minTimeout: 1000 }).click('//*[@id=\"search_mini_form\"]/div[2]/button');\nI.retry({ retries: 10, minTimeout: 1000 }).see(\"Результаты поиска для: 'фото'\");\nI.saveScreenshot('CANON_search_results.png');\nI.addMochawesomeContext('/Users/hamster/codecept/mochawesome-report/CANON_search_results.png');",
            "err": {
              "message": "Error: Element is not currently interactable and may not be manipulated",
              "estack": "Element is not currently interactable and may not be manipulated\n\nScenario Steps:\n\n- I.fillField(\"//*[@id=\"search\"]\", \"фото\") at Object.obj.(anonymous function).obj.(anonymous function) [as fillField] (node_modules/codeceptjs/lib/actor.js:28:26)\n- I.click(\"//*[@id=\"popup-search-button\"]/div\") at Object.obj.(anonymous function).obj.(anonymous function) [as click] (node_modules/codeceptjs/lib/actor.js:28:26)\n- I.amOnPage(\"https://store.canon.ru/\") at Object.obj.(anonymous function).obj.(anonymous function) [as amOnPage] (node_modules/codeceptjs/lib/actor.js:28:26)\n\n"
            },
            "isRoot": false,
            "uuid": "a1f37e30-e2c0-4ee7-b6b6-62c698a11044",
            "isHook": false,
            "skipped": false
          },
          {
            "title": "test wishlist",
            "fullTitle": "CANON: test wishlist",
            "timedOut": false,
            "duration": 77885,
            "state": "failed",
            "pass": false,
            "fail": true,
            "pending": false,
            "context": "\"test_wishlist.failed.png\"",
            "code": "I.amOnPage('https://store.canon.ru/');\nI.retry({ retries: 10, minTimeout: 1000 }).click('//*[@id=\"nav-toggle\"]');\nI.retry({ retries: 10, minTimeout: 1000 }).click('/html/body/div[1]/div/div/div[3]');\nI.retry({ retries: 10, minTimeout: 1000 }).click('//*[@id=\"store.links\"]/ul/li[2]/a');\nI.retry({ retries: 10, minTimeout: 1000 }).see('Вход для клиентов');\nI.retry({ retries: 10, minTimeout: 1000 }).fillField('//*[@id=\"email\"]', \"tolik_kos@mail.ru\");\nI.retry({ retries: 10, minTimeout: 1000 }).fillField('//*[@id=\"pass\"]', \"feq0ZYIc\");\nI.retry({ retries: 10, minTimeout: 1000 }).click('//*[@id=\"send2\"]');\nI.wait(3);\nI.retry({ retries: 10, minTimeout: 1000 }).click('//*[@id=\"nav-toggle\"]');\nI.retry({ retries: 10, minTimeout: 1000 }).click('/html/body/div[1]/div/div/div[3]');\nI.retry({ retries: 10, minTimeout: 1000 }).click('//*[@id=\"store.links\"]/ul/li[2]/div/ul/li[2]/a');\nI.retry({ retries: 10, minTimeout: 1000 }).see('Мое избранное');",
            "err": {
              "message": "Error: Element is not currently visible and may not be manipulated",
              "estack": "Element is not currently visible and may not be manipulated\n\nScenario Steps:\n\n- I.click(\"//*[@id=\"nav-toggle\"]\") at Object.obj.(anonymous function).obj.(anonymous function) [as click] (node_modules/codeceptjs/lib/actor.js:28:26)\n- I.amOnPage(\"https://store.canon.ru/\") at Object.obj.(anonymous function).obj.(anonymous function) [as amOnPage] (node_modules/codeceptjs/lib/actor.js:28:26)\n\n"
            },
            "isRoot": false,
            "uuid": "d73c51f1-11a7-4f41-aa07-9481ce0bca3d",
            "isHook": false,
            "skipped": false
          }
        ],
        "suites": [],
        "passes": [],
        "failures": [
          "d02716a5-6150-4050-8185-1013adeada91",
          "c3d79e32-bf1e-4934-aac9-cb8187589f08",
          "263fb9c1-b458-4e53-af7a-fd294adc116b",
          "2322c346-bd59-410c-af18-3b411dbd1476",
          "a1f37e30-e2c0-4ee7-b6b6-62c698a11044",
          "d73c51f1-11a7-4f41-aa07-9481ce0bca3d"
        ],
        "pending": [],
        "skipped": [],
        "duration": 394977,
        "root": false,
        "rootEmpty": false,
        "_timeout": 0
      },
      {
        "uuid": "8e2ca43d-bf74-4145-b793-07a77ea859a3",
        "title": "ELC",
        "fullFile": "/Users/hamster/codecept/ELC_test.js",
        "file": "/ELC_test.js",
        "beforeHooks": [
          {
            "title": "\"before all\" hook: codeceptjs.beforeSuite",
            "fullTitle": "ELC \"before all\" hook: codeceptjs.beforeSuite",
            "timedOut": false,
            "duration": 0,
            "pass": false,
            "fail": false,
            "pending": false,
            "code": "scenario.suiteSetup(suite)",
            "err": {},
            "isRoot": false,
            "uuid": "1c91096b-8115-4132-959b-97eadb1ca7eb",
            "isHook": true,
            "skipped": false
          },
          {
            "title": "\"before each\" hook: codeceptjs.before",
            "fullTitle": "ELC \"before each\" hook: codeceptjs.before",
            "timedOut": false,
            "duration": 4932,
            "pass": false,
            "fail": false,
            "pending": false,
            "code": "scenario.setup(suite)",
            "err": {},
            "isRoot": false,
            "uuid": "b967f61f-2a9c-42a1-bc10-530bf606629f",
            "isHook": true,
            "skipped": false
          }
        ],
        "afterHooks": [
          {
            "title": "\"after all\" hook: codeceptjs.afterSuite",
            "fullTitle": "ELC \"after all\" hook: codeceptjs.afterSuite",
            "timedOut": false,
            "duration": 0,
            "pass": false,
            "fail": false,
            "pending": false,
            "code": "scenario.suiteTeardown(suite)",
            "err": {},
            "isRoot": false,
            "uuid": "e2a8aa4e-73eb-42f7-8bc8-b4b1833fff3d",
            "isHook": true,
            "skipped": false
          },
          {
            "title": "\"after each\" hook: finalize codeceptjs",
            "fullTitle": "ELC \"after each\" hook: finalize codeceptjs",
            "timedOut": false,
            "duration": 1015,
            "pass": false,
            "fail": false,
            "pending": false,
            "code": "scenario.teardown(suite)",
            "err": {},
            "isRoot": false,
            "uuid": "3c3d5ef8-ff11-4f62-a200-0f47283e2f70",
            "isHook": true,
            "skipped": false
          }
        ],
        "tests": [
          {
            "title": "test links",
            "fullTitle": "ELC: test links",
            "timedOut": false,
            "duration": 78144,
            "state": "failed",
            "pass": false,
            "fail": true,
            "pending": false,
            "context": "\"test_links.failed.png\"",
            "code": "I.amOnPage('https://www.elc-russia.ru/');\nI.retry({ retries: 10, minTimeout: 1000 }).click('//*[@id=\"page\"]/div/a');\nI.retry({ retries: 10, minTimeout: 1000 }).see('Бренды');\nI.see('Вступить в клуб');\nI.see('Задать вопрос');\nI.see('Войти');\nI.see('Регистрация');\nI.see('Новинки');\nI.see('Магазины');\nI.retry({ retries: 10, minTimeout: 1000 }).click('//*[@id=\"menu\"]/div[2]/a[3]');\nI.retry({ retries: 10, minTimeout: 1000 }).click('//*[@id=\"titleOpenReview\"]');\nI.retry({ retries: 10, minTimeout: 1000 }).click('//*[@id=\"mm-0\"]/div[9]/div/div[2]/ul/li[1]/div/ul/li[1]/a');\nI.retry({ retries: 10, minTimeout: 1000 }).see('Доставка осуществляется по территории России.');\nI.click('//*[@id=\"titleOpenReview\"]');\nI.retry({ retries: 10, minTimeout: 1000 }).click('//*[@id=\"mm-0\"]/div[9]/div/div[2]/ul/li[1]/div/ul/li[2]/a');\nI.retry({ retries: 10, minTimeout: 1000 }).see('Возврат товара в интернет-магазин Elc-russia.ru');\nI.click('//*[@id=\"titleOpenReview\"]');\nI.retry({ retries: 10, minTimeout: 1000 }).click('//*[@id=\"mm-0\"]/div[9]/div/div[2]/ul/li[1]/div/ul/li[3]/a');\nI.retry({ retries: 10, minTimeout: 1000 }).see('Публичная оферта');\nI.click('//*[@id=\"titleOpenReview\"]');\nI.retry({ retries: 10, minTimeout: 1000 }).click('//*[@id=\"mm-0\"]/div[9]/div/div[2]/ul/li[1]/div/ul/li[5]/a');\nI.retry({ retries: 10, minTimeout: 1000 }).see('Карта сайта');\nI.click('//*[@id=\"titleOpenReview\"]');\nI.retry({ retries: 10, minTimeout: 1000 }).click('//*[@id=\"mm-0\"]/div[9]/div/div[2]/ul/li[1]/div/ul/li[6]/a');\nI.retry({ retries: 10, minTimeout: 1000 }).see('Зайти через учетную запись OpenID');",
            "err": {
              "message": "Error: Clickable element //*[@id=\"page\"]/div/a was not found by text|CSS|XPath",
              "estack": "Clickable element //*[@id=\"page\"]/div/a was not found by text|CSS|XPath\n\nScenario Steps:\n\n- I.click(\"//*[@id=\"page\"]/div/a\") at Object.obj.(anonymous function).obj.(anonymous function) [as click] (node_modules/codeceptjs/lib/actor.js:28:26)\n- I.amOnPage(\"https://www.elc-russia.ru/\") at Object.obj.(anonymous function).obj.(anonymous function) [as amOnPage] (node_modules/codeceptjs/lib/actor.js:28:26)\n\n"
            },
            "isRoot": false,
            "uuid": "c1961428-64d8-46c9-8a30-ecfa153e3f41",
            "isHook": false,
            "skipped": false
          },
          {
            "title": "test login",
            "fullTitle": "ELC: test login",
            "timedOut": false,
            "duration": 9824,
            "state": "passed",
            "speed": "slow",
            "pass": true,
            "fail": false,
            "pending": false,
            "code": "I.amOnPage('https://www.elc-russia.ru/customer/account/login/');\nI.retry({ retries: 3, minTimeout: 1000 }).click('//*[@id=\"send2\"]');\nI.retry({ retries: 3, minTimeout: 1000 }).see('Это поле обязательно для заполнения.');\nI.retry({ retries: 5, minTimeout: 1000 }).fillField('//*[@id=\"email\"]', 'tolik_kosmail.ru');\nI.retry({ retries: 3, minTimeout: 1000 }).fillField('//*[@id=\"pass\"]', 'feq0Z');\nI.retry({ retries: 3, minTimeout: 1000 }).click('//*[@id=\"send2\"]');\nI.retry({ retries: 3, minTimeout: 1000 }).see('Пожалуйста, введите правильный адрес электронной почты. Например johndoe@domain.com.');\nI.retry({ retries: 3, minTimeout: 1000 }).see('Please enter 6 or more characters without leading or trailing spaces.');\nI.retry({ retries: 5, minTimeout: 1000 }).fillField('//*[@id=\"email\"]', 'tolik_kos@mail.ru');\nI.retry({ retries: 3, minTimeout: 1000 }).fillField('//*[@id=\"pass\"]', 'feq0ZYI');\nI.retry({ retries: 3, minTimeout: 1000 }).click('//*[@id=\"send2\"]');\nI.retry({ retries: 3, minTimeout: 1000 }).see('Неправильный логин или пароль.');\nI.retry({ retries: 5, minTimeout: 1000 }).fillField('//*[@id=\"email\"]', 'tolik_kos@mail.ru');\nI.retry({ retries: 3, minTimeout: 1000 }).fillField('//*[@id=\"pass\"]', 'feq0ZYIc');\nI.retry({ retries: 3, minTimeout: 1000 }).click('//*[@id=\"send2\"]');\nI.retry({ retries: 3, minTimeout: 1000 }).see('Мой аккаунт');",
            "err": {},
            "isRoot": false,
            "uuid": "28fb71fb-5b45-48cc-8375-5328f41ffe56",
            "isHook": false,
            "skipped": false
          },
          {
            "title": "test registration",
            "fullTitle": "ELC: test registration",
            "timedOut": false,
            "duration": 77581,
            "state": "failed",
            "pass": false,
            "fail": true,
            "pending": false,
            "context": "\"test_registration.failed.png\"",
            "code": "I.amOnPage('https://www.elc-russia.ru/');\nI.retry({ retries: 10, minTimeout: 1000 }).click('//*[@id=\"mm-0\"]/div[1]/div[2]/a[2]/i');\nI.retry({ retries: 10, minTimeout: 1000 }).click('//*[@id=\"modal_auth\"]/div/div[2]/div[3]/div/div/button');\nI.retry({ retries: 10, minTimeout: 1000 }).click('//*[@id=\"form-register\"]/div[5]/button');\nI.retry({ retries: 10, minTimeout: 1000 }).see('Это поле обязательно для заполнения');\nI.fillField('//*[@id=\"firstname\"]', 'Test');\nI.fillField('//*[@id=\"lastname\"]', 'Account');\nI.fillField('//*[@id=\"email_address\"]', 'tolik_kosmail.ru');\nI.fillField('//*[@id=\"password\"]', 'f');\nI.fillField('//*[@id=\"confirmation\"]', 'fe');\nI.click('//*[@id=\"terms-input\"]');\nI.retry({ retries: 10, minTimeout: 1000 }).click('//*[@id=\"form-register\"]/div[5]/button');\nI.retry({ retries: 10, minTimeout: 1000 }).see('Please');\nI.retry({ retries: 10, minTimeout: 1000 }).see('Пожалуйста');\nI.retry({ retries: 10, minTimeout: 1000 }).see('Пожалуйста, введите');",
            "err": {
              "message": "Error: Clickable element //*[@id=\"mm-0\"]/div[1]/div[2]/a[2]/i was not found by text|CSS|XPath",
              "estack": "Clickable element //*[@id=\"mm-0\"]/div[1]/div[2]/a[2]/i was not found by text|CSS|XPath\n\nScenario Steps:\n\n- I.click(\"//*[@id=\"mm-0\"]/div[1]/div[2]/a[2]/i\") at Object.obj.(anonymous function).obj.(anonymous function) [as click] (node_modules/codeceptjs/lib/actor.js:28:26)\n- I.amOnPage(\"https://www.elc-russia.ru/\") at Object.obj.(anonymous function).obj.(anonymous function) [as amOnPage] (node_modules/codeceptjs/lib/actor.js:28:26)\n\n"
            },
            "isRoot": false,
            "uuid": "edcf2b55-7598-4de4-94b3-1ddf6f9450cf",
            "isHook": false,
            "skipped": false
          },
          {
            "title": "test search",
            "fullTitle": "ELC: test search",
            "timedOut": false,
            "duration": 77527,
            "state": "failed",
            "pass": false,
            "fail": true,
            "pending": false,
            "context": "\"test_search.failed.png\"",
            "code": "I.amOnPage('https://www.elc-russia.ru/');\nI.retry({ retries: 10, minTimeout: 1000 }).click('//*[@id=\"mm-0\"]/div[1]/div[2]/a[1]/i');\nI.retry({ retries: 10, minTimeout: 1000 }).fillField('//*[@id=\"search\"]', 'lego');\nI.click('//*[@id=\"simple_search_submit\"]');\nI.retry({ retries: 10, minTimeout: 1000 }).see('Результаты по запросу «lego»');\nI.see('LEGO');",
            "err": {
              "message": "Error: Clickable element //*[@id=\"mm-0\"]/div[1]/div[2]/a[1]/i was not found by text|CSS|XPath",
              "estack": "Clickable element //*[@id=\"mm-0\"]/div[1]/div[2]/a[1]/i was not found by text|CSS|XPath\n\nScenario Steps:\n\n- I.click(\"//*[@id=\"mm-0\"]/div[1]/div[2]/a[1]/i\") at Object.obj.(anonymous function).obj.(anonymous function) [as click] (node_modules/codeceptjs/lib/actor.js:28:26)\n- I.amOnPage(\"https://www.elc-russia.ru/\") at Object.obj.(anonymous function).obj.(anonymous function) [as amOnPage] (node_modules/codeceptjs/lib/actor.js:28:26)\n\n"
            },
            "isRoot": false,
            "uuid": "e6008534-86d9-4802-b89f-c6f26b614814",
            "isHook": false,
            "skipped": false
          },
          {
            "title": "screenshots",
            "fullTitle": "ELC: screenshots",
            "timedOut": false,
            "duration": 56454,
            "state": "passed",
            "speed": "slow",
            "pass": true,
            "fail": false,
            "pending": false,
            "context": "[\n  \"/Users/hamster/codecept/mochawesome-report/ELC_main.png\",\n  \"/Users/hamster/codecept/mochawesome-report/ELC_store-locator.png\",\n  \"/Users/hamster/codecept/mochawesome-report/ELC_delivery.png\",\n  \"/Users/hamster/codecept/mochawesome-report/ELC_trackorder.png\",\n  \"/Users/hamster/codecept/mochawesome-report/ELC_careers.png\",\n  \"/Users/hamster/codecept/mochawesome-report/ELC_rental.png\",\n  \"/Users/hamster/codecept/mochawesome-report/ELC_login.png\",\n  \"/Users/hamster/codecept/mochawesome-report/ELC_registration.png\",\n  \"/Users/hamster/codecept/mochawesome-report/ELC_returns.png\",\n  \"/Users/hamster/codecept/mochawesome-report/ELC_terms.png\",\n  \"/Users/hamster/codecept/mochawesome-report/ELC_sitemap.png\",\n  \"/Users/hamster/codecept/mochawesome-report/ELC_privacy-policy.png\",\n  \"/Users/hamster/codecept/mochawesome-report/ELC_disclamer.png\",\n  \"/Users/hamster/codecept/mochawesome-report/ELC_partnership.png\",\n  \"/Users/hamster/codecept/mochawesome-report/ELC_blog.png\",\n  \"/Users/hamster/codecept/mochawesome-report/ELC_about.png\",\n  \"/Users/hamster/codecept/mochawesome-report/ELC_corporate_clients.png\",\n  \"/Users/hamster/codecept/mochawesome-report/ELC_birthday-club.png\",\n  \"/Users/hamster/codecept/mochawesome-report/ELC_pcorp.png\",\n  \"/Users/hamster/codecept/mochawesome-report/ELC_articles.png\",\n  \"/Users/hamster/codecept/mochawesome-report/ELC_contacts.png\",\n  \"/Users/hamster/codecept/mochawesome-report/ELC_cataog.png\"\n]",
            "code": "I.amOnPage('https://www.elc-russia.ru/');\nI.saveScreenshot('ELC_main.png');\nI.addMochawesomeContext('/Users/hamster/codecept/mochawesome-report/ELC_main.png');\nI.amOnPage('https://www.elc-russia.ru/store-locator');\nI.saveScreenshot('ELC_store-locator.png');\nI.addMochawesomeContext('/Users/hamster/codecept/mochawesome-report/ELC_store-locator.png');\nI.amOnPage('https://www.elc-russia.ru/delivery/');\nI.saveScreenshot('ELC_delivery.png');\nI.addMochawesomeContext('/Users/hamster/codecept/mochawesome-report/ELC_delivery.png');\nI.amOnPage('https://www.elc-russia.ru/trackorder/');\nI.saveScreenshot('ELC_trackorder.png');\nI.addMochawesomeContext('/Users/hamster/codecept/mochawesome-report/ELC_trackorder.png');\nI.amOnPage('https://www.elc-russia.ru/careers');\nI.saveScreenshot('ELC_careers.png');\nI.addMochawesomeContext('/Users/hamster/codecept/mochawesome-report/ELC_careers.png');\nI.amOnPage('https://www.elc-russia.ru/rental');\nI.saveScreenshot('ELC_rental.png');\nI.addMochawesomeContext('/Users/hamster/codecept/mochawesome-report/ELC_rental.png');\nI.amOnPage('https://www.elc-russia.ru/#modal_auth');\nI.saveScreenshot('ELC_login.png');\nI.addMochawesomeContext('/Users/hamster/codecept/mochawesome-report/ELC_login.png');\nI.amOnPage('https://www.elc-russia.ru/customer/account/login/');\nI.saveScreenshot('ELC_registration.png');\nI.addMochawesomeContext('/Users/hamster/codecept/mochawesome-report/ELC_registration.png');\nI.amOnPage('https://www.elc-russia.ru/returns');\nI.saveScreenshot('ELC_returns.png');\nI.addMochawesomeContext('/Users/hamster/codecept/mochawesome-report/ELC_returns.png');\nI.amOnPage('https://www.elc-russia.ru/terms');\nI.saveScreenshot('ELC_terms.png');\nI.addMochawesomeContext('/Users/hamster/codecept/mochawesome-report/ELC_terms.png');\nI.amOnPage('https://www.elc-russia.ru/catalog/seo_sitemap/category/');\nI.saveScreenshot('ELC_sitemap.png');\nI.addMochawesomeContext('/Users/hamster/codecept/mochawesome-report/ELC_sitemap.png');\nI.amOnPage('https://www.elc-russia.ru/privacy-policy');\nI.saveScreenshot('ELC_privacy-policy.png');\nI.addMochawesomeContext('/Users/hamster/codecept/mochawesome-report/ELC_privacy-policy.png');\nI.amOnPage('https://www.elc-russia.ru/disclamer');\nI.saveScreenshot('ELC_disclamer.png');\nI.addMochawesomeContext('/Users/hamster/codecept/mochawesome-report/ELC_disclamer.png');\nI.amOnPage('https://www.elc-russia.ru/partnership');\nI.saveScreenshot('ELC_partnership.png');\nI.addMochawesomeContext('/Users/hamster/codecept/mochawesome-report/ELC_partnership.png');\nI.amOnPage('https://www.elc-russia.ru/blog/');\nI.saveScreenshot('ELC_blog.png');\nI.addMochawesomeContext('/Users/hamster/codecept/mochawesome-report/ELC_blog.png');\nI.amOnPage('https://www.elc-russia.ru/about-us');\nI.saveScreenshot('ELC_about.png');\nI.addMochawesomeContext('/Users/hamster/codecept/mochawesome-report/ELC_about.png');\nI.amOnPage('https://www.elc-russia.ru/corporate_clients');\nI.saveScreenshot('ELC_corporate_clients.png');\nI.addMochawesomeContext('/Users/hamster/codecept/mochawesome-report/ELC_corporate_clients.png');\nI.amOnPage('https://www.elc-russia.ru/elc-birthday-club-terms');\nI.saveScreenshot('ELC_birthday-club.png');\nI.addMochawesomeContext('/Users/hamster/codecept/mochawesome-report/ELC_birthday-club.png');\nI.amOnPage('https://www.elc-russia.ru/pcorp');\nI.saveScreenshot('ELC_pcorp.png');\nI.addMochawesomeContext('/Users/hamster/codecept/mochawesome-report/ELC_pcorp.png');\nI.amOnPage('https://www.elc-russia.ru/articles');\nI.saveScreenshot('ELC_articles.png');\nI.addMochawesomeContext('/Users/hamster/codecept/mochawesome-report/ELC_articles.png');\nI.amOnPage('https://www.elc-russia.ru/contacts/');\nI.saveScreenshot('ELC_contacts.png');\nI.addMochawesomeContext('/Users/hamster/codecept/mochawesome-report/ELC_contacts.png');\nI.amOnPage('https://www.elc-russia.ru/konstruktory.html');\nI.saveScreenshot('ELC_cataog.png');\nI.addMochawesomeContext('/Users/hamster/codecept/mochawesome-report/ELC_cataog.png');",
            "err": {},
            "isRoot": false,
            "uuid": "9d5a5d08-e21c-449d-8e0e-cf9f374d45f3",
            "isHook": false,
            "skipped": false
          }
        ],
        "suites": [],
        "passes": [
          "28fb71fb-5b45-48cc-8375-5328f41ffe56",
          "9d5a5d08-e21c-449d-8e0e-cf9f374d45f3"
        ],
        "failures": [
          "c1961428-64d8-46c9-8a30-ecfa153e3f41",
          "edcf2b55-7598-4de4-94b3-1ddf6f9450cf",
          "e6008534-86d9-4802-b89f-c6f26b614814"
        ],
        "pending": [],
        "skipped": [],
        "duration": 299530,
        "root": false,
        "rootEmpty": false,
        "_timeout": 0
      },
      {
        "uuid": "f34d9538-7157-4d3a-bcfb-abe9c7f57d80",
        "title": "MET",
        "fullFile": "/Users/hamster/codecept/MET_test.js",
        "file": "/MET_test.js",
        "beforeHooks": [
          {
            "title": "\"before all\" hook: codeceptjs.beforeSuite",
            "fullTitle": "MET \"before all\" hook: codeceptjs.beforeSuite",
            "timedOut": false,
            "duration": 0,
            "pass": false,
            "fail": false,
            "pending": false,
            "code": "scenario.suiteSetup(suite)",
            "err": {},
            "isRoot": false,
            "uuid": "9de2903d-7927-4eb9-a378-39c7f058d844",
            "isHook": true,
            "skipped": false
          },
          {
            "title": "\"before each\" hook: codeceptjs.before",
            "fullTitle": "MET \"before each\" hook: codeceptjs.before",
            "timedOut": false,
            "duration": 4087,
            "pass": false,
            "fail": false,
            "pending": false,
            "code": "scenario.setup(suite)",
            "err": {},
            "isRoot": false,
            "uuid": "070628bb-094f-4b9f-9284-7103f0c4725f",
            "isHook": true,
            "skipped": false
          }
        ],
        "afterHooks": [
          {
            "title": "\"after all\" hook: codeceptjs.afterSuite",
            "fullTitle": "MET \"after all\" hook: codeceptjs.afterSuite",
            "timedOut": false,
            "duration": 0,
            "pass": false,
            "fail": false,
            "pending": false,
            "code": "scenario.suiteTeardown(suite)",
            "err": {},
            "isRoot": false,
            "uuid": "9528e59e-d68b-4dab-9d4d-d5b3205b7981",
            "isHook": true,
            "skipped": false
          },
          {
            "title": "\"after each\" hook: finalize codeceptjs",
            "fullTitle": "MET \"after each\" hook: finalize codeceptjs",
            "timedOut": false,
            "duration": 1072,
            "pass": false,
            "fail": false,
            "pending": false,
            "code": "scenario.teardown(suite)",
            "err": {},
            "isRoot": false,
            "uuid": "225d932a-eaeb-4d58-bac3-d4dce4266afc",
            "isHook": true,
            "skipped": false
          }
        ],
        "tests": [
          {
            "title": "test links",
            "fullTitle": "MET: test links",
            "timedOut": false,
            "duration": 15410,
            "state": "failed",
            "pass": false,
            "fail": true,
            "pending": false,
            "context": "\"test_links.failed.png\"",
            "code": "I.amOnPage('https://metpromko.ru/');\nI.click('//*[@id=\"cities-popup\"]/div/div/span');\nI.see('Оформить заказ');\nI.amOnPage('https://metpromko.ru/onepagecheckout/');\nI.see('КОРЗИНА ПУСТА');\nI.amOnPage('https://metpromko.ru/about/');\nI.see('О КОМПАНИИ');\nI.amOnPage('https://metpromko.ru/contacts/');\nI.see('Внимание! Компания Метпромко');\nI.amOnPage('https://metpromko.ru/dostavka/');\nI.see('Компания Метпромко доставляет');\nI.amOnPage('https://metpromko.ru/oplata/');\nI.seeInSource('\"std\">Оплата');\nI.amOnPage('https://metpromko.ru/uslugi/');\nI.see('Компания Метпромко является');\nI.click('//*[@id=\"menu-icon\"]');\nI.see('Металлопрокат');\nI.see('Труба');\nI.see('Лист');",
            "err": {
              "message": "Error: Element is not currently visible and may not be manipulated",
              "estack": "Element is not currently visible and may not be manipulated\n\nScenario Steps:\n\n- I.click(\"//*[@id=\"menu-icon\"]\") at Object.obj.(anonymous function).obj.(anonymous function) [as click] (node_modules/codeceptjs/lib/actor.js:28:26)\n- I.see(\"Компания Метпромко является\") at Object.obj.(anonymous function).obj.(anonymous function) [as see] (node_modules/codeceptjs/lib/actor.js:28:26)\n- I.amOnPage(\"https://metpromko.ru/uslugi/\") at Object.obj.(anonymous function).obj.(anonymous function) [as amOnPage] (node_modules/codeceptjs/lib/actor.js:28:26)\n- I.seeInSource(\"\"std\">Оплата\") at Object.obj.(anonymous function).obj.(anonymous function) [as seeInSource] (node_modules/codeceptjs/lib/actor.js:28:26)\n- I.amOnPage(\"https://metpromko.ru/oplata/\") at Object.obj.(anonymous function).obj.(anonymous function) [as amOnPage] (node_modules/codeceptjs/lib/actor.js:28:26)\n- I.see(\"Компания Метпромко доставляет\") at Object.obj.(anonymous function).obj.(anonymous function) [as see] (node_modules/codeceptjs/lib/actor.js:28:26)\n- I.amOnPage(\"https://metpromko.ru/dostavka/\") at Object.obj.(anonymous function).obj.(anonymous function) [as amOnPage] (node_modules/codeceptjs/lib/actor.js:28:26)\n- I.see(\"Внимание! Компания Метпромко\") at Object.obj.(anonymous function).obj.(anonymous function) [as see] (node_modules/codeceptjs/lib/actor.js:28:26)\n- I.amOnPage(\"https://metpromko.ru/contacts/\") at Object.obj.(anonymous function).obj.(anonymous function) [as amOnPage] (node_modules/codeceptjs/lib/actor.js:28:26)\n- I.see(\"О КОМПАНИИ\") at Object.obj.(anonymous function).obj.(anonymous function) [as see] (node_modules/codeceptjs/lib/actor.js:28:26)\n- I.amOnPage(\"https://metpromko.ru/about/\") at Object.obj.(anonymous function).obj.(anonymous function) [as amOnPage] (node_modules/codeceptjs/lib/actor.js:28:26)\n- I.see(\"КОРЗИНА ПУСТА\") at Object.obj.(anonymous function).obj.(anonymous function) [as see] (node_modules/codeceptjs/lib/actor.js:28:26)\n- I.amOnPage(\"https://metpromko.ru/onepagecheckout/\") at Object.obj.(anonymous function).obj.(anonymous function) [as amOnPage] (node_modules/codeceptjs/lib/actor.js:28:26)\n- I.see(\"Оформить заказ\") at Object.obj.(anonymous function).obj.(anonymous function) [as see] (node_modules/codeceptjs/lib/actor.js:28:26)\n- I.click(\"//*[@id=\"cities-popup\"]/div/div/span\") at Object.obj.(anonymous function).obj.(anonymous function) [as click] (node_modules/codeceptjs/lib/actor.js:28:26)\n- I.amOnPage(\"https://metpromko.ru/\") at Object.obj.(anonymous function).obj.(anonymous function) [as amOnPage] (node_modules/codeceptjs/lib/actor.js:28:26)\n\n"
            },
            "isRoot": false,
            "uuid": "509aaedf-38b1-4b46-9252-0e6fc1fdddb6",
            "isHook": false,
            "skipped": false
          },
          {
            "title": "test login",
            "fullTitle": "MET: test login",
            "timedOut": false,
            "duration": 9306,
            "state": "passed",
            "speed": "slow",
            "pass": true,
            "fail": false,
            "pending": false,
            "code": "I.amOnPage('https://metpromko.ru/');\nI.click('//*[@id=\"cities-popup\"]/div/div/span');\nI.amOnPage('https://metpromko.ru/customer/account/login/');\nI.see('СТРАНИЦА АВТОРИЗАЦИИ');\nI.click('//*[@id=\"send2\"]');\nI.see('Это поле обязательно для заполнения.');\nI.fillField(\"input[name='login[username]']\", \"tolik_kos@ail.ru\");\nI.fillField(\"input[name='login[password]']\", \"feq\");\nI.click('//*[@id=\"send2\"]');\nI.retry({ retries: 10, minTimeout: 1000 }).see('Please enter 6 or more characters without leading or trailing spaces.');\nI.retry({ retries: 10, minTimeout: 1000 }).fillField(\"input[name='login[username]']\", \"tolik_kos@mail.ru\");\nI.retry({ retries: 10, minTimeout: 1000 }).fillField(\"input[name='login[password]']\", \"feq0ZYI\");\nI.retry({ retries: 10, minTimeout: 1000 }).click('//*[@id=\"send2\"]');\nI.retry({ retries: 10, minTimeout: 1000 }).click('//*[@id=\"send2\"]');\nI.retry({ retries: 10, minTimeout: 1000 }).see('Неверный адрес электронной почты (email) или пароль.');\nI.retry({ retries: 10, minTimeout: 1000 }).fillField(\"input[name='login[username]']\", \"tolik_kos@mail.ru\");\nI.retry({ retries: 10, minTimeout: 1000 }).fillField(\"input[name='login[password]']\", \"feq0ZYIc\");\nI.retry({ retries: 10, minTimeout: 1000 }).click('//*[@id=\"send2\"]');\nI.retry({ retries: 10, minTimeout: 1000 }).see('Выйти');\nI.see('Моя учётная запись');",
            "err": {},
            "isRoot": false,
            "uuid": "4328d7af-bfb7-4e93-83b4-1e7ed86146da",
            "isHook": false,
            "skipped": false
          },
          {
            "title": "test registration",
            "fullTitle": "MET: test registration",
            "timedOut": false,
            "duration": 6201,
            "state": "passed",
            "speed": "slow",
            "pass": true,
            "fail": false,
            "pending": false,
            "code": "I.amOnPage('https://metpromko.ru/');\nI.click('//*[@id=\"cities-popup\"]/div/div/span');\nI.amOnPage('https://metpromko.ru/customer/account/login/');\nI.see('СТРАНИЦА АВТОРИЗАЦИИ');\nI.retry({ retries: 10, minTimeout: 1000 }).click('//*[@id=\"login-form\"]/div/div/div[2]/div/div/div/button');\nI.retry({ retries: 10, minTimeout: 1000 }).click('//*[@id=\"header-account\"]/div[2]/div/div/div[4]/div/button');\nI.retry({ retries: 10, minTimeout: 1000 }).see('First name is required!');\nI.retry({ retries: 10, minTimeout: 1000 }).see('Last name is required!');\nI.retry({ retries: 10, minTimeout: 1000 }).see('Email address is required!');\nI.retry({ retries: 10, minTimeout: 1000 }).see('Password is required!');\nI.retry({ retries: 10, minTimeout: 1000 }).see('Terms and Conditions are required!');\nI.retry({ retries: 10, minTimeout: 1000 }).fillField('//*[@id=\"youama-firstname\"]','111');\nI.retry({ retries: 10, minTimeout: 1000 }).fillField('//*[@id=\"youama-lastname\"]','111');\nI.retry({ retries: 10, minTimeout: 1000 }).click('//*[@id=\"header-account\"]/div[2]/div/div/div[4]/div/button');",
            "err": {},
            "isRoot": false,
            "uuid": "b07439fc-3bdb-44c3-87e9-d2f32ebd0065",
            "isHook": false,
            "skipped": false
          },
          {
            "title": "screenshots",
            "fullTitle": "MET: screenshots",
            "timedOut": false,
            "duration": 30530,
            "state": "passed",
            "speed": "slow",
            "pass": true,
            "fail": false,
            "pending": false,
            "context": "[\n  \"/Users/hamster/codecept/mochawesome-report/MET_main.png\",\n  \"/Users/hamster/codecept/mochawesome-report/MET_checkout.png\",\n  \"/Users/hamster/codecept/mochawesome-report/MET_contacts.png\",\n  \"/Users/hamster/codecept/mochawesome-report/MET_about.png\",\n  \"/Users/hamster/codecept/mochawesome-report/MET_dostavka.png\",\n  \"/Users/hamster/codecept/mochawesome-report/MET_oplata.png\",\n  \"/Users/hamster/codecept/mochawesome-report/MET_uslugi.png\",\n  \"/Users/hamster/codecept/mochawesome-report/MET_login.png\",\n  \"/Users/hamster/codecept/mochawesome-report/MET_registration.png\",\n  \"/Users/hamster/codecept/mochawesome-report/MET_catalog.png\"\n]",
            "code": "I.amOnPage('https://metpromko.ru/');\nI.click('//*[@id=\"cities-popup\"]/div/div/span');\nI.wait(1);\nI.saveScreenshot('MET_main.png');\nI.addMochawesomeContext('/Users/hamster/codecept/mochawesome-report/MET_main.png');\nI.amOnPage('https://metpromko.ru/checkout/cart/');\nI.saveScreenshot('MET_checkout.png');\nI.addMochawesomeContext('/Users/hamster/codecept/mochawesome-report/MET_checkout.png');\nI.amOnPage('https://metpromko.ru/contacts');\nI.saveScreenshot('MET_contacts.png');\nI.addMochawesomeContext('/Users/hamster/codecept/mochawesome-report/MET_contacts.png');\nI.amOnPage('https://metpromko.ru/about/');\nI.saveScreenshot('MET_about.png');\nI.addMochawesomeContext('/Users/hamster/codecept/mochawesome-report/MET_about.png');\nI.amOnPage('https://metpromko.ru/dostavka/');\nI.saveScreenshot('MET_dostavka.png');\nI.addMochawesomeContext('/Users/hamster/codecept/mochawesome-report/MET_dostavka.png');\nI.amOnPage('https://metpromko.ru/oplata/');\nI.saveScreenshot('MET_oplata.png');\nI.addMochawesomeContext('/Users/hamster/codecept/mochawesome-report/MET_oplata.png');\nI.amOnPage('https://metpromko.ru/uslugi/');\nI.saveScreenshot('MET_uslugi.png');\nI.addMochawesomeContext('/Users/hamster/codecept/mochawesome-report/MET_uslugi.png');\nI.amOnPage('https://metpromko.ru/customer/account/login/');\nI.saveScreenshot('MET_login.png');\nI.addMochawesomeContext('/Users/hamster/codecept/mochawesome-report/MET_login.png');\nI.click('//*[@id=\"login-form\"]/div/div/div[2]/div/div/div/button');\nI.wait(1);\nI.saveScreenshot('MET_registration.png');\nI.addMochawesomeContext('/Users/hamster/codecept/mochawesome-report/MET_registration.png');\nI.amOnPage('https://metpromko.ru/metalloprokat');\nI.wait(4);\nI.saveScreenshot('MET_catalog.png');\nI.addMochawesomeContext('/Users/hamster/codecept/mochawesome-report/MET_catalog.png');",
            "err": {},
            "isRoot": false,
            "uuid": "c75b5ed9-027d-4126-aed8-75bdf8bef2c0",
            "isHook": false,
            "skipped": false
          }
        ],
        "suites": [],
        "passes": [
          "4328d7af-bfb7-4e93-83b4-1e7ed86146da",
          "b07439fc-3bdb-44c3-87e9-d2f32ebd0065",
          "c75b5ed9-027d-4126-aed8-75bdf8bef2c0"
        ],
        "failures": [
          "509aaedf-38b1-4b46-9252-0e6fc1fdddb6"
        ],
        "pending": [],
        "skipped": [],
        "duration": 61447,
        "root": false,
        "rootEmpty": false,
        "_timeout": 0
      },
      {
        "uuid": "1d3b9a5d-400b-4b47-b218-193740abebfc",
        "title": "MID",
        "fullFile": "/Users/hamster/codecept/MID_test.js",
        "file": "/MID_test.js",
        "beforeHooks": [
          {
            "title": "\"before all\" hook: codeceptjs.beforeSuite",
            "fullTitle": "MID \"before all\" hook: codeceptjs.beforeSuite",
            "timedOut": false,
            "duration": 0,
            "pass": false,
            "fail": false,
            "pending": false,
            "code": "scenario.suiteSetup(suite)",
            "err": {},
            "isRoot": false,
            "uuid": "407362db-c15c-463c-be99-bed3c94ae30f",
            "isHook": true,
            "skipped": false
          },
          {
            "title": "\"before each\" hook: codeceptjs.before",
            "fullTitle": "MID \"before each\" hook: codeceptjs.before",
            "timedOut": false,
            "duration": 4089,
            "pass": false,
            "fail": false,
            "pending": false,
            "code": "scenario.setup(suite)",
            "err": {},
            "isRoot": false,
            "uuid": "d0617b05-0b30-48b1-b669-75a1680c56e5",
            "isHook": true,
            "skipped": false
          }
        ],
        "afterHooks": [
          {
            "title": "\"after all\" hook: codeceptjs.afterSuite",
            "fullTitle": "MID \"after all\" hook: codeceptjs.afterSuite",
            "timedOut": false,
            "duration": 0,
            "pass": false,
            "fail": false,
            "pending": false,
            "code": "scenario.suiteTeardown(suite)",
            "err": {},
            "isRoot": false,
            "uuid": "31dfac98-1f59-4882-a4eb-4f9cd524b1fb",
            "isHook": true,
            "skipped": false
          },
          {
            "title": "\"after each\" hook: finalize codeceptjs",
            "fullTitle": "MID \"after each\" hook: finalize codeceptjs",
            "timedOut": false,
            "duration": 1082,
            "pass": false,
            "fail": false,
            "pending": false,
            "code": "scenario.teardown(suite)",
            "err": {},
            "isRoot": false,
            "uuid": "c761db11-8985-44ee-9b75-f69761742af3",
            "isHook": true,
            "skipped": false
          }
        ],
        "tests": [
          {
            "title": "test compare",
            "fullTitle": "MID: test compare",
            "timedOut": false,
            "duration": 81180,
            "state": "failed",
            "pass": false,
            "fail": true,
            "pending": false,
            "context": "\"test_compare.failed.png\"",
            "code": "I.amOnPage('https://mideastore.ru');\nI.retry({ retries: 10, minTimeout: 1000 }).see('Войти');\nI.retry({ retries: 10, minTimeout: 1000 }).click('div.place-menu-mobile.menu-mobile > span');\nI.retry({ retries: 10, minTimeout: 1000 }).click('//*[@id=\"store.menu\"]/div/div/nav/ul/li[1]/a[1]');\nI.retry({ retries: 10, minTimeout: 1000 }).click('//*[@id=\"maincontent\"]/div[3]/div[1]/div[4]/ol/li[1]/div/div/div[2]/a/span/span');\nI.retry({ retries: 10, minTimeout: 1000 }).click('div.Product__Actions--Bookmark > div > div > a.action.tocompare');\nI.retry({ retries: 10, minTimeout: 1000 }).see('Вы добавили товар');",
            "err": {
              "message": "Error: Element is not currently visible and may not be manipulated",
              "estack": "Element is not currently visible and may not be manipulated\n\nScenario Steps:\n\n- I.click(\"div.place-menu-mobile.menu-mobile > span\") at Object.obj.(anonymous function).obj.(anonymous function) [as click] (node_modules/codeceptjs/lib/actor.js:28:26)\n- I.see(\"Войти\") at Object.obj.(anonymous function).obj.(anonymous function) [as see] (node_modules/codeceptjs/lib/actor.js:28:26)\n- I.amOnPage(\"https://mideastore.ru\") at Object.obj.(anonymous function).obj.(anonymous function) [as amOnPage] (node_modules/codeceptjs/lib/actor.js:28:26)\n\n"
            },
            "isRoot": false,
            "uuid": "98252a00-e6d5-46d6-ade4-1f1641858add",
            "isHook": false,
            "skipped": false
          },
          {
            "title": "test links",
            "fullTitle": "MID: test links",
            "timedOut": false,
            "duration": 7915,
            "state": "failed",
            "pass": false,
            "fail": true,
            "pending": false,
            "context": "\"test_links.failed.png\"",
            "code": "I.amOnPage('https://mideastore.ru');\nI.retry({ retries: 10, minTimeout: 1000 }).see('Войти');\nI.click('li.authorization-link > a');\nI.retry({ retries: 10, minTimeout: 1000 }).see('Вход в систему');\nI.click('div.top-right.mobile-center > div > div > div > ul > li:nth-child(2) > a');\nI.retry({ retries: 10, minTimeout: 1000 }).see('Создать новую учётную запись клиента');\nI.click('div.place-menu-mobile.menu-mobile > span');\nI.retry({ retries: 10, minTimeout: 1000 }).see('Встраиваемая Бытовая Техника');\nI.click('nav > ul > li:nth-child(5) > a');\nI.retry({ retries: 10, minTimeout: 1000 }).see('Бесплатная доставка по всей России');\nI.click('div.place-menu-mobile.menu-mobile > span');\nI.retry({ retries: 10, minTimeout: 1000 }).click('nav > ul > li:nth-child(6) > a');\nI.retry({ retries: 10, minTimeout: 1000 }).see('Поиск сервисного центра');\nI.click('div.place-menu-mobile.menu-mobile > span');\nI.retry({ retries: 10, minTimeout: 1000 }).click('nav > ul > li:nth-child(7) > a');\nI.retry({ retries: 10, minTimeout: 1000 }).see('Midea – мировой производитель бытовой техники');\nI.click('div.place-menu-mobile.menu-mobile > span');\nI.retry({ retries: 10, minTimeout: 1000 }).click('nav > ul > li:nth-child(8) > a');\nI.retry({ retries: 10, minTimeout: 1000 }).see('Midea в Российской Федерации');\nI.click('//*[@id=\"cms-static-main-footer\"]/div[2]/div/span');\nI.retry({ retries: 10, minTimeout: 1000 }).click('//*[@id=\"cms-static-main-footer\"]/div[2]/div/div/ul[1]/li[1]/a');\nI.retry({ retries: 10, minTimeout: 1000 }).see('Midea – мировой производитель бытовой техники');\nI.click('//*[@id=\"cms-static-main-footer\"]/div[2]/div/span');\nI.retry({ retries: 10, minTimeout: 1000 }).click('//*[@id=\"cms-static-main-footer\"]/div[2]/div/div/ul[1]/li[2]/a');\nI.retry({ retries: 10, minTimeout: 1000 }).see('Блог');\nI.click('//*[@id=\"cms-static-main-footer\"]/div[2]/div/span');\nI.retry({ retries: 10, minTimeout: 1000 }).click('//*[@id=\"cms-static-main-footer\"]/div[2]/div/div/ul[1]/li[3]/a');\nI.retry({ retries: 10, minTimeout: 1000 }).see('Midea в Российской Федерации');\nI.click('//*[@id=\"cms-static-main-footer\"]/div[3]/div/span');\nI.retry({ retries: 10, minTimeout: 1000 }).click('//*[@id=\"cms-static-main-footer\"]/div[3]/div/div/ul/li[1]/a');\nI.retry({ retries: 10, minTimeout: 1000 }).see('Политика конфиденциальности');\nI.click('//*[@id=\"cms-static-main-footer\"]/div[3]/div/span');\nI.retry({ retries: 10, minTimeout: 1000 }).click('//*[@id=\"cms-static-main-footer\"]/div[3]/div/div/ul/li[2]/a');\nI.retry({ retries: 10, minTimeout: 1000 }).see('Договор оферты');",
            "err": {
              "message": "Error: Element is not currently visible and may not be manipulated",
              "estack": "Element is not currently visible and may not be manipulated\n\nScenario Steps:\n\n- I.click(\"div.place-menu-mobile.menu-mobile > span\") at Object.obj.(anonymous function).obj.(anonymous function) [as click] (node_modules/codeceptjs/lib/actor.js:28:26)\n- I.see(\"Создать новую учётную запись клиента\") at Object.obj.(anonymous function).obj.(anonymous function) [as see] (node_modules/codeceptjs/lib/actor.js:28:26)\n- I.see(\"Создать новую учётную запись клиента\") at Object.obj.(anonymous function).obj.(anonymous function) [as see] (node_modules/codeceptjs/lib/actor.js:28:26)\n- I.click(\"div.top-right.mobile-center > div > div > div > ul > li:nth-child(2) > a\") at Object.obj.(anonymous function).obj.(anonymous function) [as click] (node_modules/codeceptjs/lib/actor.js:28:26)\n- I.see(\"Вход в систему\") at Object.obj.(anonymous function).obj.(anonymous function) [as see] (node_modules/codeceptjs/lib/actor.js:28:26)\n- I.see(\"Вход в систему\") at Object.obj.(anonymous function).obj.(anonymous function) [as see] (node_modules/codeceptjs/lib/actor.js:28:26)\n- I.click(\"li.authorization-link > a\") at Object.obj.(anonymous function).obj.(anonymous function) [as click] (node_modules/codeceptjs/lib/actor.js:28:26)\n- I.see(\"Войти\") at Object.obj.(anonymous function).obj.(anonymous function) [as see] (node_modules/codeceptjs/lib/actor.js:28:26)\n- I.amOnPage(\"https://mideastore.ru\") at Object.obj.(anonymous function).obj.(anonymous function) [as amOnPage] (node_modules/codeceptjs/lib/actor.js:28:26)\n\n"
            },
            "isRoot": false,
            "uuid": "1df40e8d-5795-4617-a63a-5308cc69d249",
            "isHook": false,
            "skipped": false
          },
          {
            "title": "test login",
            "fullTitle": "MID: test login",
            "timedOut": false,
            "duration": 13100,
            "state": "passed",
            "speed": "slow",
            "pass": true,
            "fail": false,
            "pending": false,
            "code": "I.amOnPage('https://mideastore.ru');\nI.retry({ retries: 10, minTimeout: 1000 }).see('Войти');\nI.click('li.authorization-link > a');\nI.retry({ retries: 10, minTimeout: 1000 }).see('Вход в систему');\nI.click('//*[@id=\"send2\"]');\nI.see('Это поле обязательно для заполнения.');\nI.fillField(\"input[name='login[username]']\", \"tolik_kosmal.ru\");\nI.fillField(\"input[name='login[password]']\", \"feq0ZYIc\");\nI.click('//*[@id=\"send2\"]');\nI.retry({ retries: 10, minTimeout: 1000 }).see('Пожалуйста, введите правильный адрес электронной почты (Пример: johndoe@domain.com).');\nI.fillField(\"input[name='login[username]']\", \"tolik_kos@mail.ru\");\nI.fillField(\"input[name='login[password]']\", \"feq0ZYI\");\nI.click('//*[@id=\"send2\"]');\nI.retry({ retries: 10, minTimeout: 1000 }).see('неправильный адрес электронной почты (email) или пароль.');\nI.fillField(\"input[name='login[username]']\", \"tolik_kos@mail.ru\");\nI.fillField(\"input[name='login[password]']\", \"feq0ZYIc\");\nI.click('//*[@id=\"send2\"]');\nI.retry({ retries: 10, minTimeout: 1000 }).see('Моя панель управления');",
            "err": {},
            "isRoot": false,
            "uuid": "bf888fd3-b2e2-4000-9c81-b92a15366f02",
            "isHook": false,
            "skipped": false
          },
          {
            "title": "test order",
            "fullTitle": "MID: test order",
            "timedOut": false,
            "duration": 81076,
            "state": "failed",
            "pass": false,
            "fail": true,
            "pending": false,
            "context": "\"test_order.failed.png\"",
            "code": "I.amOnPage('https://mideastore.ru');\nI.retry({ retries: 10, minTimeout: 1000 }).see('Войти');\nI.retry({ retries: 10, minTimeout: 1000 }).click('div.place-menu-mobile.menu-mobile > span');\nI.retry({ retries: 10, minTimeout: 1000 }).click('//*[@id=\"store.menu\"]/div/div/nav/ul/li[1]/a[1]');\nI.wait(8);\nI.retry({ retries: 10, minTimeout: 1000 }).click('//*[@id=\"maincontent\"]/div[3]/div[1]/div[4]/ol/li[1]/div/div/div[3]/div[4]/div/div[2]/form/button');\nI.wait(8);\nI.retry({ retries: 10, minTimeout: 1000 }).click('div.righ-header-content.col-lg-3.col-md-3.col-sm-3.col-xs-12 > div.minicart-wrapper > a.action.icon.icon-shopping-bag.showcart');\nI.retry({ retries: 10, minTimeout: 1000 }).fillField(\"input[class='input-text qty']\", \"0\");\nI.retry({ retries: 10, minTimeout: 1000 }).click('div.cart.main.actions > button');\nI.retry({ retries: 10, minTimeout: 1000 }).retry({ retries: 10, minTimeout: 1000 }).see('Пожалуйста, введите в это поле число больше 0.');\nI.retry({ retries: 10, minTimeout: 1000 }).fillField(\"input[class='input-text qty mage-error']\", \"0.1\");\nI.retry({ retries: 10, minTimeout: 1000 }).click('div.cart.main.actions > button');\nI.retry({ retries: 10, minTimeout: 1000 }).see('Вы не можете приобрести меньше, чем 1.');\nI.retry({ retries: 10, minTimeout: 1000 }).fillField(\"input[class='input-text qty']\", \"0.1\");\nI.retry({ retries: 10, minTimeout: 1000 }).click('div.cart.main.actions > button');\nI.retry({ retries: 10, minTimeout: 1000 }).see('Вы не можете приобрести меньше, чем 1.');\nI.retry({ retries: 10, minTimeout: 1000 }).clearField(\"input[class='input-text qty']\");\nI.retry({ retries: 10, minTimeout: 1000 }).click('div.cart.main.actions > button');\nI.retry({ retries: 10, minTimeout: 1000 }).see('Это поле обязательно для заполнения.');\nI.retry({ retries: 10, minTimeout: 1000 }).fillField(\"input[class='input-text qty mage-error']\", \"9999\");\nI.retry({ retries: 10, minTimeout: 1000 }).click('div.cart.main.actions > button');\nI.retry({ retries: 10, minTimeout: 1000 }).see('У нас нет столько товара');\nI.retry({ retries: 10, minTimeout: 1000 }).fillField(\"input[class='input-text qty']\", \"99999\");\nI.retry({ retries: 10, minTimeout: 1000 }).click('div.cart.main.actions > button');\nI.retry({ retries: 10, minTimeout: 1000 }).see('Вы не можете приобрести больше, чем 10000.');\nI.retry({ retries: 10, minTimeout: 1000 }).fillField(\"input[class='input-text qty']\", \"1\");\nI.retry({ retries: 10, minTimeout: 1000 }).click('div.cart.main.actions > button');\nI.retry({ retries: 10, minTimeout: 1000 }).click('li:nth-child(1) > button');\nI.retry({ retries: 10, minTimeout: 1000 }).click('div.checkout-payment-method.submit > div > div > button');\nI.retry({ retries: 10, minTimeout: 1000 }).see('No payment method selected');",
            "err": {
              "message": "Error: Element is not currently visible and may not be manipulated",
              "estack": "Element is not currently visible and may not be manipulated\n\nScenario Steps:\n\n- I.click(\"div.place-menu-mobile.menu-mobile > span\") at Object.obj.(anonymous function).obj.(anonymous function) [as click] (node_modules/codeceptjs/lib/actor.js:28:26)\n- I.see(\"Войти\") at Object.obj.(anonymous function).obj.(anonymous function) [as see] (node_modules/codeceptjs/lib/actor.js:28:26)\n- I.amOnPage(\"https://mideastore.ru\") at Object.obj.(anonymous function).obj.(anonymous function) [as amOnPage] (node_modules/codeceptjs/lib/actor.js:28:26)\n\n"
            },
            "isRoot": false,
            "uuid": "56aaea64-8185-40d4-8ad3-d8d8f084c842",
            "isHook": false,
            "skipped": false
          },
          {
            "title": "test registration",
            "fullTitle": "MID: test registration",
            "timedOut": false,
            "duration": 13348,
            "state": "passed",
            "speed": "slow",
            "pass": true,
            "fail": false,
            "pending": false,
            "code": "I.amOnPage('https://mideastore.ru');\nI.retry({ retries: 10, minTimeout: 1000 }).see('Войти');\nI.retry({ retries: 10, minTimeout: 1000 }).click('div.top-right.mobile-center > div > div > div > ul > li:nth-child(2) > a');\nI.retry({ retries: 10, minTimeout: 1000 }).see('Создать новую учётную запись клиента');\nI.retry({ retries: 10, minTimeout: 1000 }).fillField('//*[@id=\"newsletter\"]', \"1\");\nI.retry({ retries: 10, minTimeout: 1000 }).click('//*[@id=\"form-validate\"]/div/div[1]/button');\nI.retry({ retries: 10, minTimeout: 1000 }).fillField('//*[@id=\"newsletter\"]', \"1\");\nI.retry({ retries: 10, minTimeout: 1000 }).see('Это поле обязательно для заполнения.');\nI.retry({ retries: 10, minTimeout: 1000 }).fillField(\"//*[@id='email_address']\", \"tolik_kosmal.ru\");\nI.retry({ retries: 10, minTimeout: 1000 }).fillField(\"//*[@id='password']\", \"feq0ZYIc\");\nI.retry({ retries: 10, minTimeout: 1000 }).fillField(\"//*[@id='firstname']\", \"Test\");\nI.retry({ retries: 10, minTimeout: 1000 }).fillField(\"//*[@id='lastname']\", \"Account\");\nI.retry({ retries: 10, minTimeout: 1000 }).fillField(\"//*[@id='password-confirmation']\", \"feq0ZYIc\");\nI.retry({ retries: 10, minTimeout: 1000 }).click('//*[@id=\"form-validate\"]/div/div[1]/button');\nI.retry({ retries: 10, minTimeout: 1000 }).see('Пожалуйста, введите правильный адрес электронной почты (Пример: johndoe@domain.com).');\nI.retry({ retries: 10, minTimeout: 1000 }).fillField(\"//*[@id='email_address']\", \"tolik_kos@mail.ru\");\nI.retry({ retries: 10, minTimeout: 1000 }).fillField('//*[@id=\"newsletter\"]', \"1\");\nI.retry({ retries: 10, minTimeout: 1000 }).click('//*[@id=\"form-validate\"]/div/div[1]/button');\nI.retry({ retries: 10, minTimeout: 1000 }).see('Учётная запись с таким адресом электронной почты уже существует.');\nI.retry({ retries: 10, minTimeout: 1000 }).fillField(\"//*[@id='password']\", \"feq\");\nI.retry({ retries: 10, minTimeout: 1000 }).fillField(\"//*[@id='password-confirmation']\", \"feq0ZYIc\");\nI.retry({ retries: 10, minTimeout: 1000 }).fillField('//*[@id=\"newsletter\"]', \"1\");\nI.retry({ retries: 10, minTimeout: 1000 }).click('//*[@id=\"form-validate\"]/div/div[1]/button');\nI.retry({ retries: 10, minTimeout: 1000 }).see('Минимальная длина этого поля');\nI.retry({ retries: 10, minTimeout: 1000 }).see('Please enter the same value again.');",
            "err": {},
            "isRoot": false,
            "uuid": "17af574e-4b80-45c1-9442-fdd1cb08158b",
            "isHook": false,
            "skipped": false
          },
          {
            "title": "test search",
            "fullTitle": "MID: test search",
            "timedOut": false,
            "duration": 8644,
            "state": "passed",
            "speed": "slow",
            "pass": true,
            "fail": false,
            "pending": false,
            "code": "I.amOnPage('https://mideastore.ru');\nI.retry({ retries: 10, minTimeout: 1000 }).see('Войти');\nI.fillField('//*[@id=\"search\"]', 'пылес');\nI.retry({ retries: 10, minTimeout: 1000 }).click('//*[@id=\"search_mini_form\"]/button');\nI.retry({ retries: 10, minTimeout: 1000 }).see('Результаты поиска');\nI.see('Пылесос Midea');",
            "err": {},
            "isRoot": false,
            "uuid": "56c8f605-1ea9-4c43-899b-9ba7b20e22fc",
            "isHook": false,
            "skipped": false
          },
          {
            "title": "test wishlist",
            "fullTitle": "MID: test wishlist",
            "timedOut": false,
            "duration": 8539,
            "state": "failed",
            "pass": false,
            "fail": true,
            "pending": false,
            "context": "\"test_wishlist.failed.png\"",
            "code": "I.amOnPage('https://mideastore.ru');\nI.retry({ retries: 10, minTimeout: 1000 }).see('Войти');\nI.click('li.authorization-link > a');\nI.retry({ retries: 10, minTimeout: 1000 }).see('Вход в систему');\nI.fillField(\"input[name='login[username]']\", \"tolik_kos@mail.ru\");\nI.fillField(\"input[name='login[password]']\", \"feq0ZYIc\");\nI.click('//*[@id=\"send2\"]');\nI.retry({ retries: 10, minTimeout: 1000 }).see('Моя панель управления');\nI.click('div.place-menu-mobile.menu-mobile > span');\nI.retry({ retries: 10, minTimeout: 1000 }).click('//*[@id=\"store.menu\"]/div/div/nav/ul/li[1]/a[1]');\nI.retry({ retries: 10, minTimeout: 1000 }).click('//*[@id=\"maincontent\"]/div[3]/div[1]/div[4]/ol/li[1]/div/div/div[2]/a/span/span');\nI.retry({ retries: 10, minTimeout: 1000 }).click('div.Product__Actions--Bookmark > div > div > a.action.towishlist');\nI.retry({ retries: 10, minTimeout: 1000 }).see('добавлен в ваш лист пожеланий');",
            "err": {
              "message": "Error: Element is not currently visible and may not be manipulated",
[...]
            "err": {
              "message": "Error: Element is not currently visible and may not be manipulated",
              "estack": "Element is not currently visible and may not be manipulated\n\nScenario Steps:\n\n- I.click(\"/html/body/div[1]/header/div[2]/div/div[2]/div/div\") at Object.obj.(anonymous function).obj.(anonymous function) [as click] (node_modules/codeceptjs/lib/actor.js:28:26)\n- I.see(\"ЗВОНОК БЕСПЛАТНЫЙ\") at Object.obj.(anonymous function).obj.(anonymous function) [as see] (node_modules/codeceptjs/lib/actor.js:28:26)\n- I.amOnPage(\"https://freshub.ru\") at Object.obj.(anonymous function).obj.(anonymous function) [as amOnPage] (node_modules/codeceptjs/lib/actor.js:28:26)\n\n"
            },
            "isRoot": false,
            "uuid": "71c86903-d22a-4ab5-b133-82993ab8db46",
            "isHook": false,
            "skipped": false
          },
          {
            "title": "test login",
            "fullTitle": "ST: test login",
            "timedOut": false,
            "duration": 84402,
            "state": "failed",
            "pass": false,
            "fail": true,
            "pending": false,
            "context": "\"test_login.failed.png\"",
            "code": "I.amOnPage('https://freshub.ru');\nI.retry({ retries: 10, minTimeout: 1000 }).see('ЗВОНОК БЕСПЛАТНЫЙ');\nI.retry({ retries: 10, minTimeout: 1000 }).click('/html/body/div[1]/header/div[2]/div/div[2]/div/div');\nI.retry({ retries: 10, minTimeout: 1000 }).click('/html/body/div[1]/header/div[3]/ul/li[2]');\nI.retry({ retries: 10, minTimeout: 1000 }).click('/html/body/div[1]/header/div[3]/div[3]/ul/li[1]/a');\nI.retry({ retries: 10, minTimeout: 1000 }).see('Вход в систему');\nI.fillField(\"input[name='login[username]']\", \"tolik_kos@mail.ru\");\nI.fillField(\"input[name='login[password]']\", \"feq0ZYIc\");\nI.retry({ retries: 10, minTimeout: 1000 }).click('//*[@id=\"send2\"]');",
            "err": {
              "message": "Error: Element is not currently visible and may not be manipulated",
              "estack": "Element is not currently visible and may not be manipulated\n\nScenario Steps:\n\n- I.click(\"/html/body/div[1]/header/div[2]/div/div[2]/div/div\") at Object.obj.(anonymous function).obj.(anonymous function) [as click] (node_modules/codeceptjs/lib/actor.js:28:26)\n- I.see(\"ЗВОНОК БЕСПЛАТНЫЙ\") at Object.obj.(anonymous function).obj.(anonymous function) [as see] (node_modules/codeceptjs/lib/actor.js:28:26)\n- I.amOnPage(\"https://freshub.ru\") at Object.obj.(anonymous function).obj.(anonymous function) [as amOnPage] (node_modules/codeceptjs/lib/actor.js:28:26)\n\n"
            },
            "isRoot": false,
            "uuid": "b668d5ea-a3b8-45eb-a9c2-37c7737cfc71",
            "isHook": false,
            "skipped": false
          },
          {
            "title": "test registration",
            "fullTitle": "ST: test registration",
            "timedOut": false,
            "duration": 84215,
            "state": "failed",
            "pass": false,
            "fail": true,
            "pending": false,
            "context": "\"test_registration.failed.png\"",
            "code": "I.amOnPage('https://freshub.ru');\nI.retry({ retries: 10, minTimeout: 1000 }).see('ЗВОНОК БЕСПЛАТНЫЙ');\nI.retry({ retries: 10, minTimeout: 1000 }).click('/html/body/div[1]/header/div[2]/div/div[2]/div/div');\nI.retry({ retries: 10, minTimeout: 1000 }).click('/html/body/div[1]/header/div[3]/ul/li[2]');\nI.retry({ retries: 10, minTimeout: 1000 }).click('/html/body/div[1]/header/div[3]/div[3]/ul/li[1]/a');\nI.retry({ retries: 10, minTimeout: 1000 }).see('Вход в систему');\nI.retry({ retries: 10, minTimeout: 1000 }).click('//*[@id=\"maincontent\"]/div[2]/div/div[4]/div[2]/div[2]/div/div/a');\nI.retry({ retries: 10, minTimeout: 1000 }).see('Создать новую учётную запись клиента');\nI.fillField(\"input[name='firstname']\", \"Тестовый\");\nI.fillField(\"input[name='lastname']\", \"Аккаунт\");\nI.fillField(\"input[name='email']\", \"tolik_kos@mail.ru\");\nI.fillField(\"input[name='password']\", \"feq0ZYIc\");\nI.fillField(\"input[name='password_confirmation']\", \"feq0ZYIc\");\nI.retry({ retries: 10, minTimeout: 1000 }).click('//*[@id=\"form-validate\"]/div/div[1]/button');",
            "err": {
              "message": "Error: Element is not currently visible and may not be manipulated",
              "estack": "Element is not currently visible and may not be manipulated\n\nScenario Steps:\n\n- I.click(\"/html/body/div[1]/header/div[2]/div/div[2]/div/div\") at Object.obj.(anonymous function).obj.(anonymous function) [as click] (node_modules/codeceptjs/lib/actor.js:28:26)\n- I.see(\"ЗВОНОК БЕСПЛАТНЫЙ\") at Object.obj.(anonymous function).obj.(anonymous function) [as see] (node_modules/codeceptjs/lib/actor.js:28:26)\n- I.amOnPage(\"https://freshub.ru\") at Object.obj.(anonymous function).obj.(anonymous function) [as amOnPage] (node_modules/codeceptjs/lib/actor.js:28:26)\n\n"
            },
            "isRoot": false,
            "uuid": "ea066e4a-ee70-4b89-9cc4-596f5ab7f081",
            "isHook": false,
            "skipped": false
          },
          {
            "title": "test search",
            "fullTitle": "ST: test search",
            "timedOut": false,
            "duration": 8971,
            "state": "passed",
            "speed": "slow",
            "pass": true,
            "fail": false,
            "pending": false,
            "code": "I.amOnPage('https://freshub.ru');\nI.retry({ retries: 10, minTimeout: 1000 }).see('ЗВОНОК БЕСПЛАТНЫЙ');\nI.retry({ retries: 10, minTimeout: 1000 }).fillField(\"input[id='search']\", \"мыло\");\nI.retry({ retries: 10, minTimeout: 1000 }).click(\"//*[@id='search_mini_form']/div/div/button\");\nI.retry({ retries: 10, minTimeout: 1000 }).see(\"Результаты поиска для: 'мыло'\");",
            "err": {},
            "isRoot": false,
            "uuid": "2d8e6460-628f-45c0-9f7a-fd04b0f9a235",
            "isHook": false,
            "skipped": false
          },
          {
            "title": "screenshots",
            "fullTitle": "ST: screenshots",
            "timedOut": false,
            "duration": 31961,
            "state": "passed",
            "speed": "slow",
            "pass": true,
            "fail": false,
            "pending": false,
            "context": "[\n  \"/Users/hamster/codecept/mochawesome-report/ST_main.png\",\n  \"/Users/hamster/codecept/mochawesome-report/ST_login.png\",\n  \"/Users/hamster/codecept/mochawesome-report/ST_registration.png\",\n  \"/Users/hamster/codecept/mochawesome-report/ST_catalog.png\",\n  \"/Users/hamster/codecept/mochawesome-report/ST_customer-service.png\",\n  \"/Users/hamster/codecept/mochawesome-report/ST_vozvrat-tovara.png\",\n  \"/Users/hamster/codecept/mochawesome-report/ST_contact.png\",\n  \"/Users/hamster/codecept/mochawesome-report/ST_uslovija-prodazhi.png\",\n  \"/Users/hamster/codecept/mochawesome-report/ST_politika.png\",\n  \"/Users/hamster/codecept/mochawesome-report/ST_about.png\",\n  \"/Users/hamster/codecept/mochawesome-report/ST_franchising.png\",\n  \"/Users/hamster/codecept/mochawesome-report/ST_optovie-prodazi.png\"\n]",
            "code": "I.amOnPage('https://freshub.ru/');\nI.saveScreenshot('ST_main.png');\nI.addMochawesomeContext('/Users/hamster/codecept/mochawesome-report/ST_main.png');\nI.amOnPage('https://freshub.ru/customer/account/login/referer/');\nI.saveScreenshot('ST_login.png');\nI.addMochawesomeContext('/Users/hamster/codecept/mochawesome-report/ST_login.png');\nI.amOnPage('https://freshub.ru/customer/account/create/');\nI.saveScreenshot('ST_registration.png');\nI.addMochawesomeContext('/Users/hamster/codecept/mochawesome-report/ST_registration.png');\nI.amOnPage('https://freshub.ru/uhod-dlja-tela.html');\nI.saveScreenshot('ST_catalog.png');\nI.addMochawesomeContext('/Users/hamster/codecept/mochawesome-report/ST_catalog.png');\nI.amOnPage('https://freshub.ru/customer-service');\nI.saveScreenshot('ST_customer-service.png');\nI.addMochawesomeContext('/Users/hamster/codecept/mochawesome-report/ST_customer-service.png');\nI.amOnPage('https://freshub.ru/vozvrat-tovara');\nI.saveScreenshot('ST_vozvrat-tovara.png');\nI.addMochawesomeContext('/Users/hamster/codecept/mochawesome-report/ST_vozvrat-tovara.png');\nI.amOnPage('https://freshub.ru/contact/');\nI.saveScreenshot('ST_contact.png');\nI.addMochawesomeContext('/Users/hamster/codecept/mochawesome-report/ST_contact.png');\nI.amOnPage('https://freshub.ru/uslovija-prodazhi-tovarov');\nI.saveScreenshot('ST_uslovija-prodazhi.png');\nI.addMochawesomeContext('/Users/hamster/codecept/mochawesome-report/ST_uslovija-prodazhi.png');\nI.amOnPage('https://freshub.ru/politika-v-otnoshenii-obrabotki-personal-nyh-dannyh');\nI.saveScreenshot('ST_politika.png');\nI.addMochawesomeContext('/Users/hamster/codecept/mochawesome-report/ST_politika.png');\nI.amOnPage('https://freshub.ru/about-us');\nI.saveScreenshot('ST_about.png');\nI.addMochawesomeContext('/Users/hamster/codecept/mochawesome-report/ST_about.png');\nI.amOnPage('https://freshub.ru/contact/franchising/');\nI.saveScreenshot('ST_franchising.png');\nI.addMochawesomeContext('/Users/hamster/codecept/mochawesome-report/ST_franchising.png');\nI.amOnPage('https://freshub.ru/contact/franchising/optovie-prodazi/');\nI.saveScreenshot('ST_optovie-prodazi.png');\nI.addMochawesomeContext('/Users/hamster/codecept/mochawesome-report/ST_optovie-prodazi.png');",
            "err": {},
            "isRoot": false,
            "uuid": "4a915a5f-6c08-4d3d-9853-d174a8606493",
            "isHook": false,
            "skipped": false
          }
        ],
        "suites": [],
        "passes": [
          "2d8e6460-628f-45c0-9f7a-fd04b0f9a235",
          "4a915a5f-6c08-4d3d-9853-d174a8606493"
        ],
        "failures": [
          "71c86903-d22a-4ab5-b133-82993ab8db46",
          "b668d5ea-a3b8-45eb-a9c2-37c7737cfc71",
          "ea066e4a-ee70-4b89-9cc4-596f5ab7f081"
        ],
        "pending": [],
        "skipped": [],
        "duration": 293969,
        "root": false,
        "rootEmpty": false,
        "_timeout": 0
      },
      {
        "uuid": "8e7e5663-8eb8-4183-8e85-dd4f3305f6c6",
        "title": "WF",
        "fullFile": "/Users/hamster/codecept/WF_links_test.js",
        "file": "/WF_links_test.js",
        "beforeHooks": [
          {
            "title": "\"before all\" hook: codeceptjs.beforeSuite",
            "fullTitle": "WF \"before all\" hook: codeceptjs.beforeSuite",
            "timedOut": false,
            "duration": 0,
            "pass": false,
            "fail": false,
            "pending": false,
            "code": "scenario.suiteSetup(suite)",
            "err": {},
            "isRoot": false,
            "uuid": "131d7926-f326-4712-94d8-17b94afc3b20",
            "isHook": true,
            "skipped": false
          },
          {
            "title": "\"before each\" hook: codeceptjs.before",
            "fullTitle": "WF \"before each\" hook: codeceptjs.before",
            "timedOut": false,
            "duration": 4160,
            "pass": false,
            "fail": false,
            "pending": false,
            "code": "scenario.setup(suite)",
            "err": {},
            "isRoot": false,
            "uuid": "bb30f3ff-18ba-4292-8ff7-f9bfba65f2a9",
            "isHook": true,
            "skipped": false
          }
        ],
        "afterHooks": [
          {
            "title": "\"after all\" hook: codeceptjs.afterSuite",
            "fullTitle": "WF \"after all\" hook: codeceptjs.afterSuite",
            "timedOut": false,
            "duration": 0,
            "pass": false,
            "fail": false,
            "pending": false,
            "code": "scenario.suiteTeardown(suite)",
            "err": {},
            "isRoot": false,
            "uuid": "b973045e-039d-471a-b175-39ae265976ca",
            "isHook": true,
            "skipped": false
          },
          {
            "title": "\"after each\" hook: finalize codeceptjs",
            "fullTitle": "WF \"after each\" hook: finalize codeceptjs",
            "timedOut": false,
            "duration": 1068,
            "pass": false,
            "fail": false,
            "pending": false,
            "code": "scenario.teardown(suite)",
            "err": {},
            "isRoot": false,
            "uuid": "0f369eb0-349f-415e-8750-814044bed894",
            "isHook": true,
            "skipped": false
          }
        ],
        "tests": [
          {
            "title": "test links",
            "fullTitle": "WF: test links",
            "timedOut": false,
            "duration": 77715,
            "state": "failed",
            "pass": false,
            "fail": true,
            "pending": false,
            "context": "\"test_links.failed.png\"",
            "code": "I.amOnPage('https://ru.wileyfox.com/');\nI.retry({ retries: 10, minTimeout: 1000 }).see('ПАРТНЁРЫ');\nI.retry({ retries: 10, minTimeout: 1000 }).click('//*[@id=\"menu_mobile\"]');\nI.retry({ retries: 10, minTimeout: 1000 }).click('//*[@id=\"menu_sm\"]/li[2]/a');\nI.retry({ retries: 10, minTimeout: 1000 }).see('СЛУЖБА ПОДДЕРЖКИ');\nI.retry({ retries: 10, minTimeout: 1000 }).click('//*[@id=\"menu_mobile\"]');\nI.retry({ retries: 10, minTimeout: 1000 }).click('//*[@id=\"menu_sm\"]/li[3]/a');\nI.retry({ retries: 10, minTimeout: 1000 }).see('ЧТО НАХОДИТСЯ');\nI.retry({ retries: 10, minTimeout: 1000 }).click('//*[@id=\"menu_mobile\"]');\nI.retry({ retries: 10, minTimeout: 1000 }).click('//*[@id=\"menu_sm\"]/li[4]/a');\nI.retry({ retries: 10, minTimeout: 1000 }).see('Задать вопрос в техподдержку');\nI.retry({ retries: 10, minTimeout: 1000 }).click('/html/body/div[5]/div/div[1]/div[2]/ul/li[1]/a');\nI.retry({ retries: 10, minTimeout: 1000 }).see('ОБСЛУЖИВАНИЕ');\nI.retry({ retries: 10, minTimeout: 1000 }).click('/html/body/div[5]/div/div[1]/div[2]/ul/li[2]/a');\nI.retry({ retries: 10, minTimeout: 1000 }).see('СЛУЖБА ПОДДЕРЖКИ');\nI.retry({ retries: 10, minTimeout: 1000 }).click('/html/body/div[5]/div/div[1]/div[3]/ul/li[1]/a');\nI.retry({ retries: 10, minTimeout: 1000 }).see('ЧТО НАХОДИТСЯ');\nI.retry({ retries: 10, minTimeout: 1000 }).click('/html/body/div[6]/div/div[1]/div[3]/ul/li[2]/a');\nI.retry({ retries: 10, minTimeout: 1000 }).see('КОНТАКТЫ');\nI.retry({ retries: 10, minTimeout: 1000 }).click('//*[@id=\"top-menu\"]/div[1]/div[3]/a/i');\nI.retry({ retries: 10, minTimeout: 1000 }).see('ОЧИСТИТЬ ВСЮ ТАБЛИЦУ');",
            "err": {
              "message": "Error: Element is not currently visible and may not be manipulated",
              "estack": "Element is not currently visible and may not be manipulated\n\nScenario Steps:\n\n- I.click(\"//*[@id=\"menu_mobile\"]\") at Object.obj.(anonymous function).obj.(anonymous function) [as click] (node_modules/codeceptjs/lib/actor.js:28:26)\n- I.see(\"ПАРТНЁРЫ\") at Object.obj.(anonymous function).obj.(anonymous function) [as see] (node_modules/codeceptjs/lib/actor.js:28:26)\n- I.amOnPage(\"https://ru.wileyfox.com/\") at Object.obj.(anonymous function).obj.(anonymous function) [as amOnPage] (node_modules/codeceptjs/lib/actor.js:28:26)\n\n"
            },
            "isRoot": false,
            "uuid": "d9948064-e950-42fa-87c3-4d959a6ab514",
            "isHook": false,
            "skipped": false
          },
          {
            "title": "screenshots",
            "fullTitle": "WF: screenshots",
            "timedOut": false,
            "duration": 18505,
            "state": "passed",
            "speed": "slow",
            "pass": true,
            "fail": false,
            "pending": false,
            "context": "[\n  \"/Users/hamster/codecept/mochawesome-report/WF_main.png\",\n  \"/Users/hamster/codecept/mochawesome-report/WF_smartphones.png\",\n  \"/Users/hamster/codecept/mochawesome-report/WF_support.png\",\n  \"/Users/hamster/codecept/mochawesome-report/WF_about.png\",\n  \"/Users/hamster/codecept/mochawesome-report/WF_compare.png\",\n  \"/Users/hamster/codecept/mochawesome-report/WF_service.png\",\n  \"/Users/hamster/codecept/mochawesome-report/WF_contacts.png\",\n  \"/Users/hamster/codecept/mochawesome-report/WF_catalog.png\"\n]",
            "code": "I.amOnPage('https://ru.wileyfox.com/');\nI.saveScreenshot('WF_main.png');\nI.addMochawesomeContext('/Users/hamster/codecept/mochawesome-report/WF_main.png');\nI.amOnPage('https://ru.wileyfox.com/smartphones/');\nI.saveScreenshot('WF_smartphones.png');\nI.addMochawesomeContext('/Users/hamster/codecept/mochawesome-report/WF_smartphones.png');\nI.amOnPage('https://ru.wileyfox.com/support/');\nI.saveScreenshot('WF_support.png');\nI.addMochawesomeContext('/Users/hamster/codecept/mochawesome-report/WF_support.png');\nI.amOnPage('https://ru.wileyfox.com/about-us/');\nI.saveScreenshot('WF_about.png');\nI.addMochawesomeContext('/Users/hamster/codecept/mochawesome-report/WF_about.png');\nI.amOnPage('https://ru.wileyfox.com/compare/');\nI.saveScreenshot('WF_compare.png');\nI.addMochawesomeContext('/Users/hamster/codecept/mochawesome-report/WF_compare.png');\nI.amOnPage('https://ru.wileyfox.com/service-and-warranty/');\nI.saveScreenshot('WF_service.png');\nI.addMochawesomeContext('/Users/hamster/codecept/mochawesome-report/WF_service.png');\nI.amOnPage('https://ru.wileyfox.com/about-us/contacts/');\nI.saveScreenshot('WF_contacts.png');\nI.addMochawesomeContext('/Users/hamster/codecept/mochawesome-report/WF_contacts.png');\nI.amOnPage('https://ru.wileyfox.com/products/swift/');\nI.saveScreenshot('WF_catalog.png');\nI.addMochawesomeContext('/Users/hamster/codecept/mochawesome-report/WF_catalog.png');",
            "err": {},
            "isRoot": false,
            "uuid": "9a78f3cb-925c-46cd-8ee7-7053bbade8eb",
            "isHook": false,
            "skipped": false
          }
        ],
        "suites": [],
        "passes": [
          "9a78f3cb-925c-46cd-8ee7-7053bbade8eb"
        ],
        "failures": [
          "d9948064-e950-42fa-87c3-4d959a6ab514"
        ],
        "pending": [],
        "skipped": [],
        "duration": 96220,
        "root": false,
        "rootEmpty": false,
        "_timeout": 0
      }
    ],
    "passes": [],
    "failures": [],
    "pending": [],
    "skipped": [],
    "duration": 0,
    "root": true,
    "rootEmpty": true,
    "_timeout": 0
  },
  "copyrightYear": 2018
}