{
  "stats": {
    "suites": 9,
    "tests": 31,
    "passes": 25,
    "pending": 0,
    "failures": 6,
    "start": "2018-10-18T10:23:40.758Z",
    "end": "2018-10-18T10:40:52.502Z",
    "duration": 1031744,
    "testsRegistered": 31,
    "passPercent": 80.6,
    "pendingPercent": 0,
    "other": 0,
    "hasOther": false,
    "skipped": 0,
    "hasSkipped": false,
    "passPercentClass": "success",
    "pendingPercentClass": "danger"
  },
  "suites": {
    "uuid": "3171924d-597f-4443-92d8-d2fc341f33c4",
    "title": "",
    "fullFile": "",
    "file": "",
    "beforeHooks": [],
    "afterHooks": [],
    "tests": [],
    "suites": [
      {
        "uuid": "8ea3e4c5-a713-4f04-bc6c-eae0fa03312d",
        "title": "ELC",
        "fullFile": "/Users/hamster/codecept/ELC_test.js",
        "file": "/ELC_test.js",
        "beforeHooks": [
          {
            "title": "\"before all\" hook: codeceptjs.beforeSuite",
            "fullTitle": "ELC \"before all\" hook: codeceptjs.beforeSuite",
            "timedOut": false,
            "duration": 0,
            "pass": false,
            "fail": false,
            "pending": false,
            "code": "scenario.suiteSetup(suite)",
            "err": {},
            "isRoot": false,
            "uuid": "6afd63b5-4929-4896-ba7f-6a1b163c2225",
            "isHook": true,
            "skipped": false
          },
          {
            "title": "\"before each\" hook: codeceptjs.before",
            "fullTitle": "ELC \"before each\" hook: codeceptjs.before",
            "timedOut": false,
            "duration": 4632,
            "pass": false,
            "fail": false,
            "pending": false,
            "code": "scenario.setup(suite)",
            "err": {},
            "isRoot": false,
            "uuid": "a676d88a-eded-4ca6-8ed1-a27b0be52434",
            "isHook": true,
            "skipped": false
          }
        ],
        "afterHooks": [
          {
            "title": "\"after all\" hook: codeceptjs.afterSuite",
            "fullTitle": "ELC \"after all\" hook: codeceptjs.afterSuite",
            "timedOut": false,
            "duration": 0,
            "pass": false,
            "fail": false,
            "pending": false,
            "code": "scenario.suiteTeardown(suite)",
            "err": {},
            "isRoot": false,
            "uuid": "a7662522-6bb6-4ea9-83e0-9f2749276c07",
            "isHook": true,
            "skipped": false
          },
          {
            "title": "\"after each\" hook: finalize codeceptjs",
            "fullTitle": "ELC \"after each\" hook: finalize codeceptjs",
            "timedOut": false,
            "duration": 1094,
            "pass": false,
            "fail": false,
            "pending": false,
            "code": "scenario.teardown(suite)",
            "err": {},
            "isRoot": false,
            "uuid": "ad5fead2-3660-4a14-9719-159c86f48008",
            "isHook": true,
            "skipped": false
          }
        ],
        "tests": [
          {
            "title": "test links",
            "fullTitle": "ELC: test links",
            "timedOut": false,
            "duration": 77696,
            "state": "failed",
            "pass": false,
            "fail": true,
            "pending": false,
            "context": "\"test_links.failed.png\"",
            "code": "I.amOnPage('https://www.elc-russia.ru/');\nI.retry({ retries: 10, minTimeout: 1000 }).click('//*[@id=\"page\"]/div/a');\nI.retry({ retries: 10, minTimeout: 1000 }).see('Бренды');\nI.see('Вступить в клуб');\nI.see('Задать вопрос');\nI.see('Войти');\nI.see('Регистрация');\nI.see('Новинки');\nI.see('Магазины');\nI.retry({ retries: 10, minTimeout: 1000 }).click('//*[@id=\"menu\"]/div[2]/a[3]');\nI.retry({ retries: 10, minTimeout: 1000 }).click('//*[@id=\"titleOpenReview\"]');\nI.wait(1);\nI.retry({ retries: 10, minTimeout: 1000 }).click('//*[@id=\"mm-0\"]/div[9]/div/div[2]/ul/li[1]/div/ul/li[1]/a');\nI.retry({ retries: 10, minTimeout: 1000 }).see('Доставка осуществляется по территории России.');\nI.retry({ retries: 10, minTimeout: 1000 }).click('//*[@id=\"titleOpenReview\"]');\nI.wait(1);\nI.retry({ retries: 10, minTimeout: 1000 }).click('//*[@id=\"mm-0\"]/div[9]/div/div[2]/ul/li[1]/div/ul/li[2]/a');\nI.retry({ retries: 10, minTimeout: 1000 }).see('Возврат товара в интернет-магазин Elc-russia.ru');\nI.retry({ retries: 10, minTimeout: 1000 }).click('//*[@id=\"titleOpenReview\"]');\nI.wait(1);\nI.retry({ retries: 10, minTimeout: 1000 }).click('//*[@id=\"mm-0\"]/div[9]/div/div[2]/ul/li[1]/div/ul/li[3]/a');\nI.retry({ retries: 10, minTimeout: 1000 }).see('Публичная оферта');\nI.retry({ retries: 10, minTimeout: 1000 }).click('//*[@id=\"titleOpenReview\"]');\nI.wait(1);\nI.retry({ retries: 10, minTimeout: 1000 }).click('//*[@id=\"mm-0\"]/div[9]/div/div[2]/ul/li[1]/div/ul/li[5]/a');\nI.retry({ retries: 10, minTimeout: 1000 }).see('Карта сайта');\nI.wait(1);\nI.retry({ retries: 10, minTimeout: 1000 }).click('//*[@id=\"titleOpenReview\"]');\nI.wait(1);\nI.retry({ retries: 10, minTimeout: 1000 }).click('//*[@id=\"mm-0\"]/div[9]/div/div[2]/ul/li[1]/div/ul/li[6]/a');\nI.wait(1);\nI.retry({ retries: 10, minTimeout: 1000 }).see('Зайти через учетную запись OpenID');",
            "err": {
              "message": "Error: Clickable element //*[@id=\"page\"]/div/a was not found by text|CSS|XPath",
              "estack": "Clickable element //*[@id=\"page\"]/div/a was not found by text|CSS|XPath\n\nScenario Steps:\n\n- I.click(\"//*[@id=\"page\"]/div/a\") at Object.obj.(anonymous function).obj.(anonymous function) [as click] (node_modules/codeceptjs/lib/actor.js:28:26)\n- I.amOnPage(\"https://www.elc-russia.ru/\") at Object.obj.(anonymous function).obj.(anonymous function) [as amOnPage] (node_modules/codeceptjs/lib/actor.js:28:26)\n\n"
            },
            "isRoot": false,
            "uuid": "279f55e4-4a9e-4d0c-965c-731c0f8ecc08",
            "isHook": false,
            "skipped": false
          },
          {
            "title": "test login",
            "fullTitle": "ELC: test login",
            "timedOut": false,
            "duration": 6658,
            "state": "passed",
            "speed": "slow",
            "pass": true,
            "fail": false,
            "pending": false,
            "code": "I.amOnPage('https://www.elc-russia.ru/customer/account/login/');\nI.retry({ retries: 3, minTimeout: 1000 }).click('//*[@id=\"send2\"]');\nI.retry({ retries: 3, minTimeout: 1000 }).see('Это поле обязательно для заполнения.');\nI.retry({ retries: 5, minTimeout: 1000 }).fillField('//*[@id=\"email\"]', 'tolik_kosmail.ru');\nI.retry({ retries: 3, minTimeout: 1000 }).fillField('//*[@id=\"pass\"]', 'feq0Z');\nI.retry({ retries: 3, minTimeout: 1000 }).click('//*[@id=\"send2\"]');\nI.retry({ retries: 3, minTimeout: 1000 }).see('Пожалуйста, введите правильный адрес электронной почты. Например johndoe@domain.com.');\nI.retry({ retries: 3, minTimeout: 1000 }).see('Please enter 6 or more characters without leading or trailing spaces.');\nI.retry({ retries: 5, minTimeout: 1000 }).fillField('//*[@id=\"email\"]', 'tolik_kos@mail.ru');\nI.retry({ retries: 3, minTimeout: 1000 }).fillField('//*[@id=\"pass\"]', 'feq0ZYI');\nI.retry({ retries: 3, minTimeout: 1000 }).click('//*[@id=\"send2\"]');\nI.retry({ retries: 3, minTimeout: 1000 }).see('Неправильный логин или пароль.');\nI.retry({ retries: 5, minTimeout: 1000 }).fillField('//*[@id=\"email\"]', 'tolik_kos@mail.ru');\nI.retry({ retries: 3, minTimeout: 1000 }).fillField('//*[@id=\"pass\"]', 'feq0ZYIc');\nI.retry({ retries: 3, minTimeout: 1000 }).click('//*[@id=\"send2\"]');\nI.retry({ retries: 3, minTimeout: 1000 }).see('Мой аккаунт');",
            "err": {},
            "isRoot": false,
            "uuid": "b477810c-a908-4807-9aa7-d27c8e1f04f4",
            "isHook": false,
            "skipped": false
          },
          {
            "title": "test registration",
            "fullTitle": "ELC: test registration",
            "timedOut": false,
            "duration": 78954,
            "state": "failed",
            "pass": false,
            "fail": true,
            "pending": false,
            "context": "\"test_registration.failed.png\"",
            "code": "I.amOnPage('https://www.elc-russia.ru/');\nI.wait(1);\nI.retry({ retries: 10, minTimeout: 1000 }).click('//*[@id=\"mm-0\"]/div[1]/div[2]/a[2]/i');\nI.wait(1);\nI.retry({ retries: 10, minTimeout: 1000 }).click('//*[@id=\"modal_auth\"]/div/div[2]/div[3]/div/div/button');\nI.retry({ retries: 10, minTimeout: 1000 }).click('//*[@id=\"form-register\"]/div[5]/button');\nI.retry({ retries: 10, minTimeout: 1000 }).see('Это поле обязательно для заполнения');\nI.fillField('//*[@id=\"firstname\"]', 'Test');\nI.fillField('//*[@id=\"lastname\"]', 'Account');\nI.fillField('//*[@id=\"email_address\"]', 'tolik_kosmail.ru');\nI.fillField('//*[@id=\"password\"]', 'f');\nI.fillField('//*[@id=\"confirmation\"]', 'fe');\nI.click('//*[@id=\"terms-input\"]');\nI.retry({ retries: 10, minTimeout: 1000 }).click('//*[@id=\"form-register\"]/div[5]/button');\nI.retry({ retries: 10, minTimeout: 1000 }).see('Please');\nI.retry({ retries: 10, minTimeout: 1000 }).see('Пожалуйста');\nI.retry({ retries: 10, minTimeout: 1000 }).see('Пожалуйста, введите');",
            "err": {
              "message": "Error: Clickable element //*[@id=\"mm-0\"]/div[1]/div[2]/a[2]/i was not found by text|CSS|XPath",
              "estack": "Clickable element //*[@id=\"mm-0\"]/div[1]/div[2]/a[2]/i was not found by text|CSS|XPath\n\nScenario Steps:\n\n- I.click(\"//*[@id=\"mm-0\"]/div[1]/div[2]/a[2]/i\") at Object.obj.(anonymous function).obj.(anonymous function) [as click] (node_modules/codeceptjs/lib/actor.js:28:26)\n- I.wait(1) at Object.obj.(anonymous function).obj.(anonymous function) [as wait] (node_modules/codeceptjs/lib/actor.js:28:26)\n- I.amOnPage(\"https://www.elc-russia.ru/\") at Object.obj.(anonymous function).obj.(anonymous function) [as amOnPage] (node_modules/codeceptjs/lib/actor.js:28:26)\n\n"
            },
            "isRoot": false,
            "uuid": "76e40fd5-3ef4-4fba-9b80-bba5d5d19f3e",
            "isHook": false,
            "skipped": false
          },
          {
            "title": "test search",
            "fullTitle": "ELC: test search",
            "timedOut": false,
            "duration": 77526,
            "state": "failed",
            "pass": false,
            "fail": true,
            "pending": false,
            "context": "\"test_search.failed.png\"",
            "code": "I.amOnPage('https://www.elc-russia.ru/');\nI.retry({ retries: 10, minTimeout: 1000 }).click('//*[@id=\"mm-0\"]/div[1]/div[2]/a[1]/i');\nI.retry({ retries: 10, minTimeout: 1000 }).fillField('//*[@id=\"search\"]', 'lego');\nI.click('//*[@id=\"simple_search_submit\"]');\nI.retry({ retries: 10, minTimeout: 1000 }).see('Результаты по запросу «lego»');\nI.see('LEGO');",
            "err": {
              "message": "Error: Clickable element //*[@id=\"mm-0\"]/div[1]/div[2]/a[1]/i was not found by text|CSS|XPath",
              "estack": "Clickable element //*[@id=\"mm-0\"]/div[1]/div[2]/a[1]/i was not found by text|CSS|XPath\n\nScenario Steps:\n\n- I.click(\"//*[@id=\"mm-0\"]/div[1]/div[2]/a[1]/i\") at Object.obj.(anonymous function).obj.(anonymous function) [as click] (node_modules/codeceptjs/lib/actor.js:28:26)\n- I.amOnPage(\"https://www.elc-russia.ru/\") at Object.obj.(anonymous function).obj.(anonymous function) [as amOnPage] (node_modules/codeceptjs/lib/actor.js:28:26)\n\n"
            },
            "isRoot": false,
            "uuid": "a552fb99-1ab9-40f0-9dc4-ac595f25580e",
            "isHook": false,
            "skipped": false
          },
          {
            "title": "screenshots",
            "fullTitle": "ELC: screenshots",
            "timedOut": false,
            "duration": 53965,
            "state": "passed",
            "speed": "slow",
            "pass": true,
            "fail": false,
            "pending": false,
            "context": "[\n  \"/Users/hamster/codecept/mochawesome-report/ELC_main.png\",\n  \"/Users/hamster/codecept/mochawesome-report/ELC_store-locator.png\",\n  \"/Users/hamster/codecept/mochawesome-report/ELC_delivery.png\",\n  \"/Users/hamster/codecept/mochawesome-report/ELC_trackorder.png\",\n  \"/Users/hamster/codecept/mochawesome-report/ELC_careers.png\",\n  \"/Users/hamster/codecept/mochawesome-report/ELC_rental.png\",\n  \"/Users/hamster/codecept/mochawesome-report/ELC_login.png\",\n  \"/Users/hamster/codecept/mochawesome-report/ELC_registration.png\",\n  \"/Users/hamster/codecept/mochawesome-report/ELC_returns.png\",\n  \"/Users/hamster/codecept/mochawesome-report/ELC_terms.png\",\n  \"/Users/hamster/codecept/mochawesome-report/ELC_sitemap.png\",\n  \"/Users/hamster/codecept/mochawesome-report/ELC_privacy-policy.png\",\n  \"/Users/hamster/codecept/mochawesome-report/ELC_disclamer.png\",\n  \"/Users/hamster/codecept/mochawesome-report/ELC_partnership.png\",\n  \"/Users/hamster/codecept/mochawesome-report/ELC_blog.png\",\n  \"/Users/hamster/codecept/mochawesome-report/ELC_about.png\",\n  \"/Users/hamster/codecept/mochawesome-report/ELC_corporate_clients.png\",\n  \"/Users/hamster/codecept/mochawesome-report/ELC_birthday-club.png\",\n  \"/Users/hamster/codecept/mochawesome-report/ELC_pcorp.png\",\n  \"/Users/hamster/codecept/mochawesome-report/ELC_articles.png\",\n  \"/Users/hamster/codecept/mochawesome-report/ELC_contacts.png\",\n  \"/Users/hamster/codecept/mochawesome-report/ELC_cataog.png\"\n]",
            "code": "I.amOnPage('https://www.elc-russia.ru/');\nI.saveScreenshot('ELC_main.png');\nI.addMochawesomeContext('/Users/hamster/codecept/mochawesome-report/ELC_main.png');\nI.amOnPage('https://www.elc-russia.ru/store-locator');\nI.saveScreenshot('ELC_store-locator.png');\nI.addMochawesomeContext('/Users/hamster/codecept/mochawesome-report/ELC_store-locator.png');\nI.amOnPage('https://www.elc-russia.ru/delivery/');\nI.saveScreenshot('ELC_delivery.png');\nI.addMochawesomeContext('/Users/hamster/codecept/mochawesome-report/ELC_delivery.png');\nI.amOnPage('https://www.elc-russia.ru/trackorder/');\nI.saveScreenshot('ELC_trackorder.png');\nI.addMochawesomeContext('/Users/hamster/codecept/mochawesome-report/ELC_trackorder.png');\nI.amOnPage('https://www.elc-russia.ru/careers');\nI.saveScreenshot('ELC_careers.png');\nI.addMochawesomeContext('/Users/hamster/codecept/mochawesome-report/ELC_careers.png');\nI.amOnPage('https://www.elc-russia.ru/rental');\nI.saveScreenshot('ELC_rental.png');\nI.addMochawesomeContext('/Users/hamster/codecept/mochawesome-report/ELC_rental.png');\nI.amOnPage('https://www.elc-russia.ru/#modal_auth');\nI.saveScreenshot('ELC_login.png');\nI.addMochawesomeContext('/Users/hamster/codecept/mochawesome-report/ELC_login.png');\nI.amOnPage('https://www.elc-russia.ru/customer/account/login/');\nI.saveScreenshot('ELC_registration.png');\nI.addMochawesomeContext('/Users/hamster/codecept/mochawesome-report/ELC_registration.png');\nI.amOnPage('https://www.elc-russia.ru/returns');\nI.saveScreenshot('ELC_returns.png');\nI.addMochawesomeContext('/Users/hamster/codecept/mochawesome-report/ELC_returns.png');\nI.amOnPage('https://www.elc-russia.ru/terms');\nI.saveScreenshot('ELC_terms.png');\nI.addMochawesomeContext('/Users/hamster/codecept/mochawesome-report/ELC_terms.png');\nI.amOnPage('https://www.elc-russia.ru/catalog/seo_sitemap/category/');\nI.saveScreenshot('ELC_sitemap.png');\nI.addMochawesomeContext('/Users/hamster/codecept/mochawesome-report/ELC_sitemap.png');\nI.amOnPage('https://www.elc-russia.ru/privacy-policy');\nI.saveScreenshot('ELC_privacy-policy.png');\nI.addMochawesomeContext('/Users/hamster/codecept/mochawesome-report/ELC_privacy-policy.png');\nI.amOnPage('https://www.elc-russia.ru/disclamer');\nI.saveScreenshot('ELC_disclamer.png');\nI.addMochawesomeContext('/Users/hamster/codecept/mochawesome-report/ELC_disclamer.png');\nI.amOnPage('https://www.elc-russia.ru/partnership');\nI.saveScreenshot('ELC_partnership.png');\nI.addMochawesomeContext('/Users/hamster/codecept/mochawesome-report/ELC_partnership.png');\nI.amOnPage('https://www.elc-russia.ru/blog/');\nI.saveScreenshot('ELC_blog.png');\nI.addMochawesomeContext('/Users/hamster/codecept/mochawesome-report/ELC_blog.png');\nI.amOnPage('https://www.elc-russia.ru/about-us');\nI.saveScreenshot('ELC_about.png');\nI.addMochawesomeContext('/Users/hamster/codecept/mochawesome-report/ELC_about.png');\nI.amOnPage('https://www.elc-russia.ru/corporate_clients');\nI.saveScreenshot('ELC_corporate_clients.png');\nI.addMochawesomeContext('/Users/hamster/codecept/mochawesome-report/ELC_corporate_clients.png');\nI.amOnPage('https://www.elc-russia.ru/elc-birthday-club-terms');\nI.saveScreenshot('ELC_birthday-club.png');\nI.addMochawesomeContext('/Users/hamster/codecept/mochawesome-report/ELC_birthday-club.png');\nI.amOnPage('https://www.elc-russia.ru/pcorp');\nI.saveScreenshot('ELC_pcorp.png');\nI.addMochawesomeContext('/Users/hamster/codecept/mochawesome-report/ELC_pcorp.png');\nI.amOnPage('https://www.elc-russia.ru/articles');\nI.saveScreenshot('ELC_articles.png');\nI.addMochawesomeContext('/Users/hamster/codecept/mochawesome-report/ELC_articles.png');\nI.amOnPage('https://www.elc-russia.ru/contacts/');\nI.saveScreenshot('ELC_contacts.png');\nI.addMochawesomeContext('/Users/hamster/codecept/mochawesome-report/ELC_contacts.png');\nI.amOnPage('https://www.elc-russia.ru/konstruktory.html');\nI.saveScreenshot('ELC_cataog.png');\nI.addMochawesomeContext('/Users/hamster/codecept/mochawesome-report/ELC_cataog.png');",
            "err": {},
            "isRoot": false,
            "uuid": "7323fbc4-bdec-47c5-aace-8d98c8562f61",
            "isHook": false,
            "skipped": false
          }
        ],
        "suites": [],
        "passes": [
          "b477810c-a908-4807-9aa7-d27c8e1f04f4",
          "7323fbc4-bdec-47c5-aace-8d98c8562f61"
        ],
        "failures": [
          "279f55e4-4a9e-4d0c-965c-731c0f8ecc08",
          "76e40fd5-3ef4-4fba-9b80-bba5d5d19f3e",
          "a552fb99-1ab9-40f0-9dc4-ac595f25580e"
        ],
        "pending": [],
        "skipped": [],
        "duration": 294799,
        "root": false,
        "rootEmpty": false,
        "_timeout": 0
      },
      {
        "uuid": "e0c5ef02-8d6a-4795-9031-1a47f25cdee1",
        "title": "MET",
        "fullFile": "/Users/hamster/codecept/MET_test.js",
        "file": "/MET_test.js",
        "beforeHooks": [
          {
            "title": "\"before all\" hook: codeceptjs.beforeSuite",
            "fullTitle": "MET \"before all\" hook: codeceptjs.beforeSuite",
            "timedOut": false,
            "duration": 0,
            "pass": false,
            "fail": false,
            "pending": false,
            "code": "scenario.suiteSetup(suite)",
            "err": {},
            "isRoot": false,
            "uuid": "4294fc43-0f05-46fd-b88e-836711218e42",
            "isHook": true,
            "skipped": false
          },
          {
            "title": "\"before each\" hook: codeceptjs.before",
            "fullTitle": "MET \"before each\" hook: codeceptjs.before",
            "timedOut": false,
            "duration": 4088,
            "pass": false,
            "fail": false,
            "pending": false,
            "code": "scenario.setup(suite)",
            "err": {},
            "isRoot": false,
            "uuid": "a1e35263-82d2-44cd-9085-2a1b65086ed1",
            "isHook": true,
            "skipped": false
          }
        ],
        "afterHooks": [
          {
            "title": "\"after all\" hook: codeceptjs.afterSuite",
            "fullTitle": "MET \"after all\" hook: codeceptjs.afterSuite",
            "timedOut": false,
            "duration": 0,
            "pass": false,
            "fail": false,
            "pending": false,
            "code": "scenario.suiteTeardown(suite)",
            "err": {},
            "isRoot": false,
            "uuid": "5e8d1e4f-b907-45c0-933e-c00f14abe613",
            "isHook": true,
            "skipped": false
          },
          {
            "title": "\"after each\" hook: finalize codeceptjs",
            "fullTitle": "MET \"after each\" hook: finalize codeceptjs",
            "timedOut": false,
            "duration": 1012,
            "pass": false,
            "fail": false,
            "pending": false,
            "code": "scenario.teardown(suite)",
            "err": {},
            "isRoot": false,
            "uuid": "365a738c-3e98-4652-b187-1413db400232",
            "isHook": true,
            "skipped": false
          }
        ],
        "tests": [
          {
            "title": "test links",
            "fullTitle": "MET: test links",
            "timedOut": false,
            "duration": 15294,
            "state": "passed",
            "speed": "slow",
            "pass": true,
            "fail": false,
            "pending": false,
            "code": "I.amOnPage('https://metpromko.ru/');\nI.click('//*[@id=\"cities-popup\"]/div/div/span');\nI.see('Оформить заказ');\nI.amOnPage('https://metpromko.ru/onepagecheckout/');\nI.see('КОРЗИНА ПУСТА');\nI.amOnPage('https://metpromko.ru/about/');\nI.see('О КОМПАНИИ');\nI.amOnPage('https://metpromko.ru/contacts/');\nI.see('Внимание! Компания Метпромко');\nI.amOnPage('https://metpromko.ru/dostavka/');\nI.see('Компания Метпромко доставляет');\nI.amOnPage('https://metpromko.ru/oplata/');\nI.seeInSource('\"std\">Оплата');\nI.amOnPage('https://metpromko.ru/uslugi/');\nI.see('Компания Метпромко является');\nI.click('//*[@id=\"menu-icon\"]');\nI.see('Металлопрокат');\nI.see('Труба');\nI.see('Лист');",
            "err": {},
            "isRoot": false,
            "uuid": "04cc4c34-b741-402b-a0d6-f95cbf5850d8",
            "isHook": false,
            "skipped": false
          },
          {
            "title": "test login",
            "fullTitle": "MET: test login",
            "timedOut": false,
            "duration": 10938,
            "state": "passed",
            "speed": "slow",
            "pass": true,
            "fail": false,
            "pending": false,
            "code": "I.amOnPage('https://metpromko.ru/');\nI.click('//*[@id=\"cities-popup\"]/div/div/span');\nI.amOnPage('https://metpromko.ru/customer/account/login/');\nI.see('СТРАНИЦА АВТОРИЗАЦИИ');\nI.click('//*[@id=\"send2\"]');\nI.see('Это поле обязательно для заполнения.');\nI.fillField(\"input[name='login[username]']\", \"tolik_kos@ail.ru\");\nI.fillField(\"input[name='login[password]']\", \"feq\");\nI.click('//*[@id=\"send2\"]');\nI.retry({ retries: 10, minTimeout: 1000 }).see('Please enter 6 or more characters without leading or trailing spaces.');\nI.retry({ retries: 10, minTimeout: 1000 }).fillField(\"input[name='login[username]']\", \"tolik_kos@mail.ru\");\nI.retry({ retries: 10, minTimeout: 1000 }).fillField(\"input[name='login[password]']\", \"feq0ZYI\");\nI.retry({ retries: 10, minTimeout: 1000 }).click('//*[@id=\"send2\"]');\nI.retry({ retries: 10, minTimeout: 1000 }).click('//*[@id=\"send2\"]');\nI.retry({ retries: 10, minTimeout: 1000 }).see('Неверный адрес электронной почты (email) или пароль.');\nI.retry({ retries: 10, minTimeout: 1000 }).fillField(\"input[name='login[username]']\", \"tolik_kos@mail.ru\");\nI.retry({ retries: 10, minTimeout: 1000 }).fillField(\"input[name='login[password]']\", \"feq0ZYIc\");\nI.retry({ retries: 10, minTimeout: 1000 }).click('//*[@id=\"send2\"]');\nI.retry({ retries: 10, minTimeout: 1000 }).see('Выйти');\nI.see('Моя учётная запись');",
            "err": {},
            "isRoot": false,
            "uuid": "fe670313-5f15-44ee-8066-3ef31be43361",
            "isHook": false,
            "skipped": false
          },
          {
            "title": "test registration",
            "fullTitle": "MET: test registration",
            "timedOut": false,
            "duration": 6107,
            "state": "passed",
            "speed": "slow",
            "pass": true,
            "fail": false,
            "pending": false,
            "code": "I.amOnPage('https://metpromko.ru/');\nI.click('//*[@id=\"cities-popup\"]/div/div/span');\nI.amOnPage('https://metpromko.ru/customer/account/login/');\nI.see('СТРАНИЦА АВТОРИЗАЦИИ');\nI.retry({ retries: 10, minTimeout: 1000 }).click('//*[@id=\"login-form\"]/div/div/div[2]/div/div/div/button');\nI.retry({ retries: 10, minTimeout: 1000 }).click('//*[@id=\"header-account\"]/div[2]/div/div/div[4]/div/button');\nI.retry({ retries: 10, minTimeout: 1000 }).see('First name is required!');\nI.retry({ retries: 10, minTimeout: 1000 }).see('Last name is required!');\nI.retry({ retries: 10, minTimeout: 1000 }).see('Email address is required!');\nI.retry({ retries: 10, minTimeout: 1000 }).see('Password is required!');\nI.retry({ retries: 10, minTimeout: 1000 }).see('Terms and Conditions are required!');\nI.retry({ retries: 10, minTimeout: 1000 }).fillField('//*[@id=\"youama-firstname\"]','111');\nI.retry({ retries: 10, minTimeout: 1000 }).fillField('//*[@id=\"youama-lastname\"]','111');\nI.retry({ retries: 10, minTimeout: 1000 }).click('//*[@id=\"header-account\"]/div[2]/div/div/div[4]/div/button');",
            "err": {},
            "isRoot": false,
            "uuid": "8befa468-735d-4752-b912-dcba99d9bdf3",
            "isHook": false,
            "skipped": false
          },
          {
            "title": "screenshots",
            "fullTitle": "MET: screenshots",
            "timedOut": false,
            "duration": 29843,
            "state": "passed",
            "speed": "slow",
            "pass": true,
            "fail": false,
            "pending": false,
            "context": "[\n  \"/Users/hamster/codecept/mochawesome-report/MET_main.png\",\n  \"/Users/hamster/codecept/mochawesome-report/MET_checkout.png\",\n  \"/Users/hamster/codecept/mochawesome-report/MET_contacts.png\",\n  \"/Users/hamster/codecept/mochawesome-report/MET_about.png\",\n  \"/Users/hamster/codecept/mochawesome-report/MET_dostavka.png\",\n  \"/Users/hamster/codecept/mochawesome-report/MET_oplata.png\",\n  \"/Users/hamster/codecept/mochawesome-report/MET_uslugi.png\",\n  \"/Users/hamster/codecept/mochawesome-report/MET_login.png\",\n  \"/Users/hamster/codecept/mochawesome-report/MET_registration.png\",\n  \"/Users/hamster/codecept/mochawesome-report/MET_catalog.png\"\n]",
            "code": "I.amOnPage('https://metpromko.ru/');\nI.click('//*[@id=\"cities-popup\"]/div/div/span');\nI.wait(1);\nI.saveScreenshot('MET_main.png');\nI.addMochawesomeContext('/Users/hamster/codecept/mochawesome-report/MET_main.png');\nI.amOnPage('https://metpromko.ru/checkout/cart/');\nI.saveScreenshot('MET_checkout.png');\nI.addMochawesomeContext('/Users/hamster/codecept/mochawesome-report/MET_checkout.png');\nI.amOnPage('https://metpromko.ru/contacts');\nI.saveScreenshot('MET_contacts.png');\nI.addMochawesomeContext('/Users/hamster/codecept/mochawesome-report/MET_contacts.png');\nI.amOnPage('https://metpromko.ru/about/');\nI.saveScreenshot('MET_about.png');\nI.addMochawesomeContext('/Users/hamster/codecept/mochawesome-report/MET_about.png');\nI.amOnPage('https://metpromko.ru/dostavka/');\nI.saveScreenshot('MET_dostavka.png');\nI.addMochawesomeContext('/Users/hamster/codecept/mochawesome-report/MET_dostavka.png');\nI.amOnPage('https://metpromko.ru/oplata/');\nI.saveScreenshot('MET_oplata.png');\nI.addMochawesomeContext('/Users/hamster/codecept/mochawesome-report/MET_oplata.png');\nI.amOnPage('https://metpromko.ru/uslugi/');\nI.saveScreenshot('MET_uslugi.png');\nI.addMochawesomeContext('/Users/hamster/codecept/mochawesome-report/MET_uslugi.png');\nI.amOnPage('https://metpromko.ru/customer/account/login/');\nI.saveScreenshot('MET_login.png');\nI.addMochawesomeContext('/Users/hamster/codecept/mochawesome-report/MET_login.png');\nI.click('//*[@id=\"login-form\"]/div/div/div[2]/div/div/div/button');\nI.wait(1);\nI.saveScreenshot('MET_registration.png');\nI.addMochawesomeContext('/Users/hamster/codecept/mochawesome-report/MET_registration.png');\nI.amOnPage('https://metpromko.ru/metalloprokat');\nI.wait(4);\nI.saveScreenshot('MET_catalog.png');\nI.addMochawesomeContext('/Users/hamster/codecept/mochawesome-report/MET_catalog.png');",
            "err": {},
            "isRoot": false,
            "uuid": "87712004-e999-4a27-8592-683b82548f2f",
            "isHook": false,
            "skipped": false
          }
        ],
        "suites": [],
        "passes": [
          "04cc4c34-b741-402b-a0d6-f95cbf5850d8",
          "fe670313-5f15-44ee-8066-3ef31be43361",
          "8befa468-735d-4752-b912-dcba99d9bdf3",
          "87712004-e999-4a27-8592-683b82548f2f"
        ],
        "failures": [],
        "pending": [],
        "skipped": [],
        "duration": 62182,
        "root": false,
        "rootEmpty": false,
        "_timeout": 0
      },
      {
        "uuid": "faf45034-45f3-47d6-92a4-42464f455479",
        "title": "MID",
        "fullFile": "/Users/hamster/codecept/MID_test.js",
        "file": "/MID_test.js",
        "beforeHooks": [
          {
            "title": "\"before all\" hook: codeceptjs.beforeSuite",
            "fullTitle": "MID \"before all\" hook: codeceptjs.beforeSuite",
            "timedOut": false,
            "duration": 0,
            "pass": false,
            "fail": false,
            "pending": false,
            "code": "scenario.suiteSetup(suite)",
            "err": {},
            "isRoot": false,
            "uuid": "fd8e9a0c-f787-49ea-92a9-eb6ec79adb9b",
            "isHook": true,
            "skipped": false
          },
          {
            "title": "\"before each\" hook: codeceptjs.before",
            "fullTitle": "MID \"before each\" hook: codeceptjs.before",
            "timedOut": false,
            "duration": 4739,
            "pass": false,
            "fail": false,
            "pending": false,
            "code": "scenario.setup(suite)",
            "err": {},
            "isRoot": false,
            "uuid": "69ea47be-8de1-4ccc-b965-40feb8c19195",
            "isHook": true,
            "skipped": false
          }
        ],
        "afterHooks": [
          {
            "title": "\"after all\" hook: codeceptjs.afterSuite",
            "fullTitle": "MID \"after all\" hook: codeceptjs.afterSuite",
            "timedOut": false,
            "duration": 0,
            "pass": false,
            "fail": false,
            "pending": false,
            "code": "scenario.suiteTeardown(suite)",
            "err": {},
            "isRoot": false,
            "uuid": "707b2e59-c865-4d42-ba20-2901697d17fd",
            "isHook": true,
            "skipped": false
          },
          {
            "title": "\"after each\" hook: finalize codeceptjs",
            "fullTitle": "MID \"after each\" hook: finalize codeceptjs",
            "timedOut": false,
            "duration": 1044,
            "pass": false,
            "fail": false,
            "pending": false,
            "code": "scenario.teardown(suite)",
            "err": {},
            "isRoot": false,
            "uuid": "dae698b2-7b67-4b5a-ac94-ee9a48e16fa5",
            "isHook": true,
            "skipped": false
          }
        ],
        "tests": [
          {
            "title": "test compare",
            "fullTitle": "MID: test compare",
            "timedOut": false,
            "duration": 14323,
            "state": "passed",
            "speed": "slow",
            "pass": true,
            "fail": false,
            "pending": false,
            "code": "I.amOnPage('https://mideastore.ru');\nI.retry({ retries: 10, minTimeout: 1000 }).see('Войти');\nI.retry({ retries: 10, minTimeout: 1000 }).click('div.place-menu-mobile.menu-mobile > span');\nI.retry({ retries: 10, minTimeout: 1000 }).click('//*[@id=\"store.menu\"]/div/div/nav/ul/li[1]/a[1]');\nI.retry({ retries: 10, minTimeout: 1000 }).click('//*[@id=\"maincontent\"]/div[3]/div[1]/div[4]/ol/li[1]/div/div/div[2]/a/span/span');\nI.retry({ retries: 10, minTimeout: 1000 }).click('div.Product__Actions--Bookmark > div > div > a.action.tocompare');\nI.retry({ retries: 10, minTimeout: 1000 }).see('Вы добавили товар');",
            "err": {},
            "isRoot": false,
            "uuid": "d3e607c6-320b-494b-b1c6-db04dce884a1",
            "isHook": false,
            "skipped": false
          },
          {
            "title": "test links",
            "fullTitle": "MID: test links",
            "timedOut": false,
            "duration": 20726,
            "state": "failed",
            "pass": false,
            "fail": true,
            "pending": false,
            "context": "\"test_links.failed.png\"",
            "code": "I.amOnPage('https://mideastore.ru');\nI.retry({ retries: 10, minTimeout: 1000 }).see('Войти');\nI.click('li.authorization-link > a');\nI.retry({ retries: 10, minTimeout: 1000 }).see('Вход в систему');\nI.click('div.top-right.mobile-center > div > div > div > ul > li:nth-child(2) > a');\nI.retry({ retries: 10, minTimeout: 1000 }).see('Создать новую учётную запись клиента');\nI.click('div.place-menu-mobile.menu-mobile > span');\nI.retry({ retries: 10, minTimeout: 1000 }).see('Встраиваемая Бытовая Техника');\nI.click('nav > ul > li:nth-child(6) > a');\nI.retry({ retries: 10, minTimeout: 1000 }).see('Бесплатная доставка по всей России');\nI.click('div.place-menu-mobile.menu-mobile > span');\nI.retry({ retries: 10, minTimeout: 1000 }).click('nav > ul > li:nth-child(7) > a');\nI.retry({ retries: 10, minTimeout: 1000 }).see('Поиск сервисного центра');\nI.click('div.place-menu-mobile.menu-mobile > span');\nI.retry({ retries: 10, minTimeout: 1000 }).click('nav > ul > li:nth-child(8) > a');\nI.retry({ retries: 10, minTimeout: 1000 }).see('Midea – мировой производитель бытовой техники');\nI.click('div.place-menu-mobile.menu-mobile > span');\nI.retry({ retries: 10, minTimeout: 1000 }).click('nav > ul > li:nth-child(9) > a');\nI.retry({ retries: 10, minTimeout: 1000 }).see('Midea в Российской Федерации');\nI.click('//*[@id=\"cms-static-main-footer\"]/div[2]/div/span');\nI.retry({ retries: 10, minTimeout: 1000 }).click('//*[@id=\"cms-static-main-footer\"]/div[2]/div/div/ul[1]/li[1]/a');\nI.retry({ retries: 10, minTimeout: 1000 }).see('Midea – мировой производитель бытовой техники');\nI.click('//*[@id=\"cms-static-main-footer\"]/div[2]/div/span');\nI.retry({ retries: 10, minTimeout: 1000 }).click('//*[@id=\"cms-static-main-footer\"]/div[2]/div/div/ul[1]/li[2]/a');\nI.retry({ retries: 10, minTimeout: 1000 }).see('Блог');\nI.click('//*[@id=\"cms-static-main-footer\"]/div[2]/div/span');\nI.retry({ retries: 10, minTimeout: 1000 }).click('//*[@id=\"cms-static-main-footer\"]/div[2]/div/div/ul[1]/li[3]/a');\nI.retry({ retries: 10, minTimeout: 1000 }).see('Midea в Российской Федерации');\nI.click('//*[@id=\"cms-static-main-footer\"]/div[3]/div/span');\nI.retry({ retries: 10, minTimeout: 1000 }).click('//*[@id=\"cms-static-main-footer\"]/div[3]/div/div/ul/li[1]/a');\nI.retry({ retries: 10, minTimeout: 1000 }).see('Политика конфиденциальности');\nI.click('//*[@id=\"cms-static-main-footer\"]/div[3]/div/span');\nI.retry({ retries: 10, minTimeout: 1000 }).click('//*[@id=\"cms-static-main-footer\"]/div[3]/div/div/ul/li[2]/a');\nI.retry({ retries: 10, minTimeout: 1000 }).see('Договор оферты');",
            "err": {
              "message": "Error: Element is not currently visible and may not be manipulated",
              "estack": "Element is not currently visible and may not be manipulated\n\nScenario Steps:\n\n- I.click(\"//*[@id=\"cms-static-main-footer\"]/div[2]/div/span\") at Object.obj.(anonymous function).obj.(anonymous function) [as click] (node_modules/codeceptjs/lib/actor.js:28:26)\n- I.see(\"Midea в Российской Федерации\") at Object.obj.(anonymous function).obj.(anonymous function) [as see] (node_modules/codeceptjs/lib/actor.js:28:26)\n- I.see(\"Midea в Российской Федерации\") at Object.obj.(anonymous function).obj.(anonymous function) [as see] (node_modules/codeceptjs/lib/actor.js:28:26)\n- I.click(\"nav > ul > li:nth-child(9) > a\") at Object.obj.(anonymous function).obj.(anonymous function) [as click] (node_modules/codeceptjs/lib/actor.js:28:26)\n- I.click(\"div.place-menu-mobile.menu-mobile > span\") at Object.obj.(anonymous function).obj.(anonymous function) [as click] (node_modules/codeceptjs/lib/actor.js:28:26)\n- I.see(\"Midea – мировой производитель бытовой техники\") at Object.obj.(anonymous function).obj.(anonymous function) [as see] (node_modules/codeceptjs/lib/actor.js:28:26)\n- I.see(\"Midea – мировой производитель бытовой техники\") at Object.obj.(anonymous function).obj.(anonymous function) [as see] (node_modules/codeceptjs/lib/actor.js:28:26)\n- I.see(\"Midea – мировой производитель бытовой техники\") at Object.obj.(anonymous function).obj.(anonymous function) [as see] (node_modules/codeceptjs/lib/actor.js:28:26)\n- I.click(\"nav > ul > li:nth-child(8) > a\") at Object.obj.(anonymous function).obj.(anonymous function) [as click] (node_modules/codeceptjs/lib/actor.js:28:26)\n- I.click(\"div.place-menu-mobile.menu-mobile > span\") at Object.obj.(anonymous function).obj.(anonymous function) [as click] (node_modules/codeceptjs/lib/actor.js:28:26)\n- I.see(\"Поиск сервисного центра\") at Object.obj.(anonymous function).obj.(anonymous function) [as see] (node_modules/codeceptjs/lib/actor.js:28:26)\n- I.see(\"Поиск сервисного центра\") at Object.obj.(anonymous function).obj.(anonymous function) [as see] (node_modules/codeceptjs/lib/actor.js:28:26)\n- I.click(\"nav > ul > li:nth-child(7) > a\") at Object.obj.(anonymous function).obj.(anonymous function) [as click] (node_modules/codeceptjs/lib/actor.js:28:26)\n- I.click(\"div.place-menu-mobile.menu-mobile > span\") at Object.obj.(anonymous function).obj.(anonymous function) [as click] (node_modules/codeceptjs/lib/actor.js:28:26)\n- I.see(\"Бесплатная доставка по всей России\") at Object.obj.(anonymous function).obj.(anonymous function) [as see] (node_modules/codeceptjs/lib/actor.js:28:26)\n- I.see(\"Бесплатная доставка по всей России\") at Object.obj.(anonymous function).obj.(anonymous function) [as see] (node_modules/codeceptjs/lib/actor.js:28:26)\n- I.click(\"nav > ul > li:nth-child(6) > a\") at Object.obj.(anonymous function).obj.(anonymous function) [as click] (node_modules/codeceptjs/lib/actor.js:28:26)\n- I.see(\"Встраиваемая Бытовая Техника\") at Object.obj.(anonymous function).obj.(anonymous function) [as see] (node_modules/codeceptjs/lib/actor.js:28:26)\n- I.see(\"Встраиваемая Бытовая Техника\") at Object.obj.(anonymous function).obj.(anonymous function) [as see] (node_modules/codeceptjs/lib/actor.js:28:26)\n- I.click(\"div.place-menu-mobile.menu-mobile > span\") at Object.obj.(anonymous function).obj.(anonymous function) [as click] (node_modules/codeceptjs/lib/actor.js:28:26)\n- I.see(\"Создать новую учётную запись клиента\") at Object.obj.(anonymous function).obj.(anonymous function) [as see] (node_modules/codeceptjs/lib/actor.js:28:26)\n- I.see(\"Создать новую учётную запись клиента\") at Object.obj.(anonymous function).obj.(anonymous function) [as see] (node_modules/codeceptjs/lib/actor.js:28:26)\n- I.click(\"div.top-right.mobile-center > div > div > div > ul > li:nth-child(2) > a\") at Object.obj.(anonymous function).obj.(anonymous function) [as click] (node_modules/codeceptjs/lib/actor.js:28:26)\n- I.see(\"Вход в систему\") at Object.obj.(anonymous function).obj.(anonymous function) [as see] (node_modules/codeceptjs/lib/actor.js:28:26)\n- I.see(\"Вход в систему\") at Object.obj.(anonymous function).obj.(anonymous function) [as see] (node_modules/codeceptjs/lib/actor.js:28:26)\n- I.click(\"li.authorization-link > a\") at Object.obj.(anonymous function).obj.(anonymous function) [as click] (node_modules/codeceptjs/lib/actor.js:28:26)\n- I.see(\"Войти\") at Object.obj.(anonymous function).obj.(anonymous function) [as see] (node_modules/codeceptjs/lib/actor.js:28:26)\n- I.amOnPage(\"https://mideastore.ru\") at Object.obj.(anonymous function).obj.(anonymous function) [as amOnPage] (node_modules/codeceptjs/lib/actor.js:28:26)\n\n"
            },
            "isRoot": false,
            "uuid": "aa8804b8-f738-4f01-baae-8a95e6fc6c33",
            "isHook": false,
            "skipped": false
          },
          {
            "title": "test login",
            "fullTitle": "MID: test login",
            "timedOut": false,
            "duration": 14147,
            "state": "passed",
            "speed": "slow",
            "pass": true,
            "fail": false,
            "pending": false,
            "code": "I.amOnPage('https://mideastore.ru');\nI.retry({ retries: 10, minTimeout: 1000 }).see('Войти');\nI.click('li.authorization-link > a');\nI.retry({ retries: 10, minTimeout: 1000 }).see('Вход в систему');\nI.click('//*[@id=\"send2\"]');\nI.see('Это поле обязательно для заполнения.');\nI.fillField(\"input[name='login[username]']\", \"tolik_kosmal.ru\");\nI.fillField(\"input[name='login[password]']\", \"feq0ZYIc\");\nI.click('//*[@id=\"send2\"]');\nI.retry({ retries: 10, minTimeout: 1000 }).see('Пожалуйста, введите правильный адрес электронной почты (Пример: johndoe@domain.com).');\nI.fillField(\"input[name='login[username]']\", \"tolik_kos@mail.ru\");\nI.fillField(\"input[name='login[password]']\", \"feq0ZYI\");\nI.click('//*[@id=\"send2\"]');\nI.retry({ retries: 10, minTimeout: 1000 }).see('неправильный адрес электронной почты (email) или пароль.');\nI.fillField(\"input[name='login[username]']\", \"tolik_kos@mail.ru\");\nI.fillField(\"input[name='login[password]']\", \"feq0ZYIc\");\nI.click('//*[@id=\"send2\"]');\nI.retry({ retries: 10, minTimeout: 1000 }).see('Моя панель управления');",
            "err": {},
            "isRoot": false,
            "uuid": "53e0a406-f323-4581-81c5-fe7ea8ce4db8",
            "isHook": false,
            "skipped": false
          },
          {
            "title": "test order",
            "fullTitle": "MID: test order",
            "timedOut": false,
            "duration": 45672,
            "state": "passed",
            "speed": "slow",
            "pass": true,
            "fail": false,
            "pending": false,
            "code": "I.amOnPage('https://mideastore.ru');\nI.retry({ retries: 10, minTimeout: 1000 }).see('Войти');\nI.retry({ retries: 10, minTimeout: 1000 }).click('div.place-menu-mobile.menu-mobile > span');\nI.retry({ retries: 10, minTimeout: 1000 }).click('//*[@id=\"store.menu\"]/div/div/nav/ul/li[1]/a[1]');\nI.wait(8);\nI.retry({ retries: 10, minTimeout: 1000 }).click('//*[@id=\"maincontent\"]/div[3]/div[1]/div[4]/ol/li[1]/div/div/div[3]/div[4]/div/div[2]/form/button');\nI.wait(8);\nI.retry({ retries: 10, minTimeout: 1000 }).click('div.righ-header-content.col-lg-3.col-md-3.col-sm-3.col-xs-12 > div.minicart-wrapper > a.action.icon.icon-shopping-bag.showcart');\nI.retry({ retries: 10, minTimeout: 1000 }).fillField(\"input[class='input-text qty']\", \"0\");\nI.retry({ retries: 10, minTimeout: 1000 }).click('div.cart.main.actions > button');\nI.retry({ retries: 10, minTimeout: 1000 }).retry({ retries: 10, minTimeout: 1000 }).see('Пожалуйста, введите в это поле число больше 0.');\nI.retry({ retries: 10, minTimeout: 1000 }).fillField(\"input[class='input-text qty mage-error']\", \"0.1\");\nI.retry({ retries: 10, minTimeout: 1000 }).click('div.cart.main.actions > button');\nI.retry({ retries: 10, minTimeout: 1000 }).see('Вы не можете приобрести меньше, чем 1.');\nI.retry({ retries: 10, minTimeout: 1000 }).fillField(\"input[class='input-text qty']\", \"0.1\");\nI.retry({ retries: 10, minTimeout: 1000 }).click('div.cart.main.actions > button');\nI.retry({ retries: 10, minTimeout: 1000 }).see('Вы не можете приобрести меньше, чем 1.');\nI.retry({ retries: 10, minTimeout: 1000 }).clearField(\"input[class='input-text qty']\");\nI.retry({ retries: 10, minTimeout: 1000 }).click('div.cart.main.actions > button');\nI.retry({ retries: 10, minTimeout: 1000 }).see('Это поле обязательно для заполнения.');\nI.retry({ retries: 10, minTimeout: 1000 }).fillField(\"input[class='input-text qty mage-error']\", \"9999\");\nI.retry({ retries: 10, minTimeout: 1000 }).click('div.cart.main.actions > button');\nI.retry({ retries: 10, minTimeout: 1000 }).see('У нас нет столько товара');\nI.retry({ retries: 10, minTimeout: 1000 }).fillField(\"input[class='input-text qty']\", \"99999\");\nI.retry({ retries: 10, minTimeout: 1000 }).click('div.cart.main.actions > button');\nI.retry({ retries: 10, minTimeout: 1000 }).see('Вы не можете приобрести больше, чем 10000.');\nI.retry({ retries: 10, minTimeout: 1000 }).fillField(\"input[class='input-text qty']\", \"1\");\nI.retry({ retries: 10, minTimeout: 1000 }).click('div.cart.main.actions > button');\nI.retry({ retries: 10, minTimeout: 1000 }).click('li:nth-child(1) > button');\nI.retry({ retries: 10, minTimeout: 1000 }).click('div.checkout-payment-method.submit > div > div > button');\nI.retry({ retries: 10, minTimeout: 1000 }).see('No payment method selected');",
            "err": {},
            "isRoot": false,
            "uuid": "1db5ff7e-1739-4681-81b8-59fd4ba6bc32",
            "isHook": false,
            "skipped": false
          },
          {
            "title": "test registration",
            "fullTitle": "MID: test registration",
            "timedOut": false,
            "duration": 12484,
            "state": "passed",
            "speed": "slow",
            "pass": true,
            "fail": false,
            "pending": false,
            "code": "I.amOnPage('https://mideastore.ru');\nI.retry({ retries: 10, minTimeout: 1000 }).see('Войти');\nI.retry({ retries: 10, minTimeout: 1000 }).click('div.top-right.mobile-center > div > div > div > ul > li:nth-child(2) > a');\nI.retry({ retries: 10, minTimeout: 1000 }).see('Создать новую учётную запись клиента');\nI.retry({ retries: 10, minTimeout: 1000 }).fillField('//*[@id=\"newsletter\"]', \"1\");\nI.retry({ retries: 10, minTimeout: 1000 }).click('//*[@id=\"form-validate\"]/div/div[1]/button');\nI.retry({ retries: 10, minTimeout: 1000 }).fillField('//*[@id=\"newsletter\"]', \"1\");\nI.retry({ retries: 10, minTimeout: 1000 }).see('Это поле обязательно для заполнения.');\nI.retry({ retries: 10, minTimeout: 1000 }).fillField(\"//*[@id='email_address']\", \"tolik_kosmal.ru\");\nI.retry({ retries: 10, minTimeout: 1000 }).fillField(\"//*[@id='password']\", \"feq0ZYIc\");\nI.retry({ retries: 10, minTimeout: 1000 }).fillField(\"//*[@id='firstname']\", \"Test\");\nI.retry({ retries: 10, minTimeout: 1000 }).fillField(\"//*[@id='lastname']\", \"Account\");\nI.retry({ retries: 10, minTimeout: 1000 }).fillField(\"//*[@id='password-confirmation']\", \"feq0ZYIc\");\nI.retry({ retries: 10, minTimeout: 1000 }).click('//*[@id=\"form-validate\"]/div/div[1]/button');\nI.retry({ retries: 10, minTimeout: 1000 }).see('Пожалуйста, введите правильный адрес электронной почты (Пример: johndoe@domain.com).');\nI.retry({ retries: 10, minTimeout: 1000 }).fillField(\"//*[@id='email_address']\", \"tolik_kos@mail.ru\");\nI.retry({ retries: 10, minTimeout: 1000 }).fillField('//*[@id=\"newsletter\"]', \"1\");\nI.retry({ retries: 10, minTimeout: 1000 }).click('//*[@id=\"form-validate\"]/div/div[1]/button');\nI.retry({ retries: 10, minTimeout: 1000 }).see('Учётная запись с таким адресом электронной почты уже существует.');\nI.retry({ retries: 10, minTimeout: 1000 }).fillField(\"//*[@id='password']\", \"feq\");\nI.retry({ retries: 10, minTimeout: 1000 }).fillField(\"//*[@id='password-confirmation']\", \"feq0ZYIc\");\nI.retry({ retries: 10, minTimeout: 1000 }).fillField('//*[@id=\"newsletter\"]', \"1\");\nI.retry({ retries: 10, minTimeout: 1000 }).click('//*[@id=\"form-validate\"]/div/div[1]/button');\nI.retry({ retries: 10, minTimeout: 1000 }).see('Минимальная длина этого поля');\nI.retry({ retries: 10, minTimeout: 1000 }).see('Please enter the same value again.');",
            "err": {},
            "isRoot": false,
            "uuid": "ce1e5c92-52d2-4a9e-a415-b5dbb7ba9b24",
            "isHook": false,
            "skipped": false
          },
          {
            "title": "test search",
            "fullTitle": "MID: test search",
            "timedOut": false,
            "duration": 7593,
            "state": "passed",
            "speed": "slow",
            "pass": true,
            "fail": false,
            "pending": false,
            "code": "I.amOnPage('https://mideastore.ru');\nI.retry({ retries: 10, minTimeout: 1000 }).see('Войти');\nI.fillField('//*[@id=\"search\"]', 'пылес');\nI.retry({ retries: 10, minTimeout: 1000 }).click('//*[@id=\"search_mini_form\"]/button');\nI.retry({ retries: 10, minTimeout: 1000 }).see('Результаты поиска');\nI.see('Пылесос Midea');",
            "err": {},
            "isRoot": false,
            "uuid": "e06ee319-14c3-4275-868a-3ada320c3e52",
            "isHook": false,
            "skipped": false
          },
          {
            "title": "test wishlist",
            "fullTitle": "MID: test wishlist",
            "timedOut": false,
            "duration": 19446,
            "state": "passed",
            "speed": "slow",
            "pass": true,
            "fail": false,
            "pending": false,
            "code": "I.amOnPage('https://mideastore.ru');\nI.retry({ retries: 10, minTimeout: 1000 }).see('Войти');\nI.click('li.authorization-link > a');\nI.retry({ retries: 10, minTimeout: 1000 }).see('Вход в систему');\nI.fillField(\"input[name='login[username]']\", \"tolik_kos@mail.ru\");\nI.fillField(\"input[name='login[password]']\", \"feq0ZYIc\");\nI.click('//*[@id=\"send2\"]');\nI.retry({ retries: 10, minTimeout: 1000 }).see('Моя панель управления');\nI.click('div.place-menu-mobile.menu-mobile > span');\nI.retry({ retries: 10, minTimeout: 1000 }).click('//*[@id=\"store.menu\"]/div/div/nav/ul/li[1]/a[1]');\nI.retry({ retries: 10, minTimeout: 1000 }).click('//*[@id=\"maincontent\"]/div[3]/div[1]/div[4]/ol/li[1]/div/div/div[2]/a/span/span');\nI.retry({ retries: 10, minTimeout: 1000 }).click('div.Product__Actions--Bookmark > div > div > a.action.towishlist');\nI.retry({ retries: 10, minTimeout: 1000 }).see('добавлен в ваш лист пожеланий');",
            "err": {},
            "isRoot": false,
            "uuid": "5657ef89-b4e1-4094-adef-c91494032432",
            "isHook": false,
            "skipped": false
          },
          {
            "title": "screenshots",
            "fullTitle": "MID: screenshots",
            "timedOut": false,
            "duration": 29432,
            "state": "passed",
            "speed": "slow",
            "pass": true,
            "fail": false,
            "pending": false,
            "context": "[\n  \"/Users/hamster/codecept/mochawesome-report/MID_main.png\",\n  \"/Users/hamster/codecept/mochawesome-report/MID_payment.png\",\n  \"/Users/hamster/codecept/mochawesome-report/MID_stockists.png\",\n  \"/Users/hamster/codecept/mochawesome-report/MID_about.png\",\n  \"/Users/hamster/codecept/mochawesome-report/MID_contacts.png\",\n  \"/Users/hamster/codecept/mochawesome-report/MID_login.png\",\n  \"/Users/hamster/codecept/mochawesome-report/MID_registration.png\",\n  \"/Users/hamster/codecept/mochawesome-report/MID_cart.png\",\n  \"/Users/hamster/codecept/mochawesome-report/MID_blog.png\",\n  \"/Users/hamster/codecept/mochawesome-report/MID_privacy-policy.png\",\n  \"/Users/hamster/codecept/mochawesome-report/MID_dogovor.png\",\n  \"/Users/hamster/codecept/mochawesome-report/MID_cataog.png\"\n]",
            "code": "I.amOnPage('https://www.mideastore.ru/');\nI.saveScreenshot('MID_main.png');\nI.addMochawesomeContext('/Users/hamster/codecept/mochawesome-report/MID_main.png');\nI.amOnPage('https://www.mideastore.ru/payment');\nI.saveScreenshot('MID_payment.png');\nI.addMochawesomeContext('/Users/hamster/codecept/mochawesome-report/MID_payment.png');\nI.amOnPage('https://www.mideastore.ru/stockists/');\nI.saveScreenshot('MID_stockists.png');\nI.addMochawesomeContext('/Users/hamster/codecept/mochawesome-report/MID_stockists.png');\nI.amOnPage('https://www.mideastore.ru/about-us');\nI.saveScreenshot('MID_about.png');\nI.addMochawesomeContext('/Users/hamster/codecept/mochawesome-report/MID_about.png');\nI.amOnPage('https://www.mideastore.ru/contacts');\nI.saveScreenshot('MID_contacts.png');\nI.addMochawesomeContext('/Users/hamster/codecept/mochawesome-report/MID_contacts.png');\nI.amOnPage('https://www.mideastore.ru/customer/account/login/');\nI.saveScreenshot('MID_login.png');\nI.addMochawesomeContext('/Users/hamster/codecept/mochawesome-report/MID_login.png');\nI.amOnPage('https://www.mideastore.ru/customer/account/create/');\nI.saveScreenshot('MID_registration.png');\nI.addMochawesomeContext('/Users/hamster/codecept/mochawesome-report/MID_registration.png');\nI.amOnPage('https://www.mideastore.ru/checkout/cart/');\nI.saveScreenshot('MID_cart.png');\nI.addMochawesomeContext('/Users/hamster/codecept/mochawesome-report/MID_cart.png');\nI.amOnPage('https://www.mideastore.ru/blog/');\nI.saveScreenshot('MID_blog.png');\nI.addMochawesomeContext('/Users/hamster/codecept/mochawesome-report/MID_blog.png');\nI.amOnPage('https://www.mideastore.ru/privacy-policy');\nI.saveScreenshot('MID_privacy-policy.png');\nI.addMochawesomeContext('/Users/hamster/codecept/mochawesome-report/MID_privacy-policy.png');\nI.amOnPage('https://www.mideastore.ru/price1');\nI.saveScreenshot('MID_dogovor.png');\nI.addMochawesomeContext('/Users/hamster/codecept/mochawesome-report/MID_dogovor.png');\nI.amOnPage('https://www.mideastore.ru/vstraivaemaja-bytovaja-tehnika.html');\nI.saveScreenshot('MID_cataog.png');\nI.addMochawesomeContext('/Users/hamster/codecept/mochawesome-report/MID_cataog.png');",
            "err": {},
            "isRoot": false,
            "uuid": "0c7da6fa-578f-4ff0-88f6-469fbd1d363d",
            "isHook": false,
            "skipped": false
          }
        ],
        "suites": [],
        "passes": [
          "d3e607c6-320b-494b-b1c6-db04dce884a1",
          "53e0a406-f323-4581-81c5-fe7ea8ce4db8",
          "1db5ff7e-1739-4681-81b8-59fd4ba6bc32",
          "ce1e5c92-52d2-4a9e-a415-b5dbb7ba9b24",
          "e06ee319-14c3-4275-868a-3ada320c3e52",
          "5657ef89-b4e1-4094-adef-c91494032432",
          "0c7da6fa-578f-4ff0-88f6-469fbd1d363d"
        ],
        "failures": [
          "aa8804b8-f738-4f01-baae-8a95e6fc6c33"
        ],
        "pending": [],
        "skipped": [],
        "duration": 163823,
        "root": false,
        "rootEmpty": false,
        "_timeout": 0
      },
      {
        "uuid": "18622fb0-0bdb-4a39-83b7-45f7f90bd6dd",
        "title": "NN",
        "fullFile": "/Users/hamster/codecept/NN_links_test.js",
        "file": "/NN_links_test.js",
        "beforeHooks": [
          {
            "title": "\"before all\" hook: codeceptjs.beforeSuite",
            "fullTitle": "NN \"before all\" hook: codeceptjs.beforeSuite",
            "timedOut": false,
            "duration": 0,
            "pass": false,
            "fail": false,
            "pending": false,
            "code": "scenario.suiteSetup(suite)",
            "err": {},
            "isRoot": false,
            "uuid": "072db1ee-1e09-40eb-a2bc-149d0a86f661",
            "isHook": true,
            "skipped": false
          },
          {
            "title": "\"before each\" hook: codeceptjs.before",
            "fullTitle": "NN \"before each\" hook: codeceptjs.before",
            "timedOut": false,
            "duration": 4759,
            "pass": false,
            "fail": false,
            "pending": false,
            "code": "scenario.setup(suite)",
            "err": {},
            "isRoot": false,
            "uuid": "2b263f06-36c8-48a1-8b06-177435fcd2fc",
            "isHook": true,
            "skipped": false
          }
        ],
        "afterHooks": [
          {
            "title": "\"after all\" hook: codeceptjs.afterSuite",
            "fullTitle": "NN \"after all\" hook: codeceptjs.afterSuite",
            "timedOut": false,
            "duration": 0,
            "pass": false,
            "fail": false,
            "pending": false,
            "code": "scenario.suiteTeardown(suite)",
            "err": {},
            "isRoot": false,
            "uuid": "8fcb3839-45c7-433c-b6d8-8d4ae288febd",
            "isHook": true,
            "skipped": false
          },
          {
            "title": "\"after each\" hook: finalize codeceptjs",
            "fullTitle": "NN \"after each\" hook: finalize codeceptjs",
            "timedOut": false,
            "duration": 1017,
            "pass": false,
            "fail": false,
            "pending": false,
            "code": "scenario.teardown(suite)",
            "err": {},
            "isRoot": false,
            "uuid": "ef2977da-417e-44e3-a6cd-37eeeff196c0",
            "isHook": true,
            "skipped": false
          }
        ],
        "tests": [
          {
            "title": "test links DISABLED",
            "fullTitle": "NN: test links DISABLED",
            "timedOut": false,
            "duration": 0,
            "state": "passed",
            "speed": "fast",
            "pass": true,
            "fail": false,
            "pending": false,
            "code": "/*I.amOnPage('https://www.nespresso.com/ru/ru/');\nI.retry({ retries: 10, minTimeout: 1000 }).see('Кофе-капсулы');\nI.click('//*[@id=\"header-nav-mobile\"]/div[1]/a');\nI.retry({ retries: 10, minTimeout: 1000 }).see('Всего');\nI.click('//*[@id=\"header-nav-mobile\"]/div[2]/a');\nI.retry({ retries: 10, minTimeout: 1000 }).see('Кофемашина');\nI.click('//*[@id=\"header-nav-mobile\"]/div[3]/a');\nI.retry({ retries: 10, minTimeout: 1000 }).see('Набор');\nI.click('//*[@id=\"header\"]/div/div[1]/em');\nI.click('//*[@id=\"nav\"]/ol/li[4]/a');\nI.retry({ retries: 10, minTimeout: 1000 }).see('ПОСТОЯНСТВО КАЧЕСТВА');\nI.click('//*[@id=\"nav\"]/ol/li[5]/a');\nI.retry({ retries: 10, minTimeout: 1000 }).see('Что Nespresso может сделать для Вас?');\nI.click('//*[@id=\"header\"]/div/div[1]/em');\nI.click('//*[@id=\"nav\"]/ol/li[6]/a');\nI.retry({ retries: 10, minTimeout: 1000 }).see('Бутик');\nI.amOnPage('https://www.nespresso.com/ru/ru/');\nI.retry({ retries: 10, minTimeout: 1000 }).click('//*[@id=\"header\"]/div/div[1]/em');\nI.retry({ retries: 10, minTimeout: 1000 }).click('//*[@id=\"nav\"]/ol/li[7]/a');\nI.retry({ retries: 10, minTimeout: 1000 }).see('Исключительные');\nI.click('//*[@id=\"top\"]/body/div[2]/div/div[3]/div/div[1]/div/ul/ul/li[1]/a');\nI.retry({ retries: 10, minTimeout: 1000 }).click('//*[@id=\"top\"]/body/div[2]/div/div[3]/div/div[1]/div/ul/ul/li[2]/a');\nI.retry({ retries: 10, minTimeout: 1000 }).see('Свяжитесь');\nI.retry({ retries: 10, minTimeout: 1000 }).click('//*[@id=\"top\"]/body/div[2]/div/div[3]/div/div[1]/div/ul/ul/li[3]/a');\nI.retry({ retries: 10, minTimeout: 1000 }).see('Курьерская');\nI.retry({ retries: 10, minTimeout: 1000 }).click('//*[@id=\"top\"]/body/div[2]/div/div[3]/div/div[1]/div/ul/ul/li[4]/a');\nI.retry({ retries: 10, minTimeout: 1000 }).see('УСЛОВИЯ');\nI.retry({ retries: 10, minTimeout: 1000 }).click('//*[@id=\"top\"]/body/div[2]/div/div[3]/div/div[1]/div/ul/ul/li[5]/a');\nI.retry({ retries: 10, minTimeout: 1000 }).see('ПРАВИЛА');\nI.retry({ retries: 10, minTimeout: 1000 }).click('//*[@id=\"header\"]/div/div[3]/div/div[2]');\nI.retry({ retries: 10, minTimeout: 1000 }).see('Мой личный кабинет');\nI.retry({ retries: 10, minTimeout: 1000 }).click('//*[@id=\"header-account\"]/div/ul/li[1]/a');\nI.retry({ retries: 10, minTimeout: 1000 }).see('Войти или зарегистрироваться');\nI.retry({ retries: 10, minTimeout: 1000 }).click('//*[@id=\"header\"]/div/div[3]/div/div[2]');\nI.retry({ retries: 10, minTimeout: 1000 }).see('Мой личный кабинет');\nI.retry({ retries: 10, minTimeout: 1000 }).click('//*[@id=\"header-account\"]/div/ul/li[2]/a');\nI.retry({ retries: 10, minTimeout: 1000 }).see('Регистрация');\nI.retry({ retries: 10, minTimeout: 1000 }).click('//*[@id=\"header\"]/div/div[3]/div/div[1]');\nI.retry({ retries: 10, minTimeout: 1000 }).see('Добавленный');*/",
            "err": {},
            "isRoot": false,
            "uuid": "6e247041-cf9a-4fdd-b18e-b821d0acdde0",
            "isHook": false,
            "skipped": false
          }
        ],
        "suites": [],
        "passes": [
          "6e247041-cf9a-4fdd-b18e-b821d0acdde0"
        ],
        "failures": [],
        "pending": [],
        "skipped": [],
        "duration": 0,
        "root": false,
        "rootEmpty": false,
        "_timeout": 0
      },
      {
        "uuid": "a20803c3-aa4a-4374-894e-3b624df399f3",
        "title": "NN",
        "fullFile": "/Users/hamster/codecept/NN_login_test.js",
        "file": "/NN_login_test.js",
        "beforeHooks": [
          {
            "title": "\"before all\" hook: codeceptjs.beforeSuite",
            "fullTitle": "NN \"before all\" hook: codeceptjs.beforeSuite",
            "timedOut": false,
            "duration": 0,
            "pass": false,
            "fail": false,
            "pending": false,
            "code": "scenario.suiteSetup(suite)",
            "err": {},
            "isRoot": false,
            "uuid": "f39f1072-fb4f-4783-817f-bb79e16fef28",
            "isHook": true,
            "skipped": false
          },
          {
            "title": "\"before each\" hook: codeceptjs.before",
            "fullTitle": "NN \"before each\" hook: codeceptjs.before",
            "timedOut": false,
            "duration": 4107,
            "pass": false,
            "fail": false,
            "pending": false,
            "code": "scenario.setup(suite)",
            "err": {},
            "isRoot": false,
            "uuid": "755c5028-eb2c-43d4-92a5-2ada8b771eba",
            "isHook": true,
            "skipped": false
          }
        ],
        "afterHooks": [
          {
            "title": "\"after all\" hook: codeceptjs.afterSuite",
            "fullTitle": "NN \"after all\" hook: codeceptjs.afterSuite",
            "timedOut": false,
            "duration": 0,
            "pass": false,
            "fail": false,
            "pending": false,
            "code": "scenario.suiteTeardown(suite)",
            "err": {},
            "isRoot": false,
            "uuid": "a16fae0d-368c-4a72-ba69-4b3f4cc679fc",
            "isHook": true,
            "skipped": false
          },
          {
            "title": "\"after each\" hook: finalize codeceptjs",
            "fullTitle": "NN \"after each\" hook: finalize codeceptjs",
            "timedOut": false,
            "duration": 1070,
            "pass": false,
            "fail": false,
            "pending": false,
            "code": "scenario.teardown(suite)",
            "err": {},
            "isRoot": false,
            "uuid": "5aab1d48-ae80-4e91-9614-3e22a45d5513",
            "isHook": true,
            "skipped": false
          }
        ],
        "tests": [
          {
            "title": "test login DISABLED",
            "fullTitle": "NN: test login DISABLED",
            "timedOut": false,
            "duration": 0,
            "state": "passed",
            "speed": "fast",
            "pass": true,
            "fail": false,
            "pending": false,
            "code": "/*I.amOnPage('https://www.nespresso.com/ru/ru/customer/account/login/');\nI.retry({ retries: 10, minTimeout: 1000 }).see('Кофе-капсулы');\nI.retry({ retries: 10, minTimeout: 1000 }).click('//*[@id=\"send2\"]');\nI.retry({ retries: 10, minTimeout: 1000 }).see('Это обязательное поле');\nI.retry({ retries: 10, minTimeout: 1000 }).fillField('//*[@id=\"email\"]', 'tolik_kos@mail.ru')\nI.retry({ retries: 10, minTimeout: 1000 }).fillField('//*[@id=\"pass\"]', 'acid')\nI.retry({ retries: 10, minTimeout: 1000 }).click('//*[@id=\"send2\"]');\nI.retry({ retries: 10, minTimeout: 1000 }).see('Please enter 6 or more characters. Leading or trailing spaces will be ignored.');\nI.retry({ retries: 10, minTimeout: 1000 }).fillField('//*[@id=\"email\"]', 'tolik_kos@mail.ru')\nI.retry({ retries: 10, minTimeout: 1000 }).fillField('//*[@id=\"pass\"]', 'acid198')\nI.retry({ retries: 10, minTimeout: 1000 }).click('//*[@id=\"send2\"]');\nI.retry({ retries: 10, minTimeout: 1000 }).see('Введён некорректный логин или пароль.');\nI.retry({ retries: 10, minTimeout: 1000 }).fillField('//*[@id=\"email\"]', 'tolik_kos@mail.ru')\nI.retry({ retries: 10, minTimeout: 1000 }).fillField('//*[@id=\"pass\"]', 'acid1985')\nI.retry({ retries: 10, minTimeout: 1000 }).click('//*[@id=\"send2\"]');\nI.retry({ retries: 10, minTimeout: 1000 }).see('Панель управления');\n*/",
            "err": {},
            "isRoot": false,
            "uuid": "6ac90fa2-fbd0-4063-ab0f-141c0c6dc3cd",
            "isHook": false,
            "skipped": false
          }
        ],
        "suites": [],
        "passes": [
          "6ac90fa2-fbd0-4063-ab0f-141c0c6dc3cd"
        ],
        "failures": [],
        "pending": [],
        "skipped": [],
        "duration": 0,
        "root": false,
        "rootEmpty": false,
        "_timeout": 0
      },
      {
        "uuid": "8b2c6805-2fd3-4cdf-8b7e-48eea4c5a6a5",
        "title": "NN",
        "fullFile": "/Users/hamster/codecept/NN_order_test.js",
        "file": "/NN_order_test.js",
        "beforeHooks": [
          {
            "title": "\"before all\" hook: codeceptjs.beforeSuite",
            "fullTitle": "NN \"before all\" hook: codeceptjs.beforeSuite",
            "timedOut": false,
            "duration": 0,
            "pass": false,
            "fail": false,
            "pending": false,
            "code": "scenario.suiteSetup(suite)",
            "err": {},
            "isRoot": false,
            "uuid": "c1447427-3d11-4b31-8bd6-3b22cffe6f0e",
            "isHook": true,
            "skipped": false
          },
          {
            "title": "\"before each\" hook: codeceptjs.before",
            "fullTitle": "NN \"before each\" hook: codeceptjs.before",
            "timedOut": false,
            "duration": 4070,
            "pass": false,
            "fail": false,
            "pending": false,
            "code": "scenario.setup(suite)",
            "err": {},
            "isRoot": false,
            "uuid": "e774673a-ef43-4640-948c-fe5b59f133ac",
            "isHook": true,
            "skipped": false
          }
        ],
        "afterHooks": [
          {
            "title": "\"after all\" hook: codeceptjs.afterSuite",
            "fullTitle": "NN \"after all\" hook: codeceptjs.afterSuite",
            "timedOut": false,
            "duration": 0,
            "pass": false,
            "fail": false,
            "pending": false,
            "code": "scenario.suiteTeardown(suite)",
            "err": {},
            "isRoot": false,
            "uuid": "d7b8d9e7-e80b-4f13-b2d9-67141b2419a2",
            "isHook": true,
            "skipped": false
          },
          {
            "title": "\"after each\" hook: finalize codeceptjs",
            "fullTitle": "NN \"after each\" hook: finalize codeceptjs",
            "timedOut": false,
            "duration": 1046,
            "pass": false,
            "fail": false,
            "pending": false,
            "code": "scenario.teardown(suite)",
            "err": {},
            "isRoot": false,
            "uuid": "bebfe970-6ef7-4693-a93c-7fb122e0372c",
            "isHook": true,
            "skipped": false
          }
        ],
        "tests": [
          {
            "title": "test order DISABLED",
            "fullTitle": "NN: test order DISABLED",
            "timedOut": false,
            "duration": 1,
            "state": "passed",
            "speed": "fast",
            "pass": true,
            "fail": false,
            "pending": false,
            "code": "/*I.amOnPage('https://www.nespresso.com/ru/ru/');\nI.retry({ retries: 10, minTimeout: 1000 }).see('Кофе-капсулы');\nI.retry({ retries: 10, minTimeout: 1000 }).click('//*[@id=\"header-nav-mobile\"]/div[1]/a');\nI.retry({ retries: 10, minTimeout: 1000 }).see('Всего');\nI.retry({ retries: 10, minTimeout: 1000 }).click('//*[@id=\"add-to-cart-782\"]/div/div/button/i[2]');\nI.wait(1);\nI.retry({ retries: 10, minTimeout: 1000 }).click('//*[@id=\"add-to-cart-782\"]/div/div/div/div[1]/table/tbody/tr[2]/td[5]');\nI.wait(5);\nI.amOnPage('https://www.nespresso.com/ru/ru/checkout/cart/');\nI.retry({ retries: 10, minTimeout: 1000 }).fillField('//*[@id=\"shopping-cart-table\"]/tbody/tr[3]/td[4]/input', '1')\nI.retry({ retries: 10, minTimeout: 1000 }).click('//*[@id=\"shopping-cart-table\"]/tbody/tr[3]/td[4]/button');\nI.retry({ retries: 10, minTimeout: 1000 }).see('The minimum quantity allowed for purchase is 10.');\nI.retry({ retries: 10, minTimeout: 1000 }).fillField('//*[@id=\"shopping-cart-table\"]/tbody/tr[3]/td[4]/input', '99999')\nI.retry({ retries: 10, minTimeout: 1000 }).click('//*[@id=\"shopping-cart-table\"]/tbody/tr[3]/td[4]/button');\nI.retry({ retries: 10, minTimeout: 1000 }).see('The maximum quantity allowed for purchase is 1500.');\nI.retry({ retries: 10, minTimeout: 1000 }).see('Некоторые товары не могут быть заказаны в указанном количестве.');\nI.retry({ retries: 10, minTimeout: 1000 }).fillField('//*[@id=\"shopping-cart-table\"]/tbody/tr[3]/td[4]/input', '10')\nI.retry({ retries: 10, minTimeout: 1000 }).click('//*[@id=\"shopping-cart-table\"]/tbody/tr[3]/td[4]/button');\nI.wait(5);\nI.retry({ retries: 10, minTimeout: 1000 }).click('//*[@id=\"top\"]/body/div[2]/div/div[2]/div/div/div/div[2]/div/ul/li[2]/button');\nI.retry({ retries: 10, minTimeout: 1000 }).see('Количество капсул в заказе должно быть кратно 50');\nI.retry({ retries: 10, minTimeout: 1000 }).fillField('//*[@id=\"shopping-cart-table\"]/tbody/tr[3]/td[4]/input', '100')\nI.retry({ retries: 10, minTimeout: 1000 }).click('//*[@id=\"shopping-cart-table\"]/tbody/tr[3]/td[4]/button');\nI.retry({ retries: 10, minTimeout: 1000 }).click('//*[@id=\"top\"]/body/div[2]/div/div[2]/div/div/div/div[2]/div/ul/li[2]/button');\nI.retry({ retries: 10, minTimeout: 1000 }).click('//*[@id=\"top\"]/body/div[2]/div/div[2]/div/div/div/div[2]/div/ul/li[2]/button');\nI.retry({ retries: 10, minTimeout: 1000 }).see('Я НОВЫЙ КЛИЕНТ');\n*/",
            "err": {},
            "isRoot": false,
            "uuid": "9c6ae526-4b07-40b1-8e8c-5faf06cd4636",
            "isHook": false,
            "skipped": false
          }
        ],
        "suites": [],
        "passes": [
          "9c6ae526-4b07-40b1-8e8c-5faf06cd4636"
        ],
        "failures": [],
        "pending": [],
        "skipped": [],
        "duration": 1,
        "root": false,
        "rootEmpty": false,
        "_timeout": 0
      },
      {
        "uuid": "8424cc58-44b3-4213-a9d7-0d05506a69a5",
        "title": "REX",
        "fullFile": "/Users/hamster/codecept/REX_test.js",
        "file": "/REX_test.js",
        "beforeHooks": [
          {
            "title": "\"before all\" hook: codeceptjs.beforeSuite",
            "fullTitle": "REX \"before all\" hook: codeceptjs.beforeSuite",
            "timedOut": false,
            "duration": 0,
            "pass": false,
            "fail": false,
            "pending": false,
            "code": "scenario.suiteSetup(suite)",
            "err": {},
            "isRoot": false,
            "uuid": "ee9fdc5d-1989-42eb-b259-1aeff11a7a9a",
            "isHook": true,
            "skipped": false
          },
          {
            "title": "\"before each\" hook: codeceptjs.before",
            "fullTitle": "REX \"before each\" hook: codeceptjs.before",
            "timedOut": false,
            "duration": 4096,
            "pass": false,
            "fail": false,
            "pending": false,
            "code": "scenario.setup(suite)",
            "err": {},
            "isRoot": false,
            "uuid": "4b46af7d-dae9-44d1-88ff-d5a58e4f881d",
            "isHook": true,
            "skipped": false
          }
        ],
        "afterHooks": [
          {
            "title": "\"after all\" hook: codeceptjs.afterSuite",
            "fullTitle": "REX \"after all\" hook: codeceptjs.afterSuite",
            "timedOut": false,
            "duration": 0,
            "pass": false,
            "fail": false,
            "pending": false,
            "code": "scenario.suiteTeardown(suite)",
            "err": {},
            "isRoot": false,
            "uuid": "bb0ea83a-87b3-4b96-a163-cb1c4a9d8250",
            "isHook": true,
            "skipped": false
          },
          {
            "title": "\"after each\" hook: finalize codeceptjs",
            "fullTitle": "REX \"after each\" hook: finalize codeceptjs",
            "timedOut": false,
            "duration": 1034,
            "pass": false,
            "fail": false,
            "pending": false,
            "code": "scenario.teardown(suite)",
            "err": {},
            "isRoot": false,
            "uuid": "03a1aed6-3f96-406c-bd3f-88e3d2779b9a",
            "isHook": true,
            "skipped": false
          }
        ],
        "tests": [
          {
            "title": "test links",
            "fullTitle": "REX: test links",
            "timedOut": false,
            "duration": 77406,
            "state": "failed",
            "pass": false,
            "fail": true,
            "pending": false,
            "context": "\"test_links.failed.png\"",
            "code": "I.amOnPage('https://elektroskandia.ru');\nI.retry({ retries: 10, minTimeout: 1000 }).see('Каталог');\nI.retry({ retries: 10, minTimeout: 1000 }).click('//*[@id=\"tm\"]/ul/li[1]/a');\nI.retry({ retries: 10, minTimeout: 1000 }).see('КАТЕГОРИИ ТОВАРОВ');\nI.retry({ retries: 10, minTimeout: 1000 }).click('//*[@id=\"tm\"]/ul/li[2]/a');\nI.retry({ retries: 10, minTimeout: 1000 }).see('Компания ООО «Электроскандия Рус» предлагает Вам');\nI.retry({ retries: 10, minTimeout: 1000 }).click('//*[@id=\"tm\"]/ul/li[3]/a');\nI.retry({ retries: 10, minTimeout: 1000 }).see('ООО «Электроскандия Рус» придает особое значение');\nI.retry({ retries: 10, minTimeout: 1000 }).click('//*[@id=\"tm\"]/ul/li[4]/a');\nI.retry({ retries: 10, minTimeout: 1000 }).click('//*[@id=\"tm\"]/ul/li[5]/a');\nI.retry({ retries: 10, minTimeout: 1000 }).see('ГОЛОВНОЙ ОФИС в г. Санкт-Петербруге');\nI.retry({ retries: 10, minTimeout: 1000 }).click('//*[@id=\"tm\"]/ul/li[6]/a');\nI.retry({ retries: 10, minTimeout: 1000 }).see('Условия покупки');\nI.retry({ retries: 10, minTimeout: 1000 }).click('//*[@id=\"f_login\"]/div[1]/a[1]');\nI.retry({ retries: 10, minTimeout: 1000 }).see('E-Mail:');\nI.retry({ retries: 10, minTimeout: 1000 }).click('//*[@id=\"bm\"]/ul/li[1]/a');\nI.retry({ retries: 10, minTimeout: 1000 }).see('КАТЕГОРИИ ТОВАРОВ');\nI.retry({ retries: 10, minTimeout: 1000 }).click('//*[@id=\"bm\"]/ul/li[2]/a');\nI.retry({ retries: 10, minTimeout: 1000 }).see('Компания ООО «Электроскандия Рус» предлагает Вам');\nI.retry({ retries: 10, minTimeout: 1000 }).click('//*[@id=\"bm\"]/ul/li[3]/a');\nI.retry({ retries: 10, minTimeout: 1000 }).see('ООО «Электроскандия Рус» придает особое значение');\nI.retry({ retries: 10, minTimeout: 1000 }).click('//*[@id=\"bm\"]/ul/li[4]/a');\nI.retry({ retries: 10, minTimeout: 1000 }).click('//*[@id=\"bm\"]/ul/li[5]/a');\nI.retry({ retries: 10, minTimeout: 1000 }).see('ГОЛОВНОЙ ОФИС в г. Санкт-Петербруге');\nI.retry({ retries: 10, minTimeout: 1000 }).click('//*[@id=\"bm\"]/ul/li[6]/a');\nI.retry({ retries: 10, minTimeout: 1000 }).see('Условия покупки');",
            "err": {
              "message": "Error: expected web page to include \"Каталог\"",
              "estack": "expected web page to include \"Каталог\"\n\nScenario Steps:\n\n- I.see(\"Каталог\") at Object.obj.(anonymous function).obj.(anonymous function) [as see] (node_modules/codeceptjs/lib/actor.js:28:26)\n- I.amOnPage(\"https://elektroskandia.ru\") at Object.obj.(anonymous function).obj.(anonymous function) [as amOnPage] (node_modules/codeceptjs/lib/actor.js:28:26)\n\n",
              "diff": "- 504 Gateway Time-out\n- nginx\n+ Каталог\n"
            },
            "isRoot": false,
            "uuid": "3310a4f9-cb29-4498-8b83-dcf8f9d821c5",
            "isHook": false,
            "skipped": false
          },
          {
            "title": "test registration",
            "fullTitle": "REX: test registration",
            "timedOut": false,
            "duration": 77313,
            "state": "failed",
            "pass": false,
            "fail": true,
            "pending": false,
            "context": "\"test_registration.failed.png\"",
            "code": "I.amOnPage('https://elektroskandia.ru');\nI.retry({ retries: 10, minTimeout: 1000 }).click('//*[@id=\"f_login\"]/div[1]/a[1]');\nI.retry({ retries: 10, minTimeout: 1000 }).click('//*[@id=\"reg\"]/div/div[2]/input[1]');\nI.retry({ retries: 10, minTimeout: 1000 }).see('Не указаны все обязательные поля');\nI.retry({ retries: 10, minTimeout: 1000 }).see('Неверно указан код с картинки');",
            "err": {
              "message": "Error: Clickable element //*[@id=\"f_login\"]/div[1]/a[1] was not found by text|CSS|XPath",
              "estack": "Clickable element //*[@id=\"f_login\"]/div[1]/a[1] was not found by text|CSS|XPath\n\nScenario Steps:\n\n- I.click(\"//*[@id=\"f_login\"]/div[1]/a[1]\") at Object.obj.(anonymous function).obj.(anonymous function) [as click] (node_modules/codeceptjs/lib/actor.js:28:26)\n- I.amOnPage(\"https://elektroskandia.ru\") at Object.obj.(anonymous function).obj.(anonymous function) [as amOnPage] (node_modules/codeceptjs/lib/actor.js:28:26)\n\n"
            },
            "isRoot": false,
            "uuid": "a4746a5e-60ff-4187-bb58-20c0d8ea4b23",
            "isHook": false,
            "skipped": false
          },
          {
            "title": "test search",
            "fullTitle": "REX: test search",
            "timedOut": false,
            "duration": 24736,
            "state": "passed",
            "speed": "slow",
            "pass": true,
            "fail": false,
            "pending": false,
            "code": "I.amOnPage('https://elektroskandia.ru');\nI.retry({ retries: 10, minTimeout: 1000 }).fillField(\"input[id='name']\", \"втулка\");\nI.retry({ retries: 10, minTimeout: 1000 }).click('//*[@id=\"f_catfilter\"]/div/div[2]/a');\nI.retry({ retries: 10, minTimeout: 1000 }).see('Товаров в категории:');",
            "err": {},
            "isRoot": false,
            "uuid": "723fa817-2929-4d9f-a166-6e2c36403bea",
            "isHook": false,
            "skipped": false
          },
          {
            "title": "screenshots",
            "fullTitle": "REX: screenshots",
            "timedOut": false,
            "duration": 17617,
            "state": "passed",
            "speed": "slow",
            "pass": true,
            "fail": false,
            "pending": false,
            "context": "[\n  \"/Users/hamster/codecept/mochawesome-report/REX_main.png\",\n  \"/Users/hamster/codecept/mochawesome-report/REX_catalog.png\",\n  \"/Users/hamster/codecept/mochawesome-report/REX_o_kompanii.png\",\n  \"/Users/hamster/codecept/mochawesome-report/REX_postawschiki.png\",\n  \"/Users/hamster/codecept/mochawesome-report/REX_sertifikaty.png\",\n  \"/Users/hamster/codecept/mochawesome-report/REX_contacts.png\",\n  \"/Users/hamster/codecept/mochawesome-report/REX_registration.png\",\n  \"/Users/hamster/codecept/mochawesome-report/REX_remind.png\"\n]",
[...]
            "isHook": true,
            "skipped": false
          },
          {
            "title": "\"before each\" hook: codeceptjs.before",
            "fullTitle": "ST \"before each\" hook: codeceptjs.before",
            "timedOut": false,
            "duration": 4121,
            "pass": false,
            "fail": false,
            "pending": false,
            "code": "scenario.setup(suite)",
            "err": {},
            "isRoot": false,
            "uuid": "a44d57eb-985a-4600-a45a-14e3309db8f1",
            "isHook": true,
            "skipped": false
          }
        ],
        "afterHooks": [
          {
            "title": "\"after all\" hook: codeceptjs.afterSuite",
            "fullTitle": "ST \"after all\" hook: codeceptjs.afterSuite",
            "timedOut": false,
            "duration": 0,
            "pass": false,
            "fail": false,
            "pending": false,
            "code": "scenario.suiteTeardown(suite)",
            "err": {},
            "isRoot": false,
            "uuid": "1e953917-3921-429e-a02c-6f60bce59d6d",
            "isHook": true,
            "skipped": false
          },
          {
            "title": "\"after each\" hook: finalize codeceptjs",
            "fullTitle": "ST \"after each\" hook: finalize codeceptjs",
            "timedOut": false,
            "duration": 1033,
            "pass": false,
            "fail": false,
            "pending": false,
            "code": "scenario.teardown(suite)",
            "err": {},
            "isRoot": false,
            "uuid": "34dd9cbb-6fbe-45fb-b927-0f905be8965a",
            "isHook": true,
            "skipped": false
          }
        ],
        "tests": [
          {
            "title": "test links",
            "fullTitle": "ST: test links",
            "timedOut": false,
            "duration": 42883,
            "state": "passed",
            "speed": "slow",
            "pass": true,
            "fail": false,
            "pending": false,
            "code": "I.amOnPage('https://freshub.ru');\nI.retry({ retries: 10, minTimeout: 1000 }).see('ЗВОНОК БЕСПЛАТНЫЙ');\nI.retry({ retries: 10, minTimeout: 1000 }).click('/html/body/div[1]/header/div[2]/div/div[2]/div/div');\nI.retry({ retries: 10, minTimeout: 1000 }).click('//*[@id=\"ma-mobilemenu\"]/li[1]/a/span');\nI.retry({ retries: 10, minTimeout: 1000 }).seeInSource('data-ui-id=\"page-title-wrapper\">УХОД ДЛЯ ТЕЛА');\nI.retry({ retries: 10, minTimeout: 1000 }).click('/html/body/div[1]/header/div[2]/div/div[2]/div/div');\nI.retry({ retries: 10, minTimeout: 1000 }).click('//*[@id=\"ma-mobilemenu\"]/li[2]/a/span');\nI.retry({ retries: 10, minTimeout: 1000 }).seeInSource('data-ui-id=\"page-title-wrapper\">УХОД ДЛЯ ЛИЦА');\nI.retry({ retries: 10, minTimeout: 1000 }).click('/html/body/div[1]/header/div[2]/div/div[2]/div/div');\nI.retry({ retries: 10, minTimeout: 1000 }).click('//*[@id=\"ma-mobilemenu\"]/li[3]/a/span');\nI.retry({ retries: 10, minTimeout: 1000 }).seeInSource('data-ui-id=\"page-title-wrapper\">УХОД ДЛЯ ВОЛОС');\nI.retry({ retries: 10, minTimeout: 1000 }).click('/html/body/div[1]/header/div[2]/div/div[2]/div/div');\nI.retry({ retries: 10, minTimeout: 1000 }).click('//*[@id=\"ma-mobilemenu\"]/li[4]/a/span');\nI.retry({ retries: 10, minTimeout: 1000 }).seeInSource('data-ui-id=\"page-title-wrapper\">ДЛЯ МУЖЧИН');\nI.retry({ retries: 10, minTimeout: 1000 }).click('/html/body/div[1]/header/div[2]/div/div[2]/div/div');\nI.retry({ retries: 10, minTimeout: 1000 }).click('//*[@id=\"ma-mobilemenu\"]/li[5]/a/span');\nI.retry({ retries: 10, minTimeout: 1000 }).seeInSource('data-ui-id=\"page-title-wrapper\">ДЛЯ ДОМА');\nI.retry({ retries: 10, minTimeout: 1000 }).click('/html/body/div[1]/header/div[2]/div/div[2]/div/div');\nI.retry({ retries: 10, minTimeout: 1000 }).click('//*[@id=\"ma-mobilemenu\"]/li[6]/a/span');\nI.retry({ retries: 10, minTimeout: 1000 }).seeInSource('data-ui-id=\"page-title-wrapper\">АРОМАТЕРАПИЯ');\nI.retry({ retries: 10, minTimeout: 1000 }).click('/html/body/div[1]/header/div[2]/div/div[2]/div/div');\nI.retry({ retries: 10, minTimeout: 1000 }).click('//*[@id=\"ma-mobilemenu\"]/li[7]/a/span');\nI.retry({ retries: 10, minTimeout: 1000 }).seeInSource('data-ui-id=\"page-title-wrapper\">ПОДАРКИ');\nI.retry({ retries: 10, minTimeout: 1000 }).click('/html/body/div[1]/header/div[2]/div/div[2]/div/div');\nI.retry({ retries: 10, minTimeout: 1000 }).click('/html/body/div[1]/header/div[3]/ul/li[2]');",
            "err": {},
            "isRoot": false,
            "uuid": "dc96dc2a-f9c0-4f9a-8bed-2d5860ec03cb",
            "isHook": false,
            "skipped": false
          },
          {
            "title": "test login",
            "fullTitle": "ST: test login",
            "timedOut": false,
            "duration": 13279,
            "state": "passed",
            "speed": "slow",
            "pass": true,
            "fail": false,
            "pending": false,
            "code": "I.amOnPage('https://freshub.ru');\nI.retry({ retries: 10, minTimeout: 1000 }).see('ЗВОНОК БЕСПЛАТНЫЙ');\nI.retry({ retries: 10, minTimeout: 1000 }).click('/html/body/div[1]/header/div[2]/div/div[2]/div/div');\nI.retry({ retries: 10, minTimeout: 1000 }).click('/html/body/div[1]/header/div[3]/ul/li[2]');\nI.retry({ retries: 10, minTimeout: 1000 }).click('/html/body/div[1]/header/div[3]/div[3]/ul/li[1]/a');\nI.retry({ retries: 10, minTimeout: 1000 }).see('Вход в систему');\nI.fillField(\"input[name='login[username]']\", \"tolik_kos@mail.ru\");\nI.fillField(\"input[name='login[password]']\", \"feq0ZYIc\");\nI.retry({ retries: 10, minTimeout: 1000 }).click('//*[@id=\"send2\"]');",
            "err": {},
            "isRoot": false,
            "uuid": "974edd1e-b79a-49d2-9c51-13d2fd0bd583",
            "isHook": false,
            "skipped": false
          },
          {
            "title": "test registration",
            "fullTitle": "ST: test registration",
            "timedOut": false,
            "duration": 15800,
            "state": "passed",
            "speed": "slow",
            "pass": true,
            "fail": false,
            "pending": false,
            "code": "I.amOnPage('https://freshub.ru');\nI.retry({ retries: 10, minTimeout: 1000 }).see('ЗВОНОК БЕСПЛАТНЫЙ');\nI.retry({ retries: 10, minTimeout: 1000 }).click('/html/body/div[1]/header/div[2]/div/div[2]/div/div');\nI.retry({ retries: 10, minTimeout: 1000 }).click('/html/body/div[1]/header/div[3]/ul/li[2]');\nI.retry({ retries: 10, minTimeout: 1000 }).click('/html/body/div[1]/header/div[3]/div[3]/ul/li[1]/a');\nI.retry({ retries: 10, minTimeout: 1000 }).see('Вход в систему');\nI.retry({ retries: 10, minTimeout: 1000 }).click('//*[@id=\"maincontent\"]/div[2]/div/div[4]/div[2]/div[2]/div/div/a');\nI.retry({ retries: 10, minTimeout: 1000 }).see('Создать новую учётную запись клиента');\nI.fillField(\"input[name='firstname']\", \"Тестовый\");\nI.fillField(\"input[name='lastname']\", \"Аккаунт\");\nI.fillField(\"input[name='email']\", \"tolik_kos@mail.ru\");\nI.fillField(\"input[name='password']\", \"feq0ZYIc\");\nI.fillField(\"input[name='password_confirmation']\", \"feq0ZYIc\");\nI.retry({ retries: 10, minTimeout: 1000 }).click('//*[@id=\"form-validate\"]/div/div[1]/button');",
            "err": {},
            "isRoot": false,
            "uuid": "40c5e972-5e3a-4361-abdc-c3655f089f7a",
            "isHook": false,
            "skipped": false
          },
          {
            "title": "test search",
            "fullTitle": "ST: test search",
            "timedOut": false,
            "duration": 11299,
            "state": "passed",
            "speed": "slow",
            "pass": true,
            "fail": false,
            "pending": false,
            "code": "I.amOnPage('https://freshub.ru');\nI.retry({ retries: 10, minTimeout: 1000 }).see('ЗВОНОК БЕСПЛАТНЫЙ');\nI.retry({ retries: 10, minTimeout: 1000 }).fillField(\"input[id='search']\", \"мыло\");\nI.retry({ retries: 10, minTimeout: 1000 }).click(\"//*[@id='search_mini_form']/div/div/button\");\nI.retry({ retries: 10, minTimeout: 1000 }).see(\"Результаты поиска для: 'мыло'\");",
            "err": {},
            "isRoot": false,
            "uuid": "a4f44633-11f9-425c-bc8c-2b3260085226",
            "isHook": false,
            "skipped": false
          },
          {
            "title": "screenshots",
            "fullTitle": "ST: screenshots",
            "timedOut": false,
            "duration": 30697,
            "state": "passed",
            "speed": "slow",
            "pass": true,
            "fail": false,
            "pending": false,
            "context": "[\n  \"/Users/hamster/codecept/mochawesome-report/ST_main.png\",\n  \"/Users/hamster/codecept/mochawesome-report/ST_login.png\",\n  \"/Users/hamster/codecept/mochawesome-report/ST_registration.png\",\n  \"/Users/hamster/codecept/mochawesome-report/ST_catalog.png\",\n  \"/Users/hamster/codecept/mochawesome-report/ST_customer-service.png\",\n  \"/Users/hamster/codecept/mochawesome-report/ST_vozvrat-tovara.png\",\n  \"/Users/hamster/codecept/mochawesome-report/ST_contact.png\",\n  \"/Users/hamster/codecept/mochawesome-report/ST_uslovija-prodazhi.png\",\n  \"/Users/hamster/codecept/mochawesome-report/ST_politika.png\",\n  \"/Users/hamster/codecept/mochawesome-report/ST_about.png\",\n  \"/Users/hamster/codecept/mochawesome-report/ST_franchising.png\",\n  \"/Users/hamster/codecept/mochawesome-report/ST_optovie-prodazi.png\"\n]",
            "code": "I.amOnPage('https://freshub.ru/');\nI.saveScreenshot('ST_main.png');\nI.addMochawesomeContext('/Users/hamster/codecept/mochawesome-report/ST_main.png');\nI.amOnPage('https://freshub.ru/customer/account/login/referer/');\nI.saveScreenshot('ST_login.png');\nI.addMochawesomeContext('/Users/hamster/codecept/mochawesome-report/ST_login.png');\nI.amOnPage('https://freshub.ru/customer/account/create/');\nI.saveScreenshot('ST_registration.png');\nI.addMochawesomeContext('/Users/hamster/codecept/mochawesome-report/ST_registration.png');\nI.amOnPage('https://freshub.ru/uhod-dlja-tela.html');\nI.saveScreenshot('ST_catalog.png');\nI.addMochawesomeContext('/Users/hamster/codecept/mochawesome-report/ST_catalog.png');\nI.amOnPage('https://freshub.ru/customer-service');\nI.saveScreenshot('ST_customer-service.png');\nI.addMochawesomeContext('/Users/hamster/codecept/mochawesome-report/ST_customer-service.png');\nI.amOnPage('https://freshub.ru/vozvrat-tovara');\nI.saveScreenshot('ST_vozvrat-tovara.png');\nI.addMochawesomeContext('/Users/hamster/codecept/mochawesome-report/ST_vozvrat-tovara.png');\nI.amOnPage('https://freshub.ru/contact/');\nI.saveScreenshot('ST_contact.png');\nI.addMochawesomeContext('/Users/hamster/codecept/mochawesome-report/ST_contact.png');\nI.amOnPage('https://freshub.ru/uslovija-prodazhi-tovarov');\nI.saveScreenshot('ST_uslovija-prodazhi.png');\nI.addMochawesomeContext('/Users/hamster/codecept/mochawesome-report/ST_uslovija-prodazhi.png');\nI.amOnPage('https://freshub.ru/politika-v-otnoshenii-obrabotki-personal-nyh-dannyh');\nI.saveScreenshot('ST_politika.png');\nI.addMochawesomeContext('/Users/hamster/codecept/mochawesome-report/ST_politika.png');\nI.amOnPage('https://freshub.ru/about-us');\nI.saveScreenshot('ST_about.png');\nI.addMochawesomeContext('/Users/hamster/codecept/mochawesome-report/ST_about.png');\nI.amOnPage('https://freshub.ru/contact/franchising/');\nI.saveScreenshot('ST_franchising.png');\nI.addMochawesomeContext('/Users/hamster/codecept/mochawesome-report/ST_franchising.png');\nI.amOnPage('https://freshub.ru/contact/franchising/optovie-prodazi/');\nI.saveScreenshot('ST_optovie-prodazi.png');\nI.addMochawesomeContext('/Users/hamster/codecept/mochawesome-report/ST_optovie-prodazi.png');",
            "err": {},
            "isRoot": false,
            "uuid": "bce73260-4c53-4308-acaf-5a94ccc8f02b",
            "isHook": false,
            "skipped": false
          }
        ],
        "suites": [],
        "passes": [
          "dc96dc2a-f9c0-4f9a-8bed-2d5860ec03cb",
          "974edd1e-b79a-49d2-9c51-13d2fd0bd583",
          "40c5e972-5e3a-4361-abdc-c3655f089f7a",
          "a4f44633-11f9-425c-bc8c-2b3260085226",
          "bce73260-4c53-4308-acaf-5a94ccc8f02b"
        ],
        "failures": [],
        "pending": [],
        "skipped": [],
        "duration": 113958,
        "root": false,
        "rootEmpty": false,
        "_timeout": 0
      },
      {
        "uuid": "da608185-ff29-4d83-b2ba-afe6dd747757",
        "title": "WF",
        "fullFile": "/Users/hamster/codecept/WF_test.js",
        "file": "/WF_test.js",
        "beforeHooks": [
          {
            "title": "\"before all\" hook: codeceptjs.beforeSuite",
            "fullTitle": "WF \"before all\" hook: codeceptjs.beforeSuite",
            "timedOut": false,
            "duration": 0,
            "pass": false,
            "fail": false,
            "pending": false,
            "code": "scenario.suiteSetup(suite)",
            "err": {},
            "isRoot": false,
            "uuid": "2895deb3-21df-4183-a3f1-428d1e7b0701",
            "isHook": true,
            "skipped": false
          },
          {
            "title": "\"before each\" hook: codeceptjs.before",
            "fullTitle": "WF \"before each\" hook: codeceptjs.before",
            "timedOut": false,
            "duration": 4698,
            "pass": false,
            "fail": false,
            "pending": false,
            "code": "scenario.setup(suite)",
            "err": {},
            "isRoot": false,
            "uuid": "47fb91ef-9d17-4bda-9956-3c3d96d2508a",
            "isHook": true,
            "skipped": false
          }
        ],
        "afterHooks": [
          {
            "title": "\"after all\" hook: codeceptjs.afterSuite",
            "fullTitle": "WF \"after all\" hook: codeceptjs.afterSuite",
            "timedOut": false,
            "duration": 0,
            "pass": false,
            "fail": false,
            "pending": false,
            "code": "scenario.suiteTeardown(suite)",
            "err": {},
            "isRoot": false,
            "uuid": "528d7810-7174-47e2-a083-63f01971c3de",
            "isHook": true,
            "skipped": false
          },
          {
            "title": "\"after each\" hook: finalize codeceptjs",
            "fullTitle": "WF \"after each\" hook: finalize codeceptjs",
            "timedOut": false,
            "duration": 1045,
            "pass": false,
            "fail": false,
            "pending": false,
            "code": "scenario.teardown(suite)",
            "err": {},
            "isRoot": false,
            "uuid": "4c787f56-4170-45f0-a747-c75297d6c632",
            "isHook": true,
            "skipped": false
          }
        ],
        "tests": [
          {
            "title": "test links",
            "fullTitle": "WF: test links",
            "timedOut": false,
            "duration": 13820,
            "state": "passed",
            "speed": "slow",
            "pass": true,
            "fail": false,
            "pending": false,
            "code": "I.amOnPage('https://ru.wileyfox.com/');\nI.retry({ retries: 10, minTimeout: 1000 }).see('ПАРТНЁРЫ');\nI.retry({ retries: 10, minTimeout: 1000 }).click('//*[@id=\"menu_mobile\"]');\nI.retry({ retries: 10, minTimeout: 1000 }).click('//*[@id=\"menu_sm\"]/li[2]/a');\nI.retry({ retries: 10, minTimeout: 1000 }).see('СЛУЖБА ПОДДЕРЖКИ');\nI.wait(1);\nI.retry({ retries: 10, minTimeout: 1000 }).click('//*[@id=\"menu_mobile\"]');\nI.wait(1);\nI.retry({ retries: 10, minTimeout: 1000 }).click('//*[@id=\"menu_sm\"]/li[3]/a');\nI.wait(1);\nI.retry({ retries: 10, minTimeout: 1000 }).see('ЧТО НАХОДИТСЯ');\nI.retry({ retries: 10, minTimeout: 1000 }).click('//*[@id=\"menu_mobile\"]');\nI.retry({ retries: 10, minTimeout: 1000 }).click('//*[@id=\"menu_sm\"]/li[4]/a');\nI.retry({ retries: 10, minTimeout: 1000 }).see('Задать вопрос в техподдержку');\nI.retry({ retries: 10, minTimeout: 1000 }).click('/html/body/div[5]/div/div[1]/div[2]/ul/li[1]/a');\nI.retry({ retries: 10, minTimeout: 1000 }).see('ОБСЛУЖИВАНИЕ');\nI.retry({ retries: 10, minTimeout: 1000 }).click('/html/body/div[5]/div/div[1]/div[2]/ul/li[2]/a');\nI.retry({ retries: 10, minTimeout: 1000 }).see('СЛУЖБА ПОДДЕРЖКИ');\nI.retry({ retries: 10, minTimeout: 1000 }).click('/html/body/div[5]/div/div[1]/div[3]/ul/li[1]/a');\nI.retry({ retries: 10, minTimeout: 1000 }).see('ЧТО НАХОДИТСЯ');\nI.retry({ retries: 10, minTimeout: 1000 }).click('/html/body/div[6]/div/div[1]/div[3]/ul/li[2]/a');\nI.retry({ retries: 10, minTimeout: 1000 }).see('КОНТАКТЫ');\nI.retry({ retries: 10, minTimeout: 1000 }).click('//*[@id=\"top-menu\"]/div[1]/div[3]/a/i');\nI.retry({ retries: 10, minTimeout: 1000 }).see('ОЧИСТИТЬ ВСЮ ТАБЛИЦУ');",
            "err": {},
            "isRoot": false,
            "uuid": "817e4a43-2fc1-4c4d-9312-50b65109d73b",
            "isHook": false,
            "skipped": false
          },
          {
            "title": "screenshots",
            "fullTitle": "WF: screenshots",
            "timedOut": false,
            "duration": 17856,
            "state": "passed",
            "speed": "slow",
            "pass": true,
            "fail": false,
            "pending": false,
            "context": "[\n  \"/Users/hamster/codecept/mochawesome-report/WF_main.png\",\n  \"/Users/hamster/codecept/mochawesome-report/WF_smartphones.png\",\n  \"/Users/hamster/codecept/mochawesome-report/WF_support.png\",\n  \"/Users/hamster/codecept/mochawesome-report/WF_about.png\",\n  \"/Users/hamster/codecept/mochawesome-report/WF_compare.png\",\n  \"/Users/hamster/codecept/mochawesome-report/WF_service.png\",\n  \"/Users/hamster/codecept/mochawesome-report/WF_contacts.png\",\n  \"/Users/hamster/codecept/mochawesome-report/WF_catalog.png\"\n]",
            "code": "I.amOnPage('https://ru.wileyfox.com/');\nI.saveScreenshot('WF_main.png');\nI.addMochawesomeContext('/Users/hamster/codecept/mochawesome-report/WF_main.png');\nI.amOnPage('https://ru.wileyfox.com/smartphones/');\nI.saveScreenshot('WF_smartphones.png');\nI.addMochawesomeContext('/Users/hamster/codecept/mochawesome-report/WF_smartphones.png');\nI.amOnPage('https://ru.wileyfox.com/support/');\nI.saveScreenshot('WF_support.png');\nI.addMochawesomeContext('/Users/hamster/codecept/mochawesome-report/WF_support.png');\nI.amOnPage('https://ru.wileyfox.com/about-us/');\nI.saveScreenshot('WF_about.png');\nI.addMochawesomeContext('/Users/hamster/codecept/mochawesome-report/WF_about.png');\nI.amOnPage('https://ru.wileyfox.com/compare/');\nI.saveScreenshot('WF_compare.png');\nI.addMochawesomeContext('/Users/hamster/codecept/mochawesome-report/WF_compare.png');\nI.amOnPage('https://ru.wileyfox.com/service-and-warranty/');\nI.saveScreenshot('WF_service.png');\nI.addMochawesomeContext('/Users/hamster/codecept/mochawesome-report/WF_service.png');\nI.amOnPage('https://ru.wileyfox.com/about-us/contacts/');\nI.saveScreenshot('WF_contacts.png');\nI.addMochawesomeContext('/Users/hamster/codecept/mochawesome-report/WF_contacts.png');\nI.amOnPage('https://ru.wileyfox.com/products/swift/');\nI.saveScreenshot('WF_catalog.png');\nI.addMochawesomeContext('/Users/hamster/codecept/mochawesome-report/WF_catalog.png');",
            "err": {},
            "isRoot": false,
            "uuid": "04267c38-4981-405e-b070-17439fbf9a5e",
            "isHook": false,
            "skipped": false
          }
        ],
        "suites": [],
        "passes": [
          "817e4a43-2fc1-4c4d-9312-50b65109d73b",
          "04267c38-4981-405e-b070-17439fbf9a5e"
        ],
        "failures": [],
        "pending": [],
        "skipped": [],
        "duration": 31676,
        "root": false,
        "rootEmpty": false,
        "_timeout": 0
      }
    ],
    "passes": [],
    "failures": [],
    "pending": [],
    "skipped": [],
    "duration": 0,
    "root": true,
    "rootEmpty": true,
    "_timeout": 0
  },
  "copyrightYear": 2018
}